#
# There is insufficient memory for the Java Runtime Environment to continue.
# Native memory allocation (mmap) failed to map 22347251712 bytes for G1 virtual space
# Possible reasons:
#   The system is out of physical RAM or swap space
# Possible solutions:
#   Reduce memory load on the system
#   Increase physical memory or swap space
#   Check if swap backing store is full
#   Decrease Java heap size (-Xmx/-Xms)
#   Decrease number of Java threads
#   Decrease Java thread stack sizes (-Xss)
#   Set larger code cache with -XX:ReservedCodeCacheSize=
# This output file may be truncated or incomplete.
#
#  Out of Memory Error (os_windows.cpp:3530), pid=4092, tid=15180
#
# JRE version: Java(TM) SE Runtime Environment (18.0.1.1+2) (build 18.0.1.1+2-6)
# Java VM: Java HotSpot(TM) 64-Bit Server VM (18.0.1.1+2-6, mixed mode, sharing, tiered, compressed class ptrs, g1 gc, windows-amd64)
# No core dump will be written. Minidumps are not enabled by default on client versions of Windows
#

---------------  S U M M A R Y ------------

Command Line: -Dmtsa.evaluation.enabled=true -Dotfduc.nondet.belief.repair=true -Xmx220G ltsa.updatingControllers.cli.SingleCompositionRunner --lts Experiment\20260617\models\Workflow_FG.lts --target UpdCont_FG --output Experiment\20260617\result\Workflow\Traditional\traditional_traditional_output.txt --transitions Experiment\20260617\result\Workflow\Traditional\traditional_traditional_transitions_UpdCont_FG.txt

Host: Intel(R) Xeon(R) W-2265 CPU @ 3.50GHz, 24 cores, 255G,  Windows 10 , 64 bit Build 19041 (10.0.19041.5915)
Time: Wed Jun 17 07:19:38 2026  Windows 10 , 64 bit Build 19041 (10.0.19041.5915) elapsed time: 5.372006 seconds (0d 0h 0m 5s)

---------------  T H R E A D  ---------------

Current thread (0x000001eb8b4c87a0):  VMThread "VM Thread" [stack: 0x0000007663400000,0x0000007663500000] [id=15180]

Stack: [0x0000007663400000,0x0000007663500000]
Native frames: (J=compiled Java code, j=interpreted, Vv=VM code, C=native code)
V  [jvm.dll+0x69887a]
V  [jvm.dll+0x7f38bd]
V  [jvm.dll+0x7f51ce]
V  [jvm.dll+0x7f5883]
V  [jvm.dll+0x25ca3f]
V  [jvm.dll+0x6957c9]
V  [jvm.dll+0x68a2fa]
V  [jvm.dll+0x321efb]
V  [jvm.dll+0x3298d6]
V  [jvm.dll+0x37e47e]
V  [jvm.dll+0x37e6af]
V  [jvm.dll+0x2f9c7a]
V  [jvm.dll+0x2f9d27]
V  [jvm.dll+0x33e262]
V  [jvm.dll+0x33c804]
V  [jvm.dll+0x2f9450]
V  [jvm.dll+0x33bddb]
V  [jvm.dll+0x7fa66b]
V  [jvm.dll+0x7fb404]
V  [jvm.dll+0x7fb93c]
V  [jvm.dll+0x7fbd94]
V  [jvm.dll+0x7fbe57]
V  [jvm.dll+0x7a03ea]
V  [jvm.dll+0x697725]
C  [ucrtbase.dll+0x21bb2]
C  [KERNEL32.DLL+0x17374]
C  [ntdll.dll+0x4cc91]

VM_Operation (0x0000007662efe570): G1CollectForAllocation, mode: safepoint, requested by thread 0x000001b277e89ac0


---------------  P R O C E S S  ---------------

Threads class SMR info:
_java_thread_list=0x000001eb932b8f20, length=21, elements={
0x000001b277e89ac0, 0x000001eb8e963510, 0x000001eb8e9653e0, 0x000001eb8e980340,
0x000001eb8e982c00, 0x000001eb8e983cd0, 0x000001eb8e984da0, 0x000001eb8e985ac0,
0x000001eb8e990920, 0x000001eb8e994ca0, 0x000001eb8eab1e70, 0x000001eb8eab8390,
0x000001eb8ead90c0, 0x000001eb8eade230, 0x000001eb8eb25a00, 0x000001eb93098290,
0x000001eb9309b440, 0x000001eb932bd2a0, 0x000001eb932b9d60, 0x000001eb93326ab0,
0x000001eb937fe140
}

Java Threads: ( => current thread )
  0x000001b277e89ac0 JavaThread "main" [_thread_blocked, id=14540, stack(0x0000007662e00000,0x0000007662f00000)]
  0x000001eb8e963510 JavaThread "Reference Handler" daemon [_thread_blocked, id=13560, stack(0x0000007663500000,0x0000007663600000)]
  0x000001eb8e9653e0 JavaThread "Finalizer" daemon [_thread_blocked, id=10328, stack(0x0000007663600000,0x0000007663700000)]
  0x000001eb8e980340 JavaThread "Signal Dispatcher" daemon [_thread_blocked, id=10232, stack(0x0000007663700000,0x0000007663800000)]
  0x000001eb8e982c00 JavaThread "Attach Listener" daemon [_thread_blocked, id=3624, stack(0x0000007663800000,0x0000007663900000)]
  0x000001eb8e983cd0 JavaThread "Service Thread" daemon [_thread_blocked, id=5728, stack(0x0000007663900000,0x0000007663a00000)]
  0x000001eb8e984da0 JavaThread "Monitor Deflation Thread" daemon [_thread_blocked, id=11560, stack(0x0000007663a00000,0x0000007663b00000)]
  0x000001eb8e985ac0 JavaThread "C2 CompilerThread0" daemon [_thread_blocked, id=17088, stack(0x0000007663b00000,0x0000007663c00000)]
  0x000001eb8e990920 JavaThread "C1 CompilerThread0" daemon [_thread_blocked, id=9300, stack(0x0000007663c00000,0x0000007663d00000)]
  0x000001eb8e994ca0 JavaThread "Sweeper thread" daemon [_thread_blocked, id=8892, stack(0x0000007663d00000,0x0000007663e00000)]
  0x000001eb8eab1e70 JavaThread "C1 CompilerThread1" daemon [_thread_blocked, id=15924, stack(0x0000007663e00000,0x0000007663f00000)]
  0x000001eb8eab8390 JavaThread "C1 CompilerThread2" daemon [_thread_blocked, id=17176, stack(0x0000007663f00000,0x0000007664000000)]
  0x000001eb8ead90c0 JavaThread "Notification Thread" daemon [_thread_blocked, id=15492, stack(0x0000007664000000,0x0000007664100000)]
  0x000001eb8eade230 JavaThread "Common-Cleaner" daemon [_thread_blocked, id=1492, stack(0x0000007664200000,0x0000007664300000)]
  0x000001eb8eb25a00 JavaThread "C2 CompilerThread1" daemon [_thread_blocked, id=5040, stack(0x0000007664300000,0x0000007664400000)]
  0x000001eb93098290 JavaThread "Java2D Disposer" daemon [_thread_blocked, id=6784, stack(0x0000007664500000,0x0000007664600000)]
  0x000001eb9309b440 JavaThread "AWT-Windows" daemon [_thread_in_native, id=4744, stack(0x0000007664700000,0x0000007664800000)]
  0x000001eb932bd2a0 JavaThread "C2 CompilerThread2" daemon [_thread_blocked, id=8980, stack(0x0000007664800000,0x0000007664900000)]
  0x000001eb932b9d60 JavaThread "C2 CompilerThread3" daemon [_thread_blocked, id=11076, stack(0x0000007664f00000,0x0000007665000000)]
  0x000001eb93326ab0 JavaThread "C2 CompilerThread4" daemon [_thread_blocked, id=4996, stack(0x0000007665000000,0x0000007665100000)]
  0x000001eb937fe140 JavaThread "C1 CompilerThread3" daemon [_thread_blocked, id=7928, stack(0x0000007665300000,0x0000007665400000)]

Other Threads:
=>0x000001eb8b4c87a0 VMThread "VM Thread" [stack: 0x0000007663400000,0x0000007663500000] [id=15180]
  0x000001eb8eadd9a0 WatcherThread "VM Periodic Task Thread" [stack: 0x0000007664100000,0x0000007664200000] [id=11624]
  0x000001b277f1d230 WorkerThread "GC Thread#0" [stack: 0x0000007662f00000,0x0000007663000000] [id=13640]
  0x000001eb8ec32c00 WorkerThread "GC Thread#1" [stack: 0x0000007664400000,0x0000007664500000] [id=11780]
  0x000001eb9312ef00 WorkerThread "GC Thread#2" [stack: 0x0000007664900000,0x0000007664a00000] [id=10660]
  0x000001eb93135150 WorkerThread "GC Thread#3" [stack: 0x0000007664a00000,0x0000007664b00000] [id=8024]
  0x000001eb931353f0 WorkerThread "GC Thread#4" [stack: 0x0000007664b00000,0x0000007664c00000] [id=6520]
  0x000001eb932bac20 WorkerThread "GC Thread#5" [stack: 0x0000007664c00000,0x0000007664d00000] [id=5976]
  0x000001eb932baec0 WorkerThread "GC Thread#6" [stack: 0x0000007664d00000,0x0000007664e00000] [id=8856]
  0x000001eb9312e970 WorkerThread "GC Thread#7" [stack: 0x0000007664e00000,0x0000007664f00000] [id=944]
  0x000001eb934d5110 WorkerThread "GC Thread#8" [stack: 0x0000007665400000,0x0000007665500000] [id=16520]
  0x000001eb97874a30 WorkerThread "GC Thread#9" [stack: 0x0000007665200000,0x0000007665300000] [id=8728]
  0x000001eb97873290 WorkerThread "GC Thread#10" [stack: 0x0000007665500000,0x0000007665600000] [id=13516]
  0x000001eb97874cd0 WorkerThread "GC Thread#11" [stack: 0x0000007666700000,0x0000007666800000] [id=5100]
  0x000001eb97872ff0 WorkerThread "GC Thread#12" [stack: 0x0000007666800000,0x0000007666900000] [id=15776]
  0x000001eb978744f0 WorkerThread "GC Thread#13" [stack: 0x0000007666900000,0x0000007666a00000] [id=9856]
  0x000001eb97874790 WorkerThread "GC Thread#14" [stack: 0x0000007666a00000,0x0000007666b00000] [id=4868]
  0x000001eb97873530 WorkerThread "GC Thread#15" [stack: 0x0000007666b00000,0x0000007666c00000] [id=9896]
  0x000001eb97874250 WorkerThread "GC Thread#16" [stack: 0x0000007666c00000,0x0000007666d00000] [id=7552]
  0x000001eb97873a70 WorkerThread "GC Thread#17" [stack: 0x0000007666d00000,0x0000007666e00000] [id=8912]
  0x000001eb8b43dc90 ConcurrentGCThread "G1 Main Marker" [stack: 0x0000007663000000,0x0000007663100000] [id=5280]
  0x000001eb8b43e590 WorkerThread "G1 Conc#0" [stack: 0x0000007663100000,0x0000007663200000] [id=14768]
  0x000001b277eab370 ConcurrentGCThread "G1 Refine#0" [stack: 0x0000007663200000,0x0000007663300000] [id=13292]
  0x000001b277eab0a0 ConcurrentGCThread "G1 Refine#1" [stack: 0x0000007665600000,0x0000007665700000] [id=9036]
  0x000001b277eac180 ConcurrentGCThread "G1 Refine#2" [stack: 0x0000007665700000,0x0000007665800000] [id=1644]
  0x000001b277eac450 ConcurrentGCThread "G1 Refine#3" [stack: 0x0000007665800000,0x0000007665900000] [id=14308]
  0x000001b277eaadd0 ConcurrentGCThread "G1 Refine#4" [stack: 0x0000007665900000,0x0000007665a00000] [id=5384]
  0x000001b277eab640 ConcurrentGCThread "G1 Refine#5" [stack: 0x0000007665a00000,0x0000007665b00000] [id=4388]
  0x000001b277eab910 ConcurrentGCThread "G1 Refine#6" [stack: 0x0000007665b00000,0x0000007665c00000] [id=4700]
  0x000001b277eac720 ConcurrentGCThread "G1 Refine#7" [stack: 0x0000007665c00000,0x0000007665d00000] [id=7816]
  0x000001eb962ceb10 ConcurrentGCThread "G1 Refine#8" [stack: 0x0000007665d00000,0x0000007665e00000] [id=2156]
  0x000001eb962cede0 ConcurrentGCThread "G1 Refine#9" [stack: 0x0000007665e00000,0x0000007665f00000] [id=10412]
  0x000001eb962cdd00 ConcurrentGCThread "G1 Refine#10" [stack: 0x0000007665f00000,0x0000007666000000] [id=4548]
  0x000001eb962cf0b0 ConcurrentGCThread "G1 Refine#11" [stack: 0x0000007666000000,0x0000007666100000] [id=1796]
  0x000001eb962cd760 ConcurrentGCThread "G1 Refine#12" [stack: 0x0000007666100000,0x0000007666200000] [id=13620]
  0x000001eb962cf380 ConcurrentGCThread "G1 Refine#13" [stack: 0x0000007666200000,0x0000007666300000] [id=10136]
  0x000001eb962cda30 ConcurrentGCThread "G1 Refine#14" [stack: 0x0000007666300000,0x0000007666400000] [id=2580]
  0x000001eb962cdfd0 ConcurrentGCThread "G1 Refine#15" [stack: 0x0000007666400000,0x0000007666500000] [id=14636]
  0x000001eb962ce840 ConcurrentGCThread "G1 Refine#16" [stack: 0x0000007666500000,0x0000007666600000] [id=12596]
  0x000001eb962d0730 ConcurrentGCThread "G1 Refine#17" [stack: 0x0000007666600000,0x0000007666700000] [id=9760]
  0x000001eb8b4e2c60 ConcurrentGCThread "G1 Service" [stack: 0x0000007663300000,0x0000007663400000] [id=15668]

Threads with active compile tasks:

VM state: at safepoint (normal execution)

VM Mutex/Monitor currently owned by a thread:  ([mutex/lock_event])
[0x000001b277e86c70] Threads_lock - owner thread: 0x000001eb8b4c87a0
[0x000001b277e862e0] Heap_lock - owner thread: 0x000001b277e89ac0

CDS archive(s) mapped at: [0x0000000800000000-0x0000000800ba0000-0x0000000800ba0000), size 12189696, SharedBaseAddress: 0x0000000800000000, ArchiveRelocationMode: 0.
Compressed class space mapped at: 0x0000000800c00000-0x0000000840c00000, reserved size: 1073741824
Narrow klass base: 0x0000000800000000, Narrow klass shift: 0, Narrow klass range: 0x100000000

GC Precious Log:
 CardTable entry size: 512
 Card Set container configuration: InlinePtr #cards 3 size 8 Array Of Cards #cards 256 size 528 Howl #buckets 8 coarsen threshold 58982 Howl Bitmap #cards 8192 size 1040 coarsen threshold 7372 Card regions per heap region 1 cards per card region 65536
 CPUs: 24 total, 24 available
 Memory: 255G
 Large Page Support: Disabled
 NUMA Support: Disabled
 Compressed Oops: Disabled
 Heap Region Size: 32M
 Heap Min Capacity: 32M
 Heap Initial Capacity: 2G
 Heap Max Capacity: 220G
 Pre-touch: Disabled
 Parallel Workers: 18
 Concurrent Workers: 5
 Concurrent Refinement Workers: 18
 Periodic GC: Disabled

Heap:
 garbage-first heap   total 10911744K, used 2131238K [0x000001b280000000, 0x000001e980000000)
  region size 32768K, 2 young (65536K), 2 survivors (65536K)
 Metaspace       used 7877K, committed 8128K, reserved 1114112K
  class space    used 713K, committed 832K, reserved 1048576K

Heap Regions: E=young(eden), S=young(survivor), O=old, HS=humongous(starts), HC=humongous(continues), CS=collection set, F=free, OA=open archive, CA=closed archive, TAMS=top-at-mark-start (previous, next)
|   0|0x000001b280000000, 0x000001b280ef10a0, 0x000001b282000000| 46%| O|  |TAMS 0x000001b280000000, 0x000001b280000000| Untracked 
|   1|0x000001b282000000, 0x000001b283cbf118, 0x000001b284000000| 89%| O|  |TAMS 0x000001b282000000, 0x000001b282000000| Untracked 
|   2|0x000001b284000000, 0x000001b286000000, 0x000001b286000000|100%| O|  |TAMS 0x000001b284000000, 0x000001b284000000| Untracked 
|   3|0x000001b286000000, 0x000001b288000000, 0x000001b288000000|100%| O|  |TAMS 0x000001b286000000, 0x000001b286000000| Untracked 
|   4|0x000001b288000000, 0x000001b28a000000, 0x000001b28a000000|100%| O|  |TAMS 0x000001b288000000, 0x000001b288000000| Untracked 
|   5|0x000001b28a000000, 0x000001b28c000000, 0x000001b28c000000|100%| O|  |TAMS 0x000001b28a000000, 0x000001b28a000000| Untracked 
|   6|0x000001b28c000000, 0x000001b28e000000, 0x000001b28e000000|100%| O|  |TAMS 0x000001b28c000000, 0x000001b28c000000| Untracked 
|   7|0x000001b28e000000, 0x000001b290000000, 0x000001b290000000|100%| O|  |TAMS 0x000001b28e000000, 0x000001b28e000000| Untracked 
|   8|0x000001b290000000, 0x000001b292000000, 0x000001b292000000|100%|HS|  |TAMS 0x000001b290000000, 0x000001b290000000| Complete 
|   9|0x000001b292000000, 0x000001b294000000, 0x000001b294000000|100%| O|  |TAMS 0x000001b292000000, 0x000001b292000000| Untracked 
|  10|0x000001b294000000, 0x000001b296000000, 0x000001b296000000|100%| O|  |TAMS 0x000001b294000000, 0x000001b294000000| Untracked 
|  11|0x000001b296000000, 0x000001b298000000, 0x000001b298000000|100%| O|  |TAMS 0x000001b296000000, 0x000001b296000000| Untracked 
|  12|0x000001b298000000, 0x000001b29a000000, 0x000001b29a000000|100%| O|  |TAMS 0x000001b298000000, 0x000001b298000000| Untracked 
|  13|0x000001b29a000000, 0x000001b29c000000, 0x000001b29c000000|100%| O|  |TAMS 0x000001b29a000000, 0x000001b29a000000| Untracked 
|  14|0x000001b29c000000, 0x000001b29e000000, 0x000001b29e000000|100%| O|  |TAMS 0x000001b29c000000, 0x000001b29c000000| Untracked 
|  15|0x000001b29e000000, 0x000001b2a0000000, 0x000001b2a0000000|100%| O|  |TAMS 0x000001b29e000000, 0x000001b29e000000| Untracked 
|  16|0x000001b2a0000000, 0x000001b2a2000000, 0x000001b2a2000000|100%| O|  |TAMS 0x000001b2a0000000, 0x000001b2a0000000| Untracked 
|  17|0x000001b2a2000000, 0x000001b2a4000000, 0x000001b2a4000000|100%|HS|  |TAMS 0x000001b2a2000000, 0x000001b2a2000000| Complete 
|  18|0x000001b2a4000000, 0x000001b2a6000000, 0x000001b2a6000000|100%|HC|  |TAMS 0x000001b2a4000000, 0x000001b2a4000000| Complete 
|  19|0x000001b2a6000000, 0x000001b2a8000000, 0x000001b2a8000000|100%| O|  |TAMS 0x000001b2a6000000, 0x000001b2a6000000| Untracked 
|  20|0x000001b2a8000000, 0x000001b2aa000000, 0x000001b2aa000000|100%| O|  |TAMS 0x000001b2a8000000, 0x000001b2a8000000| Untracked 
|  21|0x000001b2aa000000, 0x000001b2ac000000, 0x000001b2ac000000|100%| O|  |TAMS 0x000001b2aa000000, 0x000001b2aa000000| Untracked 
|  22|0x000001b2ac000000, 0x000001b2ae000000, 0x000001b2ae000000|100%| O|  |TAMS 0x000001b2ac000000, 0x000001b2ac000000| Untracked 
|  23|0x000001b2ae000000, 0x000001b2b0000000, 0x000001b2b0000000|100%| O|  |TAMS 0x000001b2ae000000, 0x000001b2ae000000| Untracked 
|  24|0x000001b2b0000000, 0x000001b2b2000000, 0x000001b2b2000000|100%| O|  |TAMS 0x000001b2b0000000, 0x000001b2b0000000| Untracked 
|  25|0x000001b2b2000000, 0x000001b2b4000000, 0x000001b2b4000000|100%| O|  |TAMS 0x000001b2b2000000, 0x000001b2b2000000| Untracked 
|  26|0x000001b2b4000000, 0x000001b2b6000000, 0x000001b2b6000000|100%| O|  |TAMS 0x000001b2b4000000, 0x000001b2b4000000| Untracked 
|  27|0x000001b2b6000000, 0x000001b2b8000000, 0x000001b2b8000000|100%|HS|  |TAMS 0x000001b2b6000000, 0x000001b2b6000000| Complete 
|  28|0x000001b2b8000000, 0x000001b2ba000000, 0x000001b2ba000000|100%|HC|  |TAMS 0x000001b2b8000000, 0x000001b2b8000000| Complete 
|  29|0x000001b2ba000000, 0x000001b2bc000000, 0x000001b2bc000000|100%|HC|  |TAMS 0x000001b2ba000000, 0x000001b2ba000000| Complete 
|  30|0x000001b2bc000000, 0x000001b2be000000, 0x000001b2be000000|100%| O|  |TAMS 0x000001b2bc000000, 0x000001b2bc000000| Untracked 
|  31|0x000001b2be000000, 0x000001b2c0000000, 0x000001b2c0000000|100%| O|  |TAMS 0x000001b2be000000, 0x000001b2be000000| Untracked 
|  32|0x000001b2c0000000, 0x000001b2c2000000, 0x000001b2c2000000|100%| O|  |TAMS 0x000001b2c0000000, 0x000001b2c0000000| Untracked 
|  33|0x000001b2c2000000, 0x000001b2c4000000, 0x000001b2c4000000|100%| O|  |TAMS 0x000001b2c2000000, 0x000001b2c2000000| Untracked 
|  34|0x000001b2c4000000, 0x000001b2c6000000, 0x000001b2c6000000|100%| O|  |TAMS 0x000001b2c4000000, 0x000001b2c4000000| Untracked 
|  35|0x000001b2c6000000, 0x000001b2c8000000, 0x000001b2c8000000|100%| O|  |TAMS 0x000001b2c6000000, 0x000001b2c6000000| Untracked 
|  36|0x000001b2c8000000, 0x000001b2ca000000, 0x000001b2ca000000|100%| O|  |TAMS 0x000001b2c8000000, 0x000001b2c8000000| Untracked 
|  37|0x000001b2ca000000, 0x000001b2cc000000, 0x000001b2cc000000|100%| O|  |TAMS 0x000001b2ca000000, 0x000001b2ca000000| Untracked 
|  38|0x000001b2cc000000, 0x000001b2ce000000, 0x000001b2ce000000|100%| O|  |TAMS 0x000001b2cc000000, 0x000001b2cc000000| Untracked 
|  39|0x000001b2ce000000, 0x000001b2d0000000, 0x000001b2d0000000|100%| O|  |TAMS 0x000001b2ce000000, 0x000001b2ce000000| Untracked 
|  40|0x000001b2d0000000, 0x000001b2d2000000, 0x000001b2d2000000|100%| O|  |TAMS 0x000001b2d0000000, 0x000001b2d0000000| Untracked 
|  41|0x000001b2d2000000, 0x000001b2d4000000, 0x000001b2d4000000|100%| O|  |TAMS 0x000001b2d2000000, 0x000001b2d2000000| Untracked 
|  42|0x000001b2d4000000, 0x000001b2d6000000, 0x000001b2d6000000|100%| O|  |TAMS 0x000001b2d4000000, 0x000001b2d4000000| Untracked 
|  43|0x000001b2d6000000, 0x000001b2d8000000, 0x000001b2d8000000|100%| O|  |TAMS 0x000001b2d6000000, 0x000001b2d6000000| Untracked 
|  44|0x000001b2d8000000, 0x000001b2da000000, 0x000001b2da000000|100%| O|  |TAMS 0x000001b2d8000000, 0x000001b2d8000000| Untracked 
|  45|0x000001b2da000000, 0x000001b2dc000000, 0x000001b2dc000000|100%| O|  |TAMS 0x000001b2da000000, 0x000001b2da000000| Untracked 
|  46|0x000001b2dc000000, 0x000001b2de000000, 0x000001b2de000000|100%| O|  |TAMS 0x000001b2dc000000, 0x000001b2dc000000| Untracked 
|  47|0x000001b2de000000, 0x000001b2e0000000, 0x000001b2e0000000|100%| O|  |TAMS 0x000001b2de000000, 0x000001b2de000000| Untracked 
|  48|0x000001b2e0000000, 0x000001b2e2000000, 0x000001b2e2000000|100%| O|  |TAMS 0x000001b2e0000000, 0x000001b2e0000000| Untracked 
|  49|0x000001b2e2000000, 0x000001b2e4000000, 0x000001b2e4000000|100%| O|  |TAMS 0x000001b2e2000000, 0x000001b2e2000000| Untracked 
|  50|0x000001b2e4000000, 0x000001b2e6000000, 0x000001b2e6000000|100%| O|  |TAMS 0x000001b2e4000000, 0x000001b2e4000000| Untracked 
|  51|0x000001b2e6000000, 0x000001b2e8000000, 0x000001b2e8000000|100%| O|  |TAMS 0x000001b2e6000000, 0x000001b2e6000000| Untracked 
|  52|0x000001b2e8000000, 0x000001b2ea000000, 0x000001b2ea000000|100%| O|  |TAMS 0x000001b2e8000000, 0x000001b2e8000000| Untracked 
|  53|0x000001b2ea000000, 0x000001b2ec000000, 0x000001b2ec000000|100%| O|  |TAMS 0x000001b2ea000000, 0x000001b2ea000000| Untracked 
|  54|0x000001b2ec000000, 0x000001b2ee000000, 0x000001b2ee000000|100%| O|  |TAMS 0x000001b2ec000000, 0x000001b2ec000000| Untracked 
|  55|0x000001b2ee000000, 0x000001b2f0000000, 0x000001b2f0000000|100%| O|  |TAMS 0x000001b2ee000000, 0x000001b2ee000000| Untracked 
|  56|0x000001b2f0000000, 0x000001b2f2000000, 0x000001b2f2000000|100%| O|  |TAMS 0x000001b2f0000000, 0x000001b2f0000000| Untracked 
|  57|0x000001b2f2000000, 0x000001b2f4000000, 0x000001b2f4000000|100%| O|  |TAMS 0x000001b2f2000000, 0x000001b2f2000000| Untracked 
|  58|0x000001b2f4000000, 0x000001b2f6000000, 0x000001b2f6000000|100%| O|  |TAMS 0x000001b2f4000000, 0x000001b2f4000000| Untracked 
|  59|0x000001b2f6000000, 0x000001b2f8000000, 0x000001b2f8000000|100%| O|  |TAMS 0x000001b2f6000000, 0x000001b2f6000000| Untracked 
|  60|0x000001b2f8000000, 0x000001b2fa000000, 0x000001b2fa000000|100%| O|  |TAMS 0x000001b2f8000000, 0x000001b2f8000000| Untracked 
|  61|0x000001b2fa000000, 0x000001b2fc000000, 0x000001b2fc000000|100%| O|  |TAMS 0x000001b2fa000000, 0x000001b2fa000000| Untracked 
|  62|0x000001b2fc000000, 0x000001b2fd599a00, 0x000001b2fe000000| 67%| O|  |TAMS 0x000001b2fc000000, 0x000001b2fc000000| Untracked 
|  63|0x000001b2fe000000, 0x000001b2fe000000, 0x000001b300000000|  0%| F|  |TAMS 0x000001b2fe000000, 0x000001b2fe000000| Untracked 
|  64|0x000001b300000000, 0x000001b300000000, 0x000001b302000000|  0%| F|  |TAMS 0x000001b300000000, 0x000001b300000000| Untracked 
|  65|0x000001b302000000, 0x000001b302000000, 0x000001b304000000|  0%| F|  |TAMS 0x000001b302000000, 0x000001b302000000| Untracked 
|  66|0x000001b304000000, 0x000001b304000000, 0x000001b306000000|  0%| F|  |TAMS 0x000001b304000000, 0x000001b304000000| Untracked 
|  67|0x000001b306000000, 0x000001b306000000, 0x000001b308000000|  0%| F|  |TAMS 0x000001b306000000, 0x000001b306000000| Untracked 
|  68|0x000001b308000000, 0x000001b308000000, 0x000001b30a000000|  0%| F|  |TAMS 0x000001b308000000, 0x000001b308000000| Untracked 
|  69|0x000001b30a000000, 0x000001b30a000000, 0x000001b30c000000|  0%| F|  |TAMS 0x000001b30a000000, 0x000001b30a000000| Untracked 
|  70|0x000001b30c000000, 0x000001b30c000000, 0x000001b30e000000|  0%| F|  |TAMS 0x000001b30c000000, 0x000001b30c000000| Untracked 
|  71|0x000001b30e000000, 0x000001b30e000000, 0x000001b310000000|  0%| F|  |TAMS 0x000001b30e000000, 0x000001b30e000000| Untracked 
|  72|0x000001b310000000, 0x000001b310000000, 0x000001b312000000|  0%| F|  |TAMS 0x000001b310000000, 0x000001b310000000| Untracked 
|  73|0x000001b312000000, 0x000001b312000000, 0x000001b314000000|  0%| F|  |TAMS 0x000001b312000000, 0x000001b312000000| Untracked 
|  74|0x000001b314000000, 0x000001b314000000, 0x000001b316000000|  0%| F|  |TAMS 0x000001b314000000, 0x000001b314000000| Untracked 
|  75|0x000001b316000000, 0x000001b316000000, 0x000001b318000000|  0%| F|  |TAMS 0x000001b316000000, 0x000001b316000000| Untracked 
|  76|0x000001b318000000, 0x000001b318000000, 0x000001b31a000000|  0%| F|  |TAMS 0x000001b318000000, 0x000001b318000000| Untracked 
|  77|0x000001b31a000000, 0x000001b31a000000, 0x000001b31c000000|  0%| F|  |TAMS 0x000001b31a000000, 0x000001b31a000000| Untracked 
|  78|0x000001b31c000000, 0x000001b31c000000, 0x000001b31e000000|  0%| F|  |TAMS 0x000001b31c000000, 0x000001b31c000000| Untracked 
|  79|0x000001b31e000000, 0x000001b31e000000, 0x000001b320000000|  0%| F|  |TAMS 0x000001b31e000000, 0x000001b31e000000| Untracked 
|  80|0x000001b320000000, 0x000001b320000000, 0x000001b322000000|  0%| F|  |TAMS 0x000001b320000000, 0x000001b320000000| Untracked 
|  81|0x000001b322000000, 0x000001b322000000, 0x000001b324000000|  0%| F|  |TAMS 0x000001b322000000, 0x000001b322000000| Untracked 
|  82|0x000001b324000000, 0x000001b324000000, 0x000001b326000000|  0%| F|  |TAMS 0x000001b324000000, 0x000001b324000000| Untracked 
|  83|0x000001b326000000, 0x000001b326000000, 0x000001b328000000|  0%| F|  |TAMS 0x000001b326000000, 0x000001b326000000| Untracked 
|  84|0x000001b328000000, 0x000001b328000000, 0x000001b32a000000|  0%| F|  |TAMS 0x000001b328000000, 0x000001b328000000| Untracked 
|  85|0x000001b32a000000, 0x000001b32a000000, 0x000001b32c000000|  0%| F|  |TAMS 0x000001b32a000000, 0x000001b32a000000| Untracked 
|  86|0x000001b32c000000, 0x000001b32c000000, 0x000001b32e000000|  0%| F|  |TAMS 0x000001b32c000000, 0x000001b32c000000| Untracked 
|  87|0x000001b32e000000, 0x000001b32e000000, 0x000001b330000000|  0%| F|  |TAMS 0x000001b32e000000, 0x000001b32e000000| Untracked 
|  88|0x000001b330000000, 0x000001b330000000, 0x000001b332000000|  0%| F|  |TAMS 0x000001b330000000, 0x000001b330000000| Untracked 
|  89|0x000001b332000000, 0x000001b332000000, 0x000001b334000000|  0%| F|  |TAMS 0x000001b332000000, 0x000001b332000000| Untracked 
|  90|0x000001b334000000, 0x000001b334000000, 0x000001b336000000|  0%| F|  |TAMS 0x000001b334000000, 0x000001b334000000| Untracked 
|  91|0x000001b336000000, 0x000001b336000000, 0x000001b338000000|  0%| F|  |TAMS 0x000001b336000000, 0x000001b336000000| Untracked 
|  92|0x000001b338000000, 0x000001b338000000, 0x000001b33a000000|  0%| F|  |TAMS 0x000001b338000000, 0x000001b338000000| Untracked 
|  93|0x000001b33a000000, 0x000001b33a000000, 0x000001b33c000000|  0%| F|  |TAMS 0x000001b33a000000, 0x000001b33a000000| Untracked 
|  94|0x000001b33c000000, 0x000001b33c000000, 0x000001b33e000000|  0%| F|  |TAMS 0x000001b33c000000, 0x000001b33c000000| Untracked 
|  95|0x000001b33e000000, 0x000001b33e000000, 0x000001b340000000|  0%| F|  |TAMS 0x000001b33e000000, 0x000001b33e000000| Untracked 
|  96|0x000001b340000000, 0x000001b340000000, 0x000001b342000000|  0%| F|  |TAMS 0x000001b340000000, 0x000001b340000000| Untracked 
|  97|0x000001b342000000, 0x000001b342000000, 0x000001b344000000|  0%| F|  |TAMS 0x000001b342000000, 0x000001b342000000| Untracked 
|  98|0x000001b344000000, 0x000001b344000000, 0x000001b346000000|  0%| F|  |TAMS 0x000001b344000000, 0x000001b344000000| Untracked 
|  99|0x000001b346000000, 0x000001b346000000, 0x000001b348000000|  0%| F|  |TAMS 0x000001b346000000, 0x000001b346000000| Untracked 
| 100|0x000001b348000000, 0x000001b348000000, 0x000001b34a000000|  0%| F|  |TAMS 0x000001b348000000, 0x000001b348000000| Untracked 
| 101|0x000001b34a000000, 0x000001b34a000000, 0x000001b34c000000|  0%| F|  |TAMS 0x000001b34a000000, 0x000001b34a000000| Untracked 
| 102|0x000001b34c000000, 0x000001b34c000000, 0x000001b34e000000|  0%| F|  |TAMS 0x000001b34c000000, 0x000001b34c000000| Untracked 
| 103|0x000001b34e000000, 0x000001b34e000000, 0x000001b350000000|  0%| F|  |TAMS 0x000001b34e000000, 0x000001b34e000000| Untracked 
| 104|0x000001b350000000, 0x000001b350000000, 0x000001b352000000|  0%| F|  |TAMS 0x000001b350000000, 0x000001b350000000| Untracked 
| 105|0x000001b352000000, 0x000001b352000000, 0x000001b354000000|  0%| F|  |TAMS 0x000001b352000000, 0x000001b352000000| Untracked 
| 106|0x000001b354000000, 0x000001b354000000, 0x000001b356000000|  0%| F|  |TAMS 0x000001b354000000, 0x000001b354000000| Untracked 
| 107|0x000001b356000000, 0x000001b356000000, 0x000001b358000000|  0%| F|  |TAMS 0x000001b356000000, 0x000001b356000000| Untracked 
| 108|0x000001b358000000, 0x000001b358000000, 0x000001b35a000000|  0%| F|  |TAMS 0x000001b358000000, 0x000001b358000000| Untracked 
| 109|0x000001b35a000000, 0x000001b35a000000, 0x000001b35c000000|  0%| F|  |TAMS 0x000001b35a000000, 0x000001b35a000000| Untracked 
| 110|0x000001b35c000000, 0x000001b35c000000, 0x000001b35e000000|  0%| F|  |TAMS 0x000001b35c000000, 0x000001b35c000000| Untracked 
| 111|0x000001b35e000000, 0x000001b35e000000, 0x000001b360000000|  0%| F|  |TAMS 0x000001b35e000000, 0x000001b35e000000| Untracked 
| 112|0x000001b360000000, 0x000001b360000000, 0x000001b362000000|  0%| F|  |TAMS 0x000001b360000000, 0x000001b360000000| Untracked 
| 113|0x000001b362000000, 0x000001b362000000, 0x000001b364000000|  0%| F|  |TAMS 0x000001b362000000, 0x000001b362000000| Untracked 
| 114|0x000001b364000000, 0x000001b364000000, 0x000001b366000000|  0%| F|  |TAMS 0x000001b364000000, 0x000001b364000000| Untracked 
| 115|0x000001b366000000, 0x000001b366000000, 0x000001b368000000|  0%| F|  |TAMS 0x000001b366000000, 0x000001b366000000| Untracked 
| 116|0x000001b368000000, 0x000001b368000000, 0x000001b36a000000|  0%| F|  |TAMS 0x000001b368000000, 0x000001b368000000| Untracked 
| 117|0x000001b36a000000, 0x000001b36a000000, 0x000001b36c000000|  0%| F|  |TAMS 0x000001b36a000000, 0x000001b36a000000| Untracked 
| 118|0x000001b36c000000, 0x000001b36c000000, 0x000001b36e000000|  0%| F|  |TAMS 0x000001b36c000000, 0x000001b36c000000| Untracked 
| 119|0x000001b36e000000, 0x000001b36e000000, 0x000001b370000000|  0%| F|  |TAMS 0x000001b36e000000, 0x000001b36e000000| Untracked 
| 120|0x000001b370000000, 0x000001b370000000, 0x000001b372000000|  0%| F|  |TAMS 0x000001b370000000, 0x000001b370000000| Untracked 
| 121|0x000001b372000000, 0x000001b372000000, 0x000001b374000000|  0%| F|  |TAMS 0x000001b372000000, 0x000001b372000000| Untracked 
| 122|0x000001b374000000, 0x000001b374000000, 0x000001b376000000|  0%| F|  |TAMS 0x000001b374000000, 0x000001b374000000| Untracked 
| 123|0x000001b376000000, 0x000001b376000000, 0x000001b378000000|  0%| F|  |TAMS 0x000001b376000000, 0x000001b376000000| Untracked 
| 124|0x000001b378000000, 0x000001b378000000, 0x000001b37a000000|  0%| F|  |TAMS 0x000001b378000000, 0x000001b378000000| Untracked 
| 125|0x000001b37a000000, 0x000001b37a000000, 0x000001b37c000000|  0%| F|  |TAMS 0x000001b37a000000, 0x000001b37a000000| Untracked 
| 126|0x000001b37c000000, 0x000001b37c000000, 0x000001b37e000000|  0%| F|  |TAMS 0x000001b37c000000, 0x000001b37c000000| Untracked 
| 127|0x000001b37e000000, 0x000001b37e000000, 0x000001b380000000|  0%| F|  |TAMS 0x000001b37e000000, 0x000001b37e000000| Untracked 
| 128|0x000001b380000000, 0x000001b380000000, 0x000001b382000000|  0%| F|  |TAMS 0x000001b380000000, 0x000001b380000000| Untracked 
| 129|0x000001b382000000, 0x000001b382000000, 0x000001b384000000|  0%| F|  |TAMS 0x000001b382000000, 0x000001b382000000| Untracked 
| 130|0x000001b384000000, 0x000001b384000000, 0x000001b386000000|  0%| F|  |TAMS 0x000001b384000000, 0x000001b384000000| Untracked 
| 131|0x000001b386000000, 0x000001b386000000, 0x000001b388000000|  0%| F|  |TAMS 0x000001b386000000, 0x000001b386000000| Untracked 
| 132|0x000001b388000000, 0x000001b388000000, 0x000001b38a000000|  0%| F|  |TAMS 0x000001b388000000, 0x000001b388000000| Untracked 
| 133|0x000001b38a000000, 0x000001b38a000000, 0x000001b38c000000|  0%| F|  |TAMS 0x000001b38a000000, 0x000001b38a000000| Untracked 
| 134|0x000001b38c000000, 0x000001b38c000000, 0x000001b38e000000|  0%| F|  |TAMS 0x000001b38c000000, 0x000001b38c000000| Untracked 
| 135|0x000001b38e000000, 0x000001b38e000000, 0x000001b390000000|  0%| F|  |TAMS 0x000001b38e000000, 0x000001b38e000000| Untracked 
| 136|0x000001b390000000, 0x000001b390000000, 0x000001b392000000|  0%| F|  |TAMS 0x000001b390000000, 0x000001b390000000| Untracked 
| 137|0x000001b392000000, 0x000001b392000000, 0x000001b394000000|  0%| F|  |TAMS 0x000001b392000000, 0x000001b392000000| Untracked 
| 138|0x000001b394000000, 0x000001b394000000, 0x000001b396000000|  0%| F|  |TAMS 0x000001b394000000, 0x000001b394000000| Untracked 
| 139|0x000001b396000000, 0x000001b396000000, 0x000001b398000000|  0%| F|  |TAMS 0x000001b396000000, 0x000001b396000000| Untracked 
| 140|0x000001b398000000, 0x000001b398000000, 0x000001b39a000000|  0%| F|  |TAMS 0x000001b398000000, 0x000001b398000000| Untracked 
| 141|0x000001b39a000000, 0x000001b39a000000, 0x000001b39c000000|  0%| F|  |TAMS 0x000001b39a000000, 0x000001b39a000000| Untracked 
| 142|0x000001b39c000000, 0x000001b39c000000, 0x000001b39e000000|  0%| F|  |TAMS 0x000001b39c000000, 0x000001b39c000000| Untracked 
| 143|0x000001b39e000000, 0x000001b39e000000, 0x000001b3a0000000|  0%| F|  |TAMS 0x000001b39e000000, 0x000001b39e000000| Untracked 
| 144|0x000001b3a0000000, 0x000001b3a0000000, 0x000001b3a2000000|  0%| F|  |TAMS 0x000001b3a0000000, 0x000001b3a0000000| Untracked 
| 145|0x000001b3a2000000, 0x000001b3a2000000, 0x000001b3a4000000|  0%| F|  |TAMS 0x000001b3a2000000, 0x000001b3a2000000| Untracked 
| 146|0x000001b3a4000000, 0x000001b3a4000000, 0x000001b3a6000000|  0%| F|  |TAMS 0x000001b3a4000000, 0x000001b3a4000000| Untracked 
| 147|0x000001b3a6000000, 0x000001b3a6000000, 0x000001b3a8000000|  0%| F|  |TAMS 0x000001b3a6000000, 0x000001b3a6000000| Untracked 
| 148|0x000001b3a8000000, 0x000001b3a8000000, 0x000001b3aa000000|  0%| F|  |TAMS 0x000001b3a8000000, 0x000001b3a8000000| Untracked 
| 149|0x000001b3aa000000, 0x000001b3aa000000, 0x000001b3ac000000|  0%| F|  |TAMS 0x000001b3aa000000, 0x000001b3aa000000| Untracked 
| 150|0x000001b3ac000000, 0x000001b3ac000000, 0x000001b3ae000000|  0%| F|  |TAMS 0x000001b3ac000000, 0x000001b3ac000000| Untracked 
| 151|0x000001b3ae000000, 0x000001b3ae000000, 0x000001b3b0000000|  0%| F|  |TAMS 0x000001b3ae000000, 0x000001b3ae000000| Untracked 
| 152|0x000001b3b0000000, 0x000001b3b0000000, 0x000001b3b2000000|  0%| F|  |TAMS 0x000001b3b0000000, 0x000001b3b0000000| Untracked 
| 153|0x000001b3b2000000, 0x000001b3b2000000, 0x000001b3b4000000|  0%| F|  |TAMS 0x000001b3b2000000, 0x000001b3b2000000| Untracked 
| 154|0x000001b3b4000000, 0x000001b3b4000000, 0x000001b3b6000000|  0%| F|  |TAMS 0x000001b3b4000000, 0x000001b3b4000000| Untracked 
| 155|0x000001b3b6000000, 0x000001b3b6000000, 0x000001b3b8000000|  0%| F|  |TAMS 0x000001b3b6000000, 0x000001b3b6000000| Untracked 
| 156|0x000001b3b8000000, 0x000001b3b8000000, 0x000001b3ba000000|  0%| F|  |TAMS 0x000001b3b8000000, 0x000001b3b8000000| Untracked 
| 157|0x000001b3ba000000, 0x000001b3ba000000, 0x000001b3bc000000|  0%| F|  |TAMS 0x000001b3ba000000, 0x000001b3ba000000| Untracked 
| 158|0x000001b3bc000000, 0x000001b3bc000000, 0x000001b3be000000|  0%| F|  |TAMS 0x000001b3bc000000, 0x000001b3bc000000| Untracked 
| 159|0x000001b3be000000, 0x000001b3be000000, 0x000001b3c0000000|  0%| F|  |TAMS 0x000001b3be000000, 0x000001b3be000000| Untracked 
| 160|0x000001b3c0000000, 0x000001b3c0000000, 0x000001b3c2000000|  0%| F|  |TAMS 0x000001b3c0000000, 0x000001b3c0000000| Untracked 
| 161|0x000001b3c2000000, 0x000001b3c2000000, 0x000001b3c4000000|  0%| F|  |TAMS 0x000001b3c2000000, 0x000001b3c2000000| Untracked 
| 162|0x000001b3c4000000, 0x000001b3c4000000, 0x000001b3c6000000|  0%| F|  |TAMS 0x000001b3c4000000, 0x000001b3c4000000| Untracked 
| 163|0x000001b3c6000000, 0x000001b3c6000000, 0x000001b3c8000000|  0%| F|  |TAMS 0x000001b3c6000000, 0x000001b3c6000000| Untracked 
| 164|0x000001b3c8000000, 0x000001b3c8000000, 0x000001b3ca000000|  0%| F|  |TAMS 0x000001b3c8000000, 0x000001b3c8000000| Untracked 
| 165|0x000001b3ca000000, 0x000001b3ca000000, 0x000001b3cc000000|  0%| F|  |TAMS 0x000001b3ca000000, 0x000001b3ca000000| Untracked 
| 166|0x000001b3cc000000, 0x000001b3cc000000, 0x000001b3ce000000|  0%| F|  |TAMS 0x000001b3cc000000, 0x000001b3cc000000| Untracked 
| 167|0x000001b3ce000000, 0x000001b3ce000000, 0x000001b3d0000000|  0%| F|  |TAMS 0x000001b3ce000000, 0x000001b3ce000000| Untracked 
| 168|0x000001b3d0000000, 0x000001b3d0000000, 0x000001b3d2000000|  0%| F|  |TAMS 0x000001b3d0000000, 0x000001b3d0000000| Untracked 
| 169|0x000001b3d2000000, 0x000001b3d2000000, 0x000001b3d4000000|  0%| F|  |TAMS 0x000001b3d2000000, 0x000001b3d2000000| Untracked 
| 170|0x000001b3d4000000, 0x000001b3d4000000, 0x000001b3d6000000|  0%| F|  |TAMS 0x000001b3d4000000, 0x000001b3d4000000| Untracked 
| 171|0x000001b3d6000000, 0x000001b3d6000000, 0x000001b3d8000000|  0%| F|  |TAMS 0x000001b3d6000000, 0x000001b3d6000000| Untracked 
| 172|0x000001b3d8000000, 0x000001b3d8000000, 0x000001b3da000000|  0%| F|  |TAMS 0x000001b3d8000000, 0x000001b3d8000000| Untracked 
| 173|0x000001b3da000000, 0x000001b3da000000, 0x000001b3dc000000|  0%| F|  |TAMS 0x000001b3da000000, 0x000001b3da000000| Untracked 
| 174|0x000001b3dc000000, 0x000001b3dc000000, 0x000001b3de000000|  0%| F|  |TAMS 0x000001b3dc000000, 0x000001b3dc000000| Untracked 
| 175|0x000001b3de000000, 0x000001b3de000000, 0x000001b3e0000000|  0%| F|  |TAMS 0x000001b3de000000, 0x000001b3de000000| Untracked 
| 176|0x000001b3e0000000, 0x000001b3e0000000, 0x000001b3e2000000|  0%| F|  |TAMS 0x000001b3e0000000, 0x000001b3e0000000| Untracked 
| 177|0x000001b3e2000000, 0x000001b3e2000000, 0x000001b3e4000000|  0%| F|  |TAMS 0x000001b3e2000000, 0x000001b3e2000000| Untracked 
| 178|0x000001b3e4000000, 0x000001b3e4000000, 0x000001b3e6000000|  0%| F|  |TAMS 0x000001b3e4000000, 0x000001b3e4000000| Untracked 
| 179|0x000001b3e6000000, 0x000001b3e6000000, 0x000001b3e8000000|  0%| F|  |TAMS 0x000001b3e6000000, 0x000001b3e6000000| Untracked 
| 180|0x000001b3e8000000, 0x000001b3e8000000, 0x000001b3ea000000|  0%| F|  |TAMS 0x000001b3e8000000, 0x000001b3e8000000| Untracked 
| 181|0x000001b3ea000000, 0x000001b3ea000000, 0x000001b3ec000000|  0%| F|  |TAMS 0x000001b3ea000000, 0x000001b3ea000000| Untracked 
| 182|0x000001b3ec000000, 0x000001b3ec000000, 0x000001b3ee000000|  0%| F|  |TAMS 0x000001b3ec000000, 0x000001b3ec000000| Untracked 
| 183|0x000001b3ee000000, 0x000001b3ee000000, 0x000001b3f0000000|  0%| F|  |TAMS 0x000001b3ee000000, 0x000001b3ee000000| Untracked 
| 184|0x000001b3f0000000, 0x000001b3f0000000, 0x000001b3f2000000|  0%| F|  |TAMS 0x000001b3f0000000, 0x000001b3f0000000| Untracked 
| 185|0x000001b3f2000000, 0x000001b3f2000000, 0x000001b3f4000000|  0%| F|  |TAMS 0x000001b3f2000000, 0x000001b3f2000000| Untracked 
| 186|0x000001b3f4000000, 0x000001b3f4000000, 0x000001b3f6000000|  0%| F|  |TAMS 0x000001b3f4000000, 0x000001b3f4000000| Untracked 
| 187|0x000001b3f6000000, 0x000001b3f6000000, 0x000001b3f8000000|  0%| F|  |TAMS 0x000001b3f6000000, 0x000001b3f6000000| Untracked 
| 188|0x000001b3f8000000, 0x000001b3f8000000, 0x000001b3fa000000|  0%| F|  |TAMS 0x000001b3f8000000, 0x000001b3f8000000| Untracked 
| 189|0x000001b3fa000000, 0x000001b3fa000000, 0x000001b3fc000000|  0%| F|  |TAMS 0x000001b3fa000000, 0x000001b3fa000000| Untracked 
| 190|0x000001b3fc000000, 0x000001b3fc000000, 0x000001b3fe000000|  0%| F|  |TAMS 0x000001b3fc000000, 0x000001b3fc000000| Untracked 
| 191|0x000001b3fe000000, 0x000001b3fe000000, 0x000001b400000000|  0%| F|  |TAMS 0x000001b3fe000000, 0x000001b3fe000000| Untracked 
| 192|0x000001b400000000, 0x000001b400000000, 0x000001b402000000|  0%| F|  |TAMS 0x000001b400000000, 0x000001b400000000| Untracked 
| 193|0x000001b402000000, 0x000001b402000000, 0x000001b404000000|  0%| F|  |TAMS 0x000001b402000000, 0x000001b402000000| Untracked 
| 194|0x000001b404000000, 0x000001b404000000, 0x000001b406000000|  0%| F|  |TAMS 0x000001b404000000, 0x000001b404000000| Untracked 
| 195|0x000001b406000000, 0x000001b406000000, 0x000001b408000000|  0%| F|  |TAMS 0x000001b406000000, 0x000001b406000000| Untracked 
| 196|0x000001b408000000, 0x000001b408000000, 0x000001b40a000000|  0%| F|  |TAMS 0x000001b408000000, 0x000001b408000000| Untracked 
| 197|0x000001b40a000000, 0x000001b40a000000, 0x000001b40c000000|  0%| F|  |TAMS 0x000001b40a000000, 0x000001b40a000000| Untracked 
| 198|0x000001b40c000000, 0x000001b40c000000, 0x000001b40e000000|  0%| F|  |TAMS 0x000001b40c000000, 0x000001b40c000000| Untracked 
| 199|0x000001b40e000000, 0x000001b40e000000, 0x000001b410000000|  0%| F|  |TAMS 0x000001b40e000000, 0x000001b40e000000| Untracked 
| 200|0x000001b410000000, 0x000001b410000000, 0x000001b412000000|  0%| F|  |TAMS 0x000001b410000000, 0x000001b410000000| Untracked 
| 201|0x000001b412000000, 0x000001b412000000, 0x000001b414000000|  0%| F|  |TAMS 0x000001b412000000, 0x000001b412000000| Untracked 
| 202|0x000001b414000000, 0x000001b414000000, 0x000001b416000000|  0%| F|  |TAMS 0x000001b414000000, 0x000001b414000000| Untracked 
| 203|0x000001b416000000, 0x000001b416000000, 0x000001b418000000|  0%| F|  |TAMS 0x000001b416000000, 0x000001b416000000| Untracked 
| 204|0x000001b418000000, 0x000001b418000000, 0x000001b41a000000|  0%| F|  |TAMS 0x000001b418000000, 0x000001b418000000| Untracked 
| 205|0x000001b41a000000, 0x000001b41a000000, 0x000001b41c000000|  0%| F|  |TAMS 0x000001b41a000000, 0x000001b41a000000| Untracked 
| 206|0x000001b41c000000, 0x000001b41c000000, 0x000001b41e000000|  0%| F|  |TAMS 0x000001b41c000000, 0x000001b41c000000| Untracked 
| 207|0x000001b41e000000, 0x000001b41e000000, 0x000001b420000000|  0%| F|  |TAMS 0x000001b41e000000, 0x000001b41e000000| Untracked 
| 208|0x000001b420000000, 0x000001b420000000, 0x000001b422000000|  0%| F|  |TAMS 0x000001b420000000, 0x000001b420000000| Untracked 
| 209|0x000001b422000000, 0x000001b422000000, 0x000001b424000000|  0%| F|  |TAMS 0x000001b422000000, 0x000001b422000000| Untracked 
| 210|0x000001b424000000, 0x000001b424000000, 0x000001b426000000|  0%| F|  |TAMS 0x000001b424000000, 0x000001b424000000| Untracked 
| 211|0x000001b426000000, 0x000001b426000000, 0x000001b428000000|  0%| F|  |TAMS 0x000001b426000000, 0x000001b426000000| Untracked 
| 212|0x000001b428000000, 0x000001b428000000, 0x000001b42a000000|  0%| F|  |TAMS 0x000001b428000000, 0x000001b428000000| Untracked 
| 213|0x000001b42a000000, 0x000001b42a000000, 0x000001b42c000000|  0%| F|  |TAMS 0x000001b42a000000, 0x000001b42a000000| Untracked 
| 214|0x000001b42c000000, 0x000001b42c000000, 0x000001b42e000000|  0%| F|  |TAMS 0x000001b42c000000, 0x000001b42c000000| Untracked 
| 215|0x000001b42e000000, 0x000001b42e000000, 0x000001b430000000|  0%| F|  |TAMS 0x000001b42e000000, 0x000001b42e000000| Untracked 
| 216|0x000001b430000000, 0x000001b430000000, 0x000001b432000000|  0%| F|  |TAMS 0x000001b430000000, 0x000001b430000000| Untracked 
| 217|0x000001b432000000, 0x000001b432000000, 0x000001b434000000|  0%| F|  |TAMS 0x000001b432000000, 0x000001b432000000| Untracked 
| 218|0x000001b434000000, 0x000001b434000000, 0x000001b436000000|  0%| F|  |TAMS 0x000001b434000000, 0x000001b434000000| Untracked 
| 219|0x000001b436000000, 0x000001b436000000, 0x000001b438000000|  0%| F|  |TAMS 0x000001b436000000, 0x000001b436000000| Untracked 
| 220|0x000001b438000000, 0x000001b438000000, 0x000001b43a000000|  0%| F|  |TAMS 0x000001b438000000, 0x000001b438000000| Untracked 
| 221|0x000001b43a000000, 0x000001b43a000000, 0x000001b43c000000|  0%| F|  |TAMS 0x000001b43a000000, 0x000001b43a000000| Untracked 
| 222|0x000001b43c000000, 0x000001b43c000000, 0x000001b43e000000|  0%| F|  |TAMS 0x000001b43c000000, 0x000001b43c000000| Untracked 
| 223|0x000001b43e000000, 0x000001b43e000000, 0x000001b440000000|  0%| F|  |TAMS 0x000001b43e000000, 0x000001b43e000000| Untracked 
| 224|0x000001b440000000, 0x000001b440000000, 0x000001b442000000|  0%| F|  |TAMS 0x000001b440000000, 0x000001b440000000| Untracked 
| 225|0x000001b442000000, 0x000001b442000000, 0x000001b444000000|  0%| F|  |TAMS 0x000001b442000000, 0x000001b442000000| Untracked 
| 226|0x000001b444000000, 0x000001b444000000, 0x000001b446000000|  0%| F|  |TAMS 0x000001b444000000, 0x000001b444000000| Untracked 
| 227|0x000001b446000000, 0x000001b446000000, 0x000001b448000000|  0%| F|  |TAMS 0x000001b446000000, 0x000001b446000000| Untracked 
| 228|0x000001b448000000, 0x000001b448000000, 0x000001b44a000000|  0%| F|  |TAMS 0x000001b448000000, 0x000001b448000000| Untracked 
| 229|0x000001b44a000000, 0x000001b44a000000, 0x000001b44c000000|  0%| F|  |TAMS 0x000001b44a000000, 0x000001b44a000000| Untracked 
| 230|0x000001b44c000000, 0x000001b44c000000, 0x000001b44e000000|  0%| F|  |TAMS 0x000001b44c000000, 0x000001b44c000000| Untracked 
| 231|0x000001b44e000000, 0x000001b44e000000, 0x000001b450000000|  0%| F|  |TAMS 0x000001b44e000000, 0x000001b44e000000| Untracked 
| 232|0x000001b450000000, 0x000001b450000000, 0x000001b452000000|  0%| F|  |TAMS 0x000001b450000000, 0x000001b450000000| Untracked 
| 233|0x000001b452000000, 0x000001b452000000, 0x000001b454000000|  0%| F|  |TAMS 0x000001b452000000, 0x000001b452000000| Untracked 
| 234|0x000001b454000000, 0x000001b454000000, 0x000001b456000000|  0%| F|  |TAMS 0x000001b454000000, 0x000001b454000000| Untracked 
| 235|0x000001b456000000, 0x000001b456000000, 0x000001b458000000|  0%| F|  |TAMS 0x000001b456000000, 0x000001b456000000| Untracked 
| 236|0x000001b458000000, 0x000001b458000000, 0x000001b45a000000|  0%| F|  |TAMS 0x000001b458000000, 0x000001b458000000| Untracked 
| 237|0x000001b45a000000, 0x000001b45a000000, 0x000001b45c000000|  0%| F|  |TAMS 0x000001b45a000000, 0x000001b45a000000| Untracked 
| 238|0x000001b45c000000, 0x000001b45c000000, 0x000001b45e000000|  0%| F|  |TAMS 0x000001b45c000000, 0x000001b45c000000| Untracked 
| 239|0x000001b45e000000, 0x000001b45e000000, 0x000001b460000000|  0%| F|  |TAMS 0x000001b45e000000, 0x000001b45e000000| Untracked 
| 240|0x000001b460000000, 0x000001b460000000, 0x000001b462000000|  0%| F|  |TAMS 0x000001b460000000, 0x000001b460000000| Untracked 
| 241|0x000001b462000000, 0x000001b462000000, 0x000001b464000000|  0%| F|  |TAMS 0x000001b462000000, 0x000001b462000000| Untracked 
| 242|0x000001b464000000, 0x000001b464000000, 0x000001b466000000|  0%| F|  |TAMS 0x000001b464000000, 0x000001b464000000| Untracked 
| 243|0x000001b466000000, 0x000001b466000000, 0x000001b468000000|  0%| F|  |TAMS 0x000001b466000000, 0x000001b466000000| Untracked 
| 244|0x000001b468000000, 0x000001b468000000, 0x000001b46a000000|  0%| F|  |TAMS 0x000001b468000000, 0x000001b468000000| Untracked 
| 245|0x000001b46a000000, 0x000001b46a000000, 0x000001b46c000000|  0%| F|  |TAMS 0x000001b46a000000, 0x000001b46a000000| Untracked 
| 246|0x000001b46c000000, 0x000001b46c000000, 0x000001b46e000000|  0%| F|  |TAMS 0x000001b46c000000, 0x000001b46c000000| Untracked 
| 247|0x000001b46e000000, 0x000001b46e000000, 0x000001b470000000|  0%| F|  |TAMS 0x000001b46e000000, 0x000001b46e000000| Untracked 
| 248|0x000001b470000000, 0x000001b470000000, 0x000001b472000000|  0%| F|  |TAMS 0x000001b470000000, 0x000001b470000000| Untracked 
| 249|0x000001b472000000, 0x000001b472000000, 0x000001b474000000|  0%| F|  |TAMS 0x000001b472000000, 0x000001b472000000| Untracked 
| 250|0x000001b474000000, 0x000001b474000000, 0x000001b476000000|  0%| F|  |TAMS 0x000001b474000000, 0x000001b474000000| Untracked 
| 251|0x000001b476000000, 0x000001b476000000, 0x000001b478000000|  0%| F|  |TAMS 0x000001b476000000, 0x000001b476000000| Untracked 
| 252|0x000001b478000000, 0x000001b478000000, 0x000001b47a000000|  0%| F|  |TAMS 0x000001b478000000, 0x000001b478000000| Untracked 
| 253|0x000001b47a000000, 0x000001b47a000000, 0x000001b47c000000|  0%| F|  |TAMS 0x000001b47a000000, 0x000001b47a000000| Untracked 
| 254|0x000001b47c000000, 0x000001b47c000000, 0x000001b47e000000|  0%| F|  |TAMS 0x000001b47c000000, 0x000001b47c000000| Untracked 
| 255|0x000001b47e000000, 0x000001b47e000000, 0x000001b480000000|  0%| F|  |TAMS 0x000001b47e000000, 0x000001b47e000000| Untracked 
| 256|0x000001b480000000, 0x000001b480000000, 0x000001b482000000|  0%| F|  |TAMS 0x000001b480000000, 0x000001b480000000| Untracked 
| 257|0x000001b482000000, 0x000001b482000000, 0x000001b484000000|  0%| F|  |TAMS 0x000001b482000000, 0x000001b482000000| Untracked 
| 258|0x000001b484000000, 0x000001b484000000, 0x000001b486000000|  0%| F|  |TAMS 0x000001b484000000, 0x000001b484000000| Untracked 
| 259|0x000001b486000000, 0x000001b486000000, 0x000001b488000000|  0%| F|  |TAMS 0x000001b486000000, 0x000001b486000000| Untracked 
| 260|0x000001b488000000, 0x000001b488000000, 0x000001b48a000000|  0%| F|  |TAMS 0x000001b488000000, 0x000001b488000000| Untracked 
| 261|0x000001b48a000000, 0x000001b48a000000, 0x000001b48c000000|  0%| F|  |TAMS 0x000001b48a000000, 0x000001b48a000000| Untracked 
| 262|0x000001b48c000000, 0x000001b48c000000, 0x000001b48e000000|  0%| F|  |TAMS 0x000001b48c000000, 0x000001b48c000000| Untracked 
| 263|0x000001b48e000000, 0x000001b48e000000, 0x000001b490000000|  0%| F|  |TAMS 0x000001b48e000000, 0x000001b48e000000| Untracked 
| 264|0x000001b490000000, 0x000001b490000000, 0x000001b492000000|  0%| F|  |TAMS 0x000001b490000000, 0x000001b490000000| Untracked 
| 265|0x000001b492000000, 0x000001b492000000, 0x000001b494000000|  0%| F|  |TAMS 0x000001b492000000, 0x000001b492000000| Untracked 
| 266|0x000001b494000000, 0x000001b494000000, 0x000001b496000000|  0%| F|  |TAMS 0x000001b494000000, 0x000001b494000000| Untracked 
| 267|0x000001b496000000, 0x000001b496000000, 0x000001b498000000|  0%| F|  |TAMS 0x000001b496000000, 0x000001b496000000| Untracked 
| 268|0x000001b498000000, 0x000001b498000000, 0x000001b49a000000|  0%| F|  |TAMS 0x000001b498000000, 0x000001b498000000| Untracked 
| 269|0x000001b49a000000, 0x000001b49a000000, 0x000001b49c000000|  0%| F|  |TAMS 0x000001b49a000000, 0x000001b49a000000| Untracked 
| 270|0x000001b49c000000, 0x000001b49c000000, 0x000001b49e000000|  0%| F|  |TAMS 0x000001b49c000000, 0x000001b49c000000| Untracked 
| 271|0x000001b49e000000, 0x000001b49e000000, 0x000001b4a0000000|  0%| F|  |TAMS 0x000001b49e000000, 0x000001b49e000000| Untracked 
| 272|0x000001b4a0000000, 0x000001b4a0000000, 0x000001b4a2000000|  0%| F|  |TAMS 0x000001b4a0000000, 0x000001b4a0000000| Untracked 
| 273|0x000001b4a2000000, 0x000001b4a2000000, 0x000001b4a4000000|  0%| F|  |TAMS 0x000001b4a2000000, 0x000001b4a2000000| Untracked 
| 274|0x000001b4a4000000, 0x000001b4a4000000, 0x000001b4a6000000|  0%| F|  |TAMS 0x000001b4a4000000, 0x000001b4a4000000| Untracked 
| 275|0x000001b4a6000000, 0x000001b4a6000000, 0x000001b4a8000000|  0%| F|  |TAMS 0x000001b4a6000000, 0x000001b4a6000000| Untracked 
| 276|0x000001b4a8000000, 0x000001b4a8000000, 0x000001b4aa000000|  0%| F|  |TAMS 0x000001b4a8000000, 0x000001b4a8000000| Untracked 
| 277|0x000001b4aa000000, 0x000001b4aa000000, 0x000001b4ac000000|  0%| F|  |TAMS 0x000001b4aa000000, 0x000001b4aa000000| Untracked 
| 278|0x000001b4ac000000, 0x000001b4ac000000, 0x000001b4ae000000|  0%| F|  |TAMS 0x000001b4ac000000, 0x000001b4ac000000| Untracked 
| 279|0x000001b4ae000000, 0x000001b4ae000000, 0x000001b4b0000000|  0%| F|  |TAMS 0x000001b4ae000000, 0x000001b4ae000000| Untracked 
| 280|0x000001b4b0000000, 0x000001b4b0000000, 0x000001b4b2000000|  0%| F|  |TAMS 0x000001b4b0000000, 0x000001b4b0000000| Untracked 
| 281|0x000001b4b2000000, 0x000001b4b2000000, 0x000001b4b4000000|  0%| F|  |TAMS 0x000001b4b2000000, 0x000001b4b2000000| Untracked 
| 282|0x000001b4b4000000, 0x000001b4b4000000, 0x000001b4b6000000|  0%| F|  |TAMS 0x000001b4b4000000, 0x000001b4b4000000| Untracked 
| 283|0x000001b4b6000000, 0x000001b4b6000000, 0x000001b4b8000000|  0%| F|  |TAMS 0x000001b4b6000000, 0x000001b4b6000000| Untracked 
| 284|0x000001b4b8000000, 0x000001b4b8000000, 0x000001b4ba000000|  0%| F|  |TAMS 0x000001b4b8000000, 0x000001b4b8000000| Untracked 
| 285|0x000001b4ba000000, 0x000001b4ba000000, 0x000001b4bc000000|  0%| F|  |TAMS 0x000001b4ba000000, 0x000001b4ba000000| Untracked 
| 286|0x000001b4bc000000, 0x000001b4bc000000, 0x000001b4be000000|  0%| F|  |TAMS 0x000001b4bc000000, 0x000001b4bc000000| Untracked 
| 287|0x000001b4be000000, 0x000001b4be000000, 0x000001b4c0000000|  0%| F|  |TAMS 0x000001b4be000000, 0x000001b4be000000| Untracked 
| 288|0x000001b4c0000000, 0x000001b4c0000000, 0x000001b4c2000000|  0%| F|  |TAMS 0x000001b4c0000000, 0x000001b4c0000000| Untracked 
| 289|0x000001b4c2000000, 0x000001b4c2000000, 0x000001b4c4000000|  0%| F|  |TAMS 0x000001b4c2000000, 0x000001b4c2000000| Untracked 
| 290|0x000001b4c4000000, 0x000001b4c4000000, 0x000001b4c6000000|  0%| F|  |TAMS 0x000001b4c4000000, 0x000001b4c4000000| Untracked 
| 291|0x000001b4c6000000, 0x000001b4c6000000, 0x000001b4c8000000|  0%| F|  |TAMS 0x000001b4c6000000, 0x000001b4c6000000| Untracked 
| 292|0x000001b4c8000000, 0x000001b4c8000000, 0x000001b4ca000000|  0%| F|  |TAMS 0x000001b4c8000000, 0x000001b4c8000000| Untracked 
| 293|0x000001b4ca000000, 0x000001b4ca000000, 0x000001b4cc000000|  0%| F|  |TAMS 0x000001b4ca000000, 0x000001b4ca000000| Untracked 
| 294|0x000001b4cc000000, 0x000001b4cc000000, 0x000001b4ce000000|  0%| F|  |TAMS 0x000001b4cc000000, 0x000001b4cc000000| Untracked 
| 295|0x000001b4ce000000, 0x000001b4ce000000, 0x000001b4d0000000|  0%| F|  |TAMS 0x000001b4ce000000, 0x000001b4ce000000| Untracked 
| 296|0x000001b4d0000000, 0x000001b4d0000000, 0x000001b4d2000000|  0%| F|  |TAMS 0x000001b4d0000000, 0x000001b4d0000000| Untracked 
| 297|0x000001b4d2000000, 0x000001b4d2000000, 0x000001b4d4000000|  0%| F|  |TAMS 0x000001b4d2000000, 0x000001b4d2000000| Untracked 
| 298|0x000001b4d4000000, 0x000001b4d4000000, 0x000001b4d6000000|  0%| F|  |TAMS 0x000001b4d4000000, 0x000001b4d4000000| Untracked 
| 299|0x000001b4d6000000, 0x000001b4d6000000, 0x000001b4d8000000|  0%| F|  |TAMS 0x000001b4d6000000, 0x000001b4d6000000| Untracked 
| 300|0x000001b4d8000000, 0x000001b4d8000000, 0x000001b4da000000|  0%| F|  |TAMS 0x000001b4d8000000, 0x000001b4d8000000| Untracked 
| 301|0x000001b4da000000, 0x000001b4da000000, 0x000001b4dc000000|  0%| F|  |TAMS 0x000001b4da000000, 0x000001b4da000000| Untracked 
| 302|0x000001b4dc000000, 0x000001b4dc000000, 0x000001b4de000000|  0%| F|  |TAMS 0x000001b4dc000000, 0x000001b4dc000000| Untracked 
| 303|0x000001b4de000000, 0x000001b4de000000, 0x000001b4e0000000|  0%| F|  |TAMS 0x000001b4de000000, 0x000001b4de000000| Untracked 
| 304|0x000001b4e0000000, 0x000001b4e0000000, 0x000001b4e2000000|  0%| F|  |TAMS 0x000001b4e0000000, 0x000001b4e0000000| Untracked 
| 305|0x000001b4e2000000, 0x000001b4e2000000, 0x000001b4e4000000|  0%| F|  |TAMS 0x000001b4e2000000, 0x000001b4e2000000| Untracked 
| 306|0x000001b4e4000000, 0x000001b4e4000000, 0x000001b4e6000000|  0%| F|  |TAMS 0x000001b4e4000000, 0x000001b4e4000000| Untracked 
| 307|0x000001b4e6000000, 0x000001b4e6000000, 0x000001b4e8000000|  0%| F|  |TAMS 0x000001b4e6000000, 0x000001b4e6000000| Untracked 
| 308|0x000001b4e8000000, 0x000001b4e8000000, 0x000001b4ea000000|  0%| F|  |TAMS 0x000001b4e8000000, 0x000001b4e8000000| Untracked 
| 309|0x000001b4ea000000, 0x000001b4ea000000, 0x000001b4ec000000|  0%| F|  |TAMS 0x000001b4ea000000, 0x000001b4ea000000| Untracked 
| 310|0x000001b4ec000000, 0x000001b4ec000000, 0x000001b4ee000000|  0%| F|  |TAMS 0x000001b4ec000000, 0x000001b4ec000000| Untracked 
| 311|0x000001b4ee000000, 0x000001b4ee000000, 0x000001b4f0000000|  0%| F|  |TAMS 0x000001b4ee000000, 0x000001b4ee000000| Untracked 
| 312|0x000001b4f0000000, 0x000001b4f0000000, 0x000001b4f2000000|  0%| F|  |TAMS 0x000001b4f0000000, 0x000001b4f0000000| Untracked 
| 313|0x000001b4f2000000, 0x000001b4f2000000, 0x000001b4f4000000|  0%| F|  |TAMS 0x000001b4f2000000, 0x000001b4f2000000| Untracked 
| 314|0x000001b4f4000000, 0x000001b4f6000000, 0x000001b4f6000000|100%| S|CS|TAMS 0x000001b4f4000000, 0x000001b4f4000000| Complete 
| 315|0x000001b4f6000000, 0x000001b4f6000000, 0x000001b4f8000000|  0%| F|  |TAMS 0x000001b4f6000000, 0x000001b4f6000000| Untracked 
| 316|0x000001b4f8000000, 0x000001b4f8000000, 0x000001b4fa000000|  0%| F|  |TAMS 0x000001b4f8000000, 0x000001b4f8000000| Untracked 
| 317|0x000001b4fa000000, 0x000001b4fc000000, 0x000001b4fc000000|100%| S|CS|TAMS 0x000001b4fa000000, 0x000001b4fa000000| Complete 
| 318|0x000001b4fc000000, 0x000001b4fc000000, 0x000001b4fe000000|  0%| F|  |TAMS 0x000001b4fc000000, 0x000001b4fc000000| Untracked 
| 319|0x000001b4fe000000, 0x000001b4fe000000, 0x000001b500000000|  0%| F|  |TAMS 0x000001b4fe000000, 0x000001b4fe000000| Untracked 
| 320|0x000001b500000000, 0x000001b500000000, 0x000001b502000000|  0%| F|  |TAMS 0x000001b500000000, 0x000001b500000000| Untracked 
| 321|0x000001b502000000, 0x000001b502000000, 0x000001b504000000|  0%| F|  |TAMS 0x000001b502000000, 0x000001b502000000| Untracked 
| 322|0x000001b504000000, 0x000001b504000000, 0x000001b506000000|  0%| F|  |TAMS 0x000001b504000000, 0x000001b504000000| Untracked 
| 323|0x000001b506000000, 0x000001b506000000, 0x000001b508000000|  0%| F|  |TAMS 0x000001b506000000, 0x000001b506000000| Untracked 
| 324|0x000001b508000000, 0x000001b508000000, 0x000001b50a000000|  0%| F|  |TAMS 0x000001b508000000, 0x000001b508000000| Untracked 
| 325|0x000001b50a000000, 0x000001b50a000000, 0x000001b50c000000|  0%| F|  |TAMS 0x000001b50a000000, 0x000001b50a000000| Untracked 
| 326|0x000001b50c000000, 0x000001b50c000000, 0x000001b50e000000|  0%| F|  |TAMS 0x000001b50c000000, 0x000001b50c000000| Untracked 
| 327|0x000001b50e000000, 0x000001b50e000000, 0x000001b510000000|  0%| F|  |TAMS 0x000001b50e000000, 0x000001b50e000000| Untracked 
| 328|0x000001b510000000, 0x000001b510000000, 0x000001b512000000|  0%| F|  |TAMS 0x000001b510000000, 0x000001b510000000| Untracked 
| 329|0x000001b512000000, 0x000001b512000000, 0x000001b514000000|  0%| F|  |TAMS 0x000001b512000000, 0x000001b512000000| Untracked 
| 330|0x000001b514000000, 0x000001b514000000, 0x000001b516000000|  0%| F|  |TAMS 0x000001b514000000, 0x000001b514000000| Untracked 
|7038|0x000001e97c000000, 0x000001e97c000000, 0x000001e97e000000|  0%| F|  |TAMS 0x000001e97c000000, 0x000001e97c000000| Untracked 
|7039|0x000001e97e000000, 0x000001e980000000, 0x000001e980000000|100%| O|  |TAMS 0x000001e980000000, 0x000001e97e000000| Untracked 

Card table byte_map: [0x000001e99bef0000,0x000001e9b76f0000] _byte_map_base: 0x000001e8c2af0000

Marking Bits (Prev, Next): (CMBitMap*) 0x000001b277f1d780, (CMBitMap*) 0x000001b277f1d740
 Prev Bits: [0x000001eaaeef0000, 0x000001eb8aef0000)
 Next Bits: [0x000001e9d2ef0000, 0x000001eaaeef0000)

Polling page: 0x000001b275a70000

Metaspace:

Usage:
  Non-class:      7.00 MB used.
      Class:    713.35 KB used.
       Both:      7.69 MB used.

Virtual space:
  Non-class space:       64.00 MB reserved,       7.12 MB ( 11%) committed,  1 nodes.
      Class space:        1.00 GB reserved,     832.00 KB ( <1%) committed,  1 nodes.
             Both:        1.06 GB reserved,       7.94 MB ( <1%) committed. 

Chunk freelists:
   Non-Class:  288.00 KB
       Class:  3.01 MB
        Both:  3.29 MB

MaxMetaspaceSize: unlimited
CompressedClassSpaceSize: 1.00 GB
Initial GC threshold: 21.00 MB
Current GC threshold: 21.00 MB
CDS: on
MetaspaceReclaimPolicy: balanced
 - commit_granule_bytes: 65536.
 - commit_granule_words: 8192.
 - virtual_space_node_default_size: 8388608.
 - enlarge_chunks_in_place: 1.
 - new_chunks_are_fully_committed: 0.
 - uncommit_free_chunks: 1.
 - use_allocation_guard: 0.


Internal statistics:

num_allocs_failed_limit: 0.
num_arena_births: 312.
num_arena_deaths: 0.
num_vsnodes_births: 2.
num_vsnodes_deaths: 0.
num_space_committed: 127.
num_space_uncommitted: 0.
num_chunks_returned_to_freelist: 0.
num_chunks_taken_from_freelist: 480.
num_chunk_merges: 0.
num_chunk_splits: 318.
num_chunks_enlarged: 195.
num_inconsistent_stats: 0.

CodeHeap 'non-profiled nmethods': size=119168Kb used=1108Kb max_used=1108Kb free=118059Kb
 bounds [0x000001b207ba0000, 0x000001b207e10000, 0x000001b20f000000]
CodeHeap 'profiled nmethods': size=119104Kb used=3458Kb max_used=3458Kb free=115645Kb
 bounds [0x000001b200750000, 0x000001b200ac0000, 0x000001b207ba0000]
CodeHeap 'non-nmethods': size=7488Kb used=2965Kb max_used=3137Kb free=4523Kb
 bounds [0x000001b200000000, 0x000001b200320000, 0x000001b200750000]
 total_blobs=2582 nmethods=2003 adapters=489
 compilation: enabled
              stopped_count=0, restarted_count=0
 full_count=0

Compilation events (20 events):
Event: 0.989 Thread 0x000001eb93326ab0 nmethod 1999 0x000001b207ca6610 code [0x000001b207ca67a0, 0x000001b207ca6c18]
Event: 0.989 Thread 0x000001eb8eb25a00 nmethod 2000 0x000001b207ca6e90 code [0x000001b207ca7020, 0x000001b207ca7118]
Event: 1.002 Thread 0x000001eb937e6c70 nmethod 1990 0x000001b207ca7210 code [0x000001b207ca7420, 0x000001b207ca8b98]
Event: 1.004 Thread 0x000001eb93326fb0 2001       4       java.util.ArrayList::grow (60 bytes)
Event: 1.005 Thread 0x000001eb8eb25a00 2002       4       ltsa.lts.DFSCompositionEngine::processNextState (162 bytes)
Event: 1.005 Thread 0x000001eb932bd2a0 2003       4       ltsa.lts.ModelExplorerContext::addStateToComponentStates (32 bytes)
Event: 1.006 Thread 0x000001eb93326fb0 nmethod 2001 0x000001b207ca9810 code [0x000001b207ca99a0, 0x000001b207caa018]
Event: 1.007 Thread 0x000001eb93326ab0 2004       4       ltsa.lts.DFSCompositionEngine::removeNextState (10 bytes)
Event: 1.007 Thread 0x000001eb932bd2a0 nmethod 2003 0x000001b207caa210 code [0x000001b207caa3a0, 0x000001b207caa7c8]
Event: 1.008 Thread 0x000001eb93326ab0 nmethod 2004 0x000001b207caaa10 code [0x000001b207caaba0, 0x000001b207caad58]
Event: 1.016 Thread 0x000001eb8e985ac0 nmethod 1994 0x000001b207caae90 code [0x000001b207cab0a0, 0x000001b207cacaa8]
Event: 1.075 Thread 0x000001eb8eb25a00 nmethod 2002 0x000001b207cadc90 code [0x000001b207cadf20, 0x000001b207cb0490]
Event: 1.215 Thread 0x000001eb937fe140 2005 %     3       ltsa.lts.Analyser::newState_compose @ 176 (355 bytes)
Event: 1.217 Thread 0x000001eb937fe140 nmethod 2005% 0x000001b200aaab90 code [0x000001b200aaafa0, 0x000001b200aacf88]
Event: 1.219 Thread 0x000001eb937fe140 2006       3       ltsa.lts.Analyser::newState_compose (355 bytes)
Event: 1.220 Thread 0x000001eb937fe140 nmethod 2006 0x000001b200aadc10 code [0x000001b200aae020, 0x000001b200aaff08]
Event: 1.283 Thread 0x000001eb932bd2a0 2007       4       ltsa.lts.MyHashStack::pop (38 bytes)
Event: 1.284 Thread 0x000001eb932bd2a0 nmethod 2007 0x000001b207cb1e10 code [0x000001b207cb1f80, 0x000001b207cb20f8]
Event: 1.400 Thread 0x000001eb93326ab0 2008 %     4       ltsa.lts.Analyser::newState_compose @ 176 (355 bytes)
Event: 1.451 Thread 0x000001eb93326ab0 nmethod 2008% 0x000001b207cb2190 code [0x000001b207cb2400, 0x000001b207cb3e90]

GC Heap History (20 events):
Event: 1.342 GC heap after
{Heap after GC invocations=23 (full 13):
 garbage-first heap   total 1212416K, used 242375K [0x000001b280000000, 0x000001e980000000)
  region size 32768K, 1 young (32768K), 1 survivors (32768K)
 Metaspace       used 7877K, committed 8128K, reserved 1114112K
  class space    used 713K, committed 832K, reserved 1048576K
}
Event: 1.412 GC heap before
{Heap before GC invocations=23 (full 13):
 garbage-first heap   total 1212416K, used 340679K [0x000001b280000000, 0x000001e980000000)
  region size 32768K, 4 young (131072K), 1 survivors (32768K)
 Metaspace       used 7877K, committed 8128K, reserved 1114112K
  class space    used 713K, committed 832K, reserved 1048576K
}
Event: 1.449 GC heap after
{Heap after GC invocations=24 (full 13):
 garbage-first heap   total 1212416K, used 300397K [0x000001b280000000, 0x000001e980000000)
  region size 32768K, 1 young (32768K), 1 survivors (32768K)
 Metaspace       used 7877K, committed 8128K, reserved 1114112K
  class space    used 713K, committed 832K, reserved 1048576K
}
Event: 1.592 GC heap before
{Heap before GC invocations=24 (full 13):
 garbage-first heap   total 1212416K, used 464237K [0x000001b280000000, 0x000001e980000000)
  region size 32768K, 5 young (163840K), 1 survivors (32768K)
 Metaspace       used 7877K, committed 8128K, reserved 1114112K
  class space    used 713K, committed 832K, reserved 1048576K
}
Event: 1.676 GC heap after
{Heap after GC invocations=25 (full 13):
 garbage-first heap   total 3637248K, used 409593K [0x000001b280000000, 0x000001e980000000)
  region size 32768K, 1 young (32768K), 1 survivors (32768K)
 Metaspace       used 7877K, committed 8128K, reserved 1114112K
  class space    used 713K, committed 832K, reserved 1048576K
}
Event: 1.800 GC heap before
{Heap before GC invocations=25 (full 13):
 garbage-first heap   total 3637248K, used 540665K [0x000001b280000000, 0x000001e980000000)
  region size 32768K, 5 young (163840K), 1 survivors (32768K)
 Metaspace       used 7877K, committed 8128K, reserved 1114112K
  class space    used 713K, committed 832K, reserved 1048576K
}
Event: 1.854 GC heap after
{Heap after GC invocations=26 (full 13):
 garbage-first heap   total 3637248K, used 486928K [0x000001b280000000, 0x000001e980000000)
  region size 32768K, 1 young (32768K), 1 survivors (32768K)
 Metaspace       used 7877K, committed 8128K, reserved 1114112K
  class space    used 713K, committed 832K, reserved 1048576K
}
Event: 1.973 GC heap before
{Heap before GC invocations=26 (full 13):
 garbage-first heap   total 3637248K, used 618000K [0x000001b280000000, 0x000001e980000000)
  region size 32768K, 6 young (196608K), 1 survivors (32768K)
 Metaspace       used 7877K, committed 8128K, reserved 1114112K
  class space    used 713K, committed 832K, reserved 1048576K
}
Event: 2.041 GC heap after
{Heap after GC invocations=27 (full 13):
 garbage-first heap   total 3637248K, used 586082K [0x000001b280000000, 0x000001e980000000)
  region size 32768K, 1 young (32768K), 1 survivors (32768K)
 Metaspace       used 7877K, committed 8128K, reserved 1114112K
  class space    used 713K, committed 832K, reserved 1048576K
}
Event: 2.275 GC heap before
{Heap before GC invocations=27 (full 13):
 garbage-first heap   total 3637248K, used 880994K [0x000001b280000000, 0x000001e980000000)
  region size 32768K, 8 young (262144K), 1 survivors (32768K)
 Metaspace       used 7877K, committed 8128K, reserved 1114112K
  class space    used 713K, committed 832K, reserved 1048576K
}
Event: 2.391 GC heap after
{Heap after GC invocations=28 (full 13):
 garbage-first heap   total 3637248K, used 785963K [0x000001b280000000, 0x000001e980000000)
  region size 32768K, 1 young (32768K), 1 survivors (32768K)
 Metaspace       used 7877K, committed 8128K, reserved 1114112K
  class space    used 713K, committed 832K, reserved 1048576K
}
Event: 2.571 GC heap before
{Heap before GC invocations=28 (full 13):
 garbage-first heap   total 3637248K, used 1015339K [0x000001b280000000, 0x000001e980000000)
  region size 32768K, 8 young (262144K), 1 survivors (32768K)
 Metaspace       used 7877K, committed 8128K, reserved 1114112K
  class space    used 713K, committed 832K, reserved 1048576K
}
Event: 2.706 GC heap after
{Heap after GC invocations=29 (full 13):
 garbage-first heap   total 10911744K, used 923581K [0x000001b280000000, 0x000001e980000000)
  region size 32768K, 1 young (32768K), 1 survivors (32768K)
 Metaspace       used 7877K, committed 8128K, reserved 1114112K
  class space    used 713K, committed 832K, reserved 1048576K
}
Event: 3.417 GC heap before
{Heap before GC invocations=29 (full 13):
 garbage-first heap   total 10911744K, used 1513405K [0x000001b280000000, 0x000001e980000000)
  region size 32768K, 16 young (524288K), 1 survivors (32768K)
 Metaspace       used 7877K, committed 8128K, reserved 1114112K
  class space    used 713K, committed 832K, reserved 1048576K
}
Event: 3.627 GC heap after
{Heap after GC invocations=30 (full 13):
 garbage-first heap   total 10911744K, used 1309086K [0x000001b280000000, 0x000001e980000000)
  region size 32768K, 2 young (65536K), 2 survivors (65536K)
 Metaspace       used 7877K, committed 8128K, reserved 1114112K
  class space    used 713K, committed 832K, reserved 1048576K
}
Event: 3.994 GC heap before
{Heap before GC invocations=30 (full 13):
 garbage-first heap   total 10911744K, used 1767838K [0x000001b280000000, 0x000001e980000000)
  region size 32768K, 16 young (524288K), 2 survivors (65536K)
 Metaspace       used 7877K, committed 8128K, reserved 1114112K
  class space    used 713K, committed 832K, reserved 1048576K
}
Event: 4.193 GC heap after
{Heap after GC invocations=31 (full 13):
 garbage-first heap   total 10911744K, used 1583977K [0x000001b280000000, 0x000001e980000000)
  region size 32768K, 2 young (65536K), 2 survivors (65536K)
 Metaspace       used 7877K, committed 8128K, reserved 1114112K
  class space    used 713K, committed 832K, reserved 1048576K
}
Event: 4.569 GC heap before
{Heap before GC invocations=31 (full 13):
 garbage-first heap   total 10911744K, used 2042729K [0x000001b280000000, 0x000001e980000000)
  region size 32768K, 16 young (524288K), 2 survivors (65536K)
 Metaspace       used 7877K, committed 8128K, reserved 1114112K
  class space    used 713K, committed 832K, reserved 1048576K
}
Event: 4.780 GC heap after
{Heap after GC invocations=32 (full 13):
 garbage-first heap   total 10911744K, used 1849643K [0x000001b280000000, 0x000001e980000000)
  region size 32768K, 2 young (65536K), 2 survivors (65536K)
 Metaspace       used 7877K, committed 8128K, reserved 1114112K
  class space    used 713K, committed 832K, reserved 1048576K
}
Event: 5.187 GC heap before
{Heap before GC invocations=32 (full 13):
 garbage-first heap   total 10911744K, used 2275627K [0x000001b280000000, 0x000001e980000000)
  region size 32768K, 16 young (524288K), 2 survivors (65536K)
 Metaspace       used 7877K, committed 8128K, reserved 1114112K
  class space    used 713K, committed 832K, reserved 1048576K
}

Deoptimization events (20 events):
Event: 1.000 Thread 0x000001b277e89ac0 DEOPT PACKING pc=0x000001b200907da4 sp=0x0000007662efe790
Event: 1.000 Thread 0x000001b277e89ac0 DEOPT UNPACKING pc=0x000001b200056763 sp=0x0000007662efdcf0 mode 0
Event: 1.001 Thread 0x000001b277e89ac0 DEOPT PACKING pc=0x000001b200907cb6 sp=0x0000007662efe790
Event: 1.001 Thread 0x000001b277e89ac0 DEOPT UNPACKING pc=0x000001b200056763 sp=0x0000007662efdcf0 mode 0
Event: 1.001 Thread 0x000001b277e89ac0 DEOPT PACKING pc=0x000001b200907cb6 sp=0x0000007662efe790
Event: 1.001 Thread 0x000001b277e89ac0 DEOPT UNPACKING pc=0x000001b200056763 sp=0x0000007662efdcf0 mode 0
Event: 1.001 Thread 0x000001b277e89ac0 DEOPT PACKING pc=0x000001b200907cb6 sp=0x0000007662efe790
Event: 1.001 Thread 0x000001b277e89ac0 DEOPT UNPACKING pc=0x000001b200056763 sp=0x0000007662efdcf0 mode 0
Event: 1.001 Thread 0x000001b277e89ac0 DEOPT PACKING pc=0x000001b200907da4 sp=0x0000007662efe790
Event: 1.001 Thread 0x000001b277e89ac0 DEOPT UNPACKING pc=0x000001b200056763 sp=0x0000007662efdcf0 mode 0
Event: 1.001 Thread 0x000001b277e89ac0 DEOPT PACKING pc=0x000001b200907cb6 sp=0x0000007662efe790
Event: 1.001 Thread 0x000001b277e89ac0 DEOPT UNPACKING pc=0x000001b200056763 sp=0x0000007662efdcf0 mode 0
Event: 1.002 Thread 0x000001b277e89ac0 DEOPT PACKING pc=0x000001b200907cb6 sp=0x0000007662efe790
Event: 1.002 Thread 0x000001b277e89ac0 DEOPT UNPACKING pc=0x000001b200056763 sp=0x0000007662efdcf0 mode 0
Event: 1.002 Thread 0x000001b277e89ac0 DEOPT PACKING pc=0x000001b200907da4 sp=0x0000007662efe790
Event: 1.002 Thread 0x000001b277e89ac0 DEOPT UNPACKING pc=0x000001b200056763 sp=0x0000007662efdcf0 mode 0
Event: 1.002 Thread 0x000001b277e89ac0 DEOPT PACKING pc=0x000001b200907cb6 sp=0x0000007662efe790
Event: 1.002 Thread 0x000001b277e89ac0 DEOPT UNPACKING pc=0x000001b200056763 sp=0x0000007662efdcf0 mode 0
Event: 1.470 Thread 0x000001b277e89ac0 DEOPT PACKING pc=0x000001b200aacd81 sp=0x0000007662efe8f0
Event: 1.470 Thread 0x000001b277e89ac0 DEOPT UNPACKING pc=0x000001b200056763 sp=0x0000007662efde30 mode 0

Classes loaded (20 events):
Event: 0.532 Loading class java/util/concurrent/ForkJoinPool$ManagedBlocker done
Event: 0.532 Loading class java/util/concurrent/Phaser$QNode done
Event: 0.536 Loading class jdk/internal/logger/LoggerFinderLoader
Event: 0.536 Loading class jdk/internal/logger/LoggerFinderLoader done
Event: 0.537 Loading class sun/util/logging/internal/LoggingProviderImpl$JULWrapper
Event: 0.537 Loading class sun/util/logging/internal/LoggingProviderImpl$JULWrapper done
Event: 0.586 Loading class java/util/LinkedHashMap$LinkedKeySet
Event: 0.586 Loading class java/util/LinkedHashMap$LinkedKeySet done
Event: 0.586 Loading class java/util/LinkedHashMap$LinkedKeyIterator
Event: 0.586 Loading class java/util/LinkedHashMap$LinkedKeyIterator done
Event: 0.587 Loading class java/lang/invoke/DirectMethodHandle$Special
Event: 0.588 Loading class java/lang/invoke/DirectMethodHandle$Special done
Event: 0.639 Loading class java/util/Vector$ListItr
Event: 0.639 Loading class java/util/Vector$ListItr done
Event: 0.833 Loading class java/util/regex/Pattern$BnM
Event: 0.833 Loading class java/util/regex/Pattern$BnM done
Event: 1.267 Loading class sun/awt/AppContext$PostShutdownEventRunnable
Event: 1.267 Loading class sun/awt/AppContext$PostShutdownEventRunnable done
Event: 1.267 Loading class sun/awt/AWTAutoShutdown$1
Event: 1.267 Loading class sun/awt/AWTAutoShutdown$1 done

Classes unloaded (0 events):
No events

Classes redefined (0 events):
No events

Internal exceptions (20 events):
Event: 0.533 Thread 0x000001eb93657cb0 Exception <a 'java/lang/InterruptedException'{0x000001b286660ab0}> (0x000001b286660ab0) 
thrown [s\open\src\hotspot\share\runtime\objectMonitor.cpp, line 1661]
Event: 0.533 Thread 0x000001eb936547c0 Exception <a 'java/lang/InterruptedException'{0x000001b2866b29a0}> (0x000001b2866b29a0) 
thrown [s\open\src\hotspot\share\runtime\objectMonitor.cpp, line 1661]
Event: 0.533 Thread 0x000001eb936564a0 Exception <a 'java/lang/InterruptedException'{0x000001b286704890}> (0x000001b286704890) 
thrown [s\open\src\hotspot\share\runtime\objectMonitor.cpp, line 1661]
Event: 0.533 Thread 0x000001eb9345bbb0 Exception <a 'java/lang/InterruptedException'{0x000001b286756780}> (0x000001b286756780) 
thrown [s\open\src\hotspot\share\runtime\objectMonitor.cpp, line 1661]
Event: 0.533 Thread 0x000001eb93652ae0 Exception <a 'java/lang/InterruptedException'{0x000001b2867a8670}> (0x000001b2867a8670) 
thrown [s\open\src\hotspot\share\runtime\objectMonitor.cpp, line 1661]
Event: 0.533 Thread 0x000001eb9345ad40 Exception <a 'java/lang/InterruptedException'{0x000001b2867fa560}> (0x000001b2867fa560) 
thrown [s\open\src\hotspot\share\runtime\objectMonitor.cpp, line 1661]
Event: 0.533 Thread 0x000001eb9345a870 Exception <a 'java/lang/InterruptedException'{0x000001b28684c450}> (0x000001b28684c450) 
thrown [s\open\src\hotspot\share\runtime\objectMonitor.cpp, line 1661]
Event: 0.533 Thread 0x000001eb9345b210 Exception <a 'java/lang/InterruptedException'{0x000001b28689e340}> (0x000001b28689e340) 
thrown [s\open\src\hotspot\share\runtime\objectMonitor.cpp, line 1661]
Event: 0.533 Thread 0x000001eb9345b6e0 Exception <a 'java/lang/InterruptedException'{0x000001b2868f0230}> (0x000001b2868f0230) 
thrown [s\open\src\hotspot\share\runtime\objectMonitor.cpp, line 1661]
Event: 0.533 Thread 0x000001eb9345c550 Exception <a 'java/lang/InterruptedException'{0x000001b286942120}> (0x000001b286942120) 
thrown [s\open\src\hotspot\share\runtime\objectMonitor.cpp, line 1661]
Event: 0.533 Thread 0x000001eb93459ed0 Exception <a 'java/lang/InterruptedException'{0x000001b286994010}> (0x000001b286994010) 
thrown [s\open\src\hotspot\share\runtime\objectMonitor.cpp, line 1661]
Event: 0.533 Thread 0x000001eb93459a00 Exception <a 'java/lang/InterruptedException'{0x000001b2869e5f00}> (0x000001b2869e5f00) 
thrown [s\open\src\hotspot\share\runtime\objectMonitor.cpp, line 1661]
Event: 0.533 Thread 0x000001eb93459530 Exception <a 'java/lang/InterruptedException'{0x000001b286a37df0}> (0x000001b286a37df0) 
thrown [s\open\src\hotspot\share\runtime\objectMonitor.cpp, line 1661]
Event: 0.533 Thread 0x000001eb9345ca20 Exception <a 'java/lang/InterruptedException'{0x000001b286a89ce0}> (0x000001b286a89ce0) 
thrown [s\open\src\hotspot\share\runtime\objectMonitor.cpp, line 1661]
Event: 0.533 Thread 0x000001eb93459060 Exception <a 'java/lang/InterruptedException'{0x000001b286adbbd0}> (0x000001b286adbbd0) 
thrown [s\open\src\hotspot\share\runtime\objectMonitor.cpp, line 1661]
Event: 0.533 Thread 0x000001eb9345c080 Exception <a 'java/lang/InterruptedException'{0x000001b286b2dac0}> (0x000001b286b2dac0) 
thrown [s\open\src\hotspot\share\runtime\objectMonitor.cpp, line 1661]
Event: 0.533 Thread 0x000001eb95056b50 Exception <a 'java/lang/InterruptedException'{0x000001b2864c72d8}> (0x000001b2864c72d8) 
thrown [s\open\src\hotspot\share\runtime\objectMonitor.cpp, line 1661]
Event: 0.631 Thread 0x000001b277e89ac0 Exception <a 'java/lang/NoSuchMethodError'{0x000001b286765978}: 'java.lang.Object java.lang.invoke.DirectMethodHandle$Holder.invokeSpecial(java.lang.Object, java.lang.Object, java.lang.Object, long, java.lang.Object)'> (0x000001b286765978) 
thrown [s\open\src\hotspot\share\interpreter\linkResolver.cpp, line 766]
Event: 0.631 Thread 0x000001b277e89ac0 Exception <a 'java/lang/NoSuchMethodError'{0x000001b28676a050}: 'java.lang.Object java.lang.invoke.Invokers$Holder.linkToTargetMethod(java.lang.Object, long, java.lang.Object, java.lang.Object)'> (0x000001b28676a050) 
thrown [s\open\src\hotspot\share\interpreter\linkResolver.cpp, line 766]
Event: 0.634 Thread 0x000001b277e89ac0 Exception <a 'java/lang/NoSuchMethodError'{0x000001b2867a4b70}: 'java.lang.Object java.lang.invoke.DirectMethodHandle$Holder.invokeSpecial(java.lang.Object, java.lang.Object, java.lang.Object, int, java.lang.Object)'> (0x000001b2867a4b70) 
thrown [s\open\src\hotspot\share\interpreter\linkResolver.cpp, line 766]

VM Operations (20 events):
Event: 1.342 Executing VM operation: G1CollectForAllocation done
Event: 1.411 Executing VM operation: G1CollectForAllocation
Event: 1.449 Executing VM operation: G1CollectForAllocation done
Event: 1.591 Executing VM operation: G1CollectForAllocation
Event: 1.676 Executing VM operation: G1CollectForAllocation done
Event: 1.800 Executing VM operation: G1CollectForAllocation
Event: 1.854 Executing VM operation: G1CollectForAllocation done
Event: 1.973 Executing VM operation: G1CollectForAllocation
Event: 2.041 Executing VM operation: G1CollectForAllocation done
Event: 2.275 Executing VM operation: G1CollectForAllocation
Event: 2.391 Executing VM operation: G1CollectForAllocation done
Event: 2.571 Executing VM operation: G1CollectForAllocation
Event: 2.706 Executing VM operation: G1CollectForAllocation done
Event: 3.417 Executing VM operation: G1CollectForAllocation
Event: 3.627 Executing VM operation: G1CollectForAllocation done
Event: 3.994 Executing VM operation: G1CollectForAllocation
Event: 4.193 Executing VM operation: G1CollectForAllocation done
Event: 4.569 Executing VM operation: G1CollectForAllocation
Event: 4.780 Executing VM operation: G1CollectForAllocation done
Event: 5.187 Executing VM operation: G1CollectForAllocation

Events (20 events):
Event: 0.533 Thread 0x000001eb936564a0 Thread exited: 0x000001eb936564a0
Event: 0.533 Thread 0x000001eb9345bbb0 Thread exited: 0x000001eb9345bbb0
Event: 0.533 Thread 0x000001eb93652ae0 Thread exited: 0x000001eb93652ae0
Event: 0.533 Thread 0x000001eb9345b210 Thread exited: 0x000001eb9345b210
Event: 0.533 Thread 0x000001eb9345a870 Thread exited: 0x000001eb9345a870
Event: 0.533 Thread 0x000001eb9345ad40 Thread exited: 0x000001eb9345ad40
Event: 0.533 Thread 0x000001eb9345b6e0 Thread exited: 0x000001eb9345b6e0
Event: 0.533 Thread 0x000001eb9345c550 Thread exited: 0x000001eb9345c550
Event: 0.533 Thread 0x000001eb93459ed0 Thread exited: 0x000001eb93459ed0
Event: 0.533 Thread 0x000001eb93459a00 Thread exited: 0x000001eb93459a00
Event: 0.533 Thread 0x000001eb93459530 Thread exited: 0x000001eb93459530
Event: 0.533 Thread 0x000001eb9345ca20 Thread exited: 0x000001eb9345ca20
Event: 0.533 Thread 0x000001eb93459060 Thread exited: 0x000001eb93459060
Event: 0.533 Thread 0x000001eb9345c080 Thread exited: 0x000001eb9345c080
Event: 0.533 Thread 0x000001eb95056b50 Thread exited: 0x000001eb95056b50
Event: 0.759 Thread 0x000001eb937e6c70 Thread added: 0x000001eb937e6c70
Event: 1.215 Thread 0x000001eb937e6c70 Thread exited: 0x000001eb937e6c70
Event: 1.219 Thread 0x000001eb933d6b90 Thread exited: 0x000001eb933d6b90
Event: 1.268 Thread 0x000001eb93098f70 Thread exited: 0x000001eb93098f70
Event: 1.283 Thread 0x000001eb93326fb0 Thread exited: 0x000001eb93326fb0


Dynamic libraries:
0x00007ff679730000 - 0x00007ff679740000 	C:\Program Files\Java\jdk-18.0.1.1\bin\java.exe
0x00007ffff3530000 - 0x00007ffff3728000 	C:\Windows\SYSTEM32\ntdll.dll
0x00007ffff28e0000 - 0x00007ffff29a2000 	C:\Windows\System32\KERNEL32.DLL
0x00007ffff1220000 - 0x00007ffff1516000 	C:\Windows\System32\KERNELBASE.dll
0x00007ffff0c40000 - 0x00007ffff0d40000 	C:\Windows\System32\ucrtbase.dll
0x00007fff649b0000 - 0x00007fff649c8000 	C:\Program Files\Java\jdk-18.0.1.1\bin\jli.dll
0x00007fff649d0000 - 0x00007fff649ea000 	C:\Program Files\Java\jdk-18.0.1.1\bin\VCRUNTIME140.dll
0x00007ffff1c70000 - 0x00007ffff1d21000 	C:\Windows\System32\ADVAPI32.dll
0x00007ffff1e10000 - 0x00007ffff1eae000 	C:\Windows\System32\msvcrt.dll
0x00007ffff1a70000 - 0x00007ffff1b0f000 	C:\Windows\System32\sechost.dll
0x00007ffff1f10000 - 0x00007ffff2030000 	C:\Windows\System32\RPCRT4.dll
0x00007ffff1520000 - 0x00007ffff1547000 	C:\Windows\System32\bcrypt.dll
0x00007ffff3340000 - 0x00007ffff34e1000 	C:\Windows\System32\USER32.dll
0x00007ffff0d40000 - 0x00007ffff0d62000 	C:\Windows\System32\win32u.dll
0x00007fffe0ed0000 - 0x00007fffe116b000 	C:\Windows\WinSxS\amd64_microsoft.windows.common-controls_6595b64144ccf1df_6.0.19041.6456_none_60b8a6cb71f64256\COMCTL32.dll
0x00007ffff29c0000 - 0x00007ffff29eb000 	C:\Windows\System32\GDI32.dll
0x00007ffff0fd0000 - 0x00007ffff10e9000 	C:\Windows\System32\gdi32full.dll
0x00007ffff10f0000 - 0x00007ffff118d000 	C:\Windows\System32\msvcp_win.dll
0x00007fffe9760000 - 0x00007fffe976a000 	C:\Windows\SYSTEM32\VERSION.dll
0x00007ffff28b0000 - 0x00007ffff28df000 	C:\Windows\System32\IMM32.DLL
0x00007fff912d0000 - 0x00007fff912dc000 	C:\Program Files\Java\jdk-18.0.1.1\bin\vcruntime140_1.dll
0x00007fff5cd80000 - 0x00007fff5ce0d000 	C:\Program Files\Java\jdk-18.0.1.1\bin\msvcp140.dll
0x00007fff5ae70000 - 0x00007fff5ba80000 	C:\Program Files\Java\jdk-18.0.1.1\bin\server\jvm.dll
0x00007ffff1d30000 - 0x00007ffff1d38000 	C:\Windows\System32\PSAPI.DLL
0x00007fff912a0000 - 0x00007fff912a9000 	C:\Windows\SYSTEM32\WSOCK32.dll
0x00007fffe59c0000 - 0x00007fffe59e7000 	C:\Windows\SYSTEM32\WINMM.dll
0x00007ffff1d40000 - 0x00007ffff1dab000 	C:\Windows\System32\WS2_32.dll
0x00007fffef600000 - 0x00007fffef612000 	C:\Windows\SYSTEM32\kernel.appcore.dll
0x00007fff910d0000 - 0x00007fff910da000 	C:\Program Files\Java\jdk-18.0.1.1\bin\jimage.dll
0x00007fffee730000 - 0x00007fffee931000 	C:\Windows\SYSTEM32\DBGHELP.DLL
0x00007fffd50c0000 - 0x00007fffd50f4000 	C:\Windows\SYSTEM32\dbgcore.DLL
0x00007ffff1190000 - 0x00007ffff1212000 	C:\Windows\System32\bcryptPrimitives.dll
0x00007fff64980000 - 0x00007fff649a5000 	C:\Program Files\Java\jdk-18.0.1.1\bin\java.dll
0x00007fff5cca0000 - 0x00007fff5cd76000 	C:\Program Files\Java\jdk-18.0.1.1\bin\jsvml.dll
0x00007ffff2030000 - 0x00007ffff27a0000 	C:\Windows\System32\SHELL32.dll
0x00007fffee940000 - 0x00007fffef0e5000 	C:\Windows\SYSTEM32\windows.storage.dll
0x00007ffff2c20000 - 0x00007ffff2f74000 	C:\Windows\System32\combase.dll
0x00007ffff0430000 - 0x00007ffff045b000 	C:\Windows\SYSTEM32\Wldp.dll
0x00007ffff1ba0000 - 0x00007ffff1c6d000 	C:\Windows\System32\OLEAUT32.dll
0x00007ffff2800000 - 0x00007ffff28ad000 	C:\Windows\System32\SHCORE.dll
0x00007ffff1db0000 - 0x00007ffff1e0b000 	C:\Windows\System32\shlwapi.dll
0x00007ffff0af0000 - 0x00007ffff0b14000 	C:\Windows\SYSTEM32\profapi.dll
0x00007fff94c80000 - 0x00007fff94c93000 	C:\Program Files\Java\jdk-18.0.1.1\bin\net.dll
0x00007fffead90000 - 0x00007fffeae9a000 	C:\Windows\SYSTEM32\WINHTTP.dll
0x00007ffff0210000 - 0x00007ffff027a000 	C:\Windows\system32\mswsock.dll
0x00007fff94c60000 - 0x00007fff94c76000 	C:\Program Files\Java\jdk-18.0.1.1\bin\nio.dll
0x00007fff94c40000 - 0x00007fff94c58000 	C:\Program Files\Java\jdk-18.0.1.1\bin\zip.dll
0x00007fffebee0000 - 0x00007fffebee9000 	C:\Program Files\Java\jdk-18.0.1.1\bin\management.dll
0x00007fffebed0000 - 0x00007fffebedb000 	C:\Program Files\Java\jdk-18.0.1.1\bin\management_ext.dll
0x00007fffe0d40000 - 0x00007fffe0ecf000 	C:\Program Files\Java\jdk-18.0.1.1\bin\awt.dll
0x00007fffec4b0000 - 0x00007fffec544000 	C:\Windows\SYSTEM32\apphelp.dll
0x00007fffed670000 - 0x00007fffed70e000 	C:\Windows\system32\uxtheme.dll
0x00007ffff3140000 - 0x00007ffff3255000 	C:\Windows\System32\MSCTF.dll
0x00007ffff2a10000 - 0x00007ffff2b3b000 	C:\Windows\System32\ole32.dll
0x00007fffedaf0000 - 0x00007fffedb1e000 	C:\Windows\system32\DWMAPI.DLL
0x00007fffebea0000 - 0x00007fffebeb0000 	C:\Program Files\Java\jdk-18.0.1.1\bin\verify.dll

dbghelp: loaded successfully - version: 4.0.5 - missing functions: none
symbol engine: initialized successfully - sym options: 0x614 - pdb path: .;C:\Program Files\Java\jdk-18.0.1.1\bin;C:\Windows\SYSTEM32;C:\Windows\WinSxS\amd64_microsoft.windows.common-controls_6595b64144ccf1df_6.0.19041.6456_none_60b8a6cb71f64256;C:\Program Files\Java\jdk-18.0.1.1\bin\server

VM Arguments:
jvm_args: -Dmtsa.evaluation.enabled=true -Dotfduc.nondet.belief.repair=true -Xmx220G 
java_command: ltsa.updatingControllers.cli.SingleCompositionRunner --lts Experiment\20260617\models\Workflow_FG.lts --target UpdCont_FG --output Experiment\20260617\result\Workflow\Traditional\traditional_traditional_output.txt --transitions Experiment\20260617\result\Workflow\Traditional\traditional_traditional_transitions_UpdCont_FG.txt
java_class_path (initial): mtsa-OTF-minimum.jar
Launcher Type: SUN_STANDARD

[Global flags]
     intx CICompilerCount                          = 12                                        {product} {ergonomic}
     uint ConcGCThreads                            = 5                                         {product} {ergonomic}
     uint G1ConcRefinementThreads                  = 18                                        {product} {ergonomic}
   size_t G1HeapRegionSize                         = 33554432                                  {product} {ergonomic}
    uintx GCDrainStackTargetSize                   = 64                                        {product} {ergonomic}
   size_t InitialHeapSize                          = 2147483648                                {product} {ergonomic}
   size_t MarkStackSize                            = 4194304                                   {product} {ergonomic}
   size_t MaxHeapSize                              = 236223201280                              {product} {command line}
   size_t MaxNewSize                               = 141733920768                              {product} {ergonomic}
   size_t MinHeapDeltaBytes                        = 33554432                                  {product} {ergonomic}
   size_t MinHeapSize                              = 33554432                                  {product} {ergonomic}
    uintx NonNMethodCodeHeapSize                   = 7602480                                {pd product} {ergonomic}
    uintx NonProfiledCodeHeapSize                  = 122027880                              {pd product} {ergonomic}
    uintx ProfiledCodeHeapSize                     = 122027880                              {pd product} {ergonomic}
    uintx ReservedCodeCacheSize                    = 251658240                              {pd product} {ergonomic}
     bool SegmentedCodeCache                       = true                                      {product} {ergonomic}
   size_t SoftMaxHeapSize                          = 236223201280                           {manageable} {ergonomic}
     bool UseCompressedClassPointers               = true                           {product lp64_product} {ergonomic}
     bool UseG1GC                                  = true                                      {product} {ergonomic}
     bool UseLargePagesIndividualAllocation        = false                                  {pd product} {ergonomic}

Logging:
Log output configuration:
 #0: stdout all=warning uptime,level,tags foldmultilines=false
 #1: stderr all=off uptime,level,tags foldmultilines=false

Environment Variables:
PATH=C:\Program Files\Oculus\Support\oculus-runtime;C:\Program Files\NVIDIA GPU Computing Toolkit\CUDA\v10.2\bin;C:\Program Files\NVIDIA GPU Computing Toolkit\CUDA\v10.2\libnvvp;C:\Program Files\Common Files\Oracle\Java\javapath;C:\Program Files (x86)\Intel\iCLS Client\;C:\Program Files\Intel\iCLS Client\;C:\Windows\system32;C:\Windows;C:\Windows\System32\Wbem;C:\Windows\System32\WindowsPowerShell\v1.0\;C:\Windows\System32\OpenSSH\;C:\Program Files (x86)\Intel\Intel(R) Management Engine Components\DAL;C:\Program Files\Intel\Intel(R) Management Engine Components\DAL;C:\Program Files (x86)\Intel\Intel(R) Management Engine Components\IPT;C:\Program Files\Intel\Intel(R) Management Engine Components\IPT;C:\Program Files (x86)\NVIDIA Corporation\PhysX\Common;C:\Program Files\Git\cmd;C:\Program Files (x86)\Eclipse\Sumo\bin\;C:\Program Files (x86)\Eclipse\Sumo\tools\;C:\Program Files\NVIDIA Corporation\Nsight Compute 2019.5.0\;C:\Program Files\Vagrant\bin;C:\Program Files\Docker\Docker\resources\bin;C:\Program Files\nodejs\;C:\Users\admin\.pyenv\pyenv-win\bin;C:\Users\admin\.pyenv\pyenv-win\shims;C:\Users\admin\AppData\Local\Microsoft\WindowsApps;C:\Users\admin\AppData\Local\Microsoft\WindowsApps;C:\Users\admin\AppData\Local\Programs\Microsoft VS Code\bin;C:\Program Files\Java\jdk-18.0.1.1\bin;C:\Tools\;C:\Users\admin\AppData\Roaming\npm
USERNAME=admin
OS=Windows_NT
PROCESSOR_IDENTIFIER=Intel64 Family 6 Model 85 Stepping 7, GenuineIntel



---------------  S Y S T E M  ---------------

OS:
 Windows 10 , 64 bit Build 19041 (10.0.19041.5915)
OS uptime: 0 days 2:04 hours
Hyper-V role detected

CPU: total 24 (initial active 24) (12 cores per cpu, 2 threads per core) family 6 model 85 stepping 7 microcode 0x5003003, cx8, cmov, fxsr, ht, mmx, 3dnowpref, sse, sse2, sse3, ssse3, sse4.1, sse4.2, popcnt, lzcnt, tsc, tscinvbit, avx, avx2, aes, erms, clmul, bmi1, bmi2, adx, avx512f, avx512dq, avx512cd, avx512bw, avx512vl, fma, vzeroupper, avx512_vnni, clflush, clflushopt, clwb, hv

Memory: 4k page, system-wide physical 261820M (149889M free)
TotalPageFile size 261820M (AvailPageFile size 3979M)
current process WorkingSet (physical memory assigned to process): 2796M, peak: 2796M
current process commit charge ("private bytes"): 11209M, peak: 32521M

vm_info: Java HotSpot(TM) 64-Bit Server VM (18.0.1.1+2-6) for windows-amd64 JRE (18.0.1.1+2-6), built on Apr 25 2022 21:53:15 by "mach5one" with MS VC++ 16.8 / 16.9 (VS2019)

END.
