#
# There is insufficient memory for the Java Runtime Environment to continue.
# Native memory allocation (mmap) failed to map 21139292160 bytes for G1 virtual space
# Possible reasons:
#   The system is out of physical RAM or swap space
# Possible solutions:
#   Reduce memory load on the system
#   Increase physical memory or swap space
#   Check if swap backing store is full
#   Decrease Java heap size (-Xmx/-Xms)
#   Decrease number of Java threads
#   Decrease Java thread stack sizes (-Xss)
#   Set larger code cache with -XX:ReservedCodeCacheSize=
# This output file may be truncated or incomplete.
#
#  Out of Memory Error (os_windows.cpp:3530), pid=16992, tid=1468
#
# JRE version: Java(TM) SE Runtime Environment (18.0.1.1+2) (build 18.0.1.1+2-6)
# Java VM: Java HotSpot(TM) 64-Bit Server VM (18.0.1.1+2-6, mixed mode, sharing, tiered, compressed class ptrs, g1 gc, windows-amd64)
# No core dump will be written. Minidumps are not enabled by default on client versions of Windows
#

---------------  S U M M A R Y ------------

Command Line: -Dmtsa.evaluation.enabled=true -Dotfduc.nondet.belief.repair=true -Xmx220G ltsa.updatingControllers.cli.SingleCompositionRunner --lts Experiment\20260617\models\Surveillance_FG.lts --target UpdCont_FG --output Experiment\20260617\result\Surveillance\Traditional\traditional_traditional_output.txt --transitions Experiment\20260617\result\Surveillance\Traditional\traditional_traditional_transitions_UpdCont_FG.txt

Host: Intel(R) Xeon(R) W-2265 CPU @ 3.50GHz, 24 cores, 255G,  Windows 10 , 64 bit Build 19041 (10.0.19041.5915)
Time: Wed Jun 17 07:19:32 2026  Windows 10 , 64 bit Build 19041 (10.0.19041.5915) elapsed time: 4.017855 seconds (0d 0h 0m 4s)

---------------  T H R E A D  ---------------

Current thread (0x000001fb9d688630):  VMThread "VM Thread" [stack: 0x000000b242900000,0x000000b242a00000] [id=1468]

Stack: [0x000000b242900000,0x000000b242a00000]
Native frames: (J=compiled Java code, j=interpreted, Vv=VM code, C=native code)
V  [jvm.dll+0x69887a]
V  [jvm.dll+0x7f38bd]
V  [jvm.dll+0x7f51ce]
V  [jvm.dll+0x7f5883]
V  [jvm.dll+0x25ca3f]
V  [jvm.dll+0x6957c9]
V  [jvm.dll+0x68a2fa]
V  [jvm.dll+0x321efb]
V  [jvm.dll+0x3298d6]
V  [jvm.dll+0x37e47e]
V  [jvm.dll+0x37e6af]
V  [jvm.dll+0x2f9c7a]
V  [jvm.dll+0x2f9d27]
V  [jvm.dll+0x33e262]
V  [jvm.dll+0x33c804]
V  [jvm.dll+0x2f9450]
V  [jvm.dll+0x33bddb]
V  [jvm.dll+0x7fa66b]
V  [jvm.dll+0x7fb404]
V  [jvm.dll+0x7fb93c]
V  [jvm.dll+0x7fbd94]
V  [jvm.dll+0x7fbe57]
V  [jvm.dll+0x7a03ea]
V  [jvm.dll+0x697725]
C  [ucrtbase.dll+0x21bb2]
C  [KERNEL32.DLL+0x17374]
C  [ntdll.dll+0x4cc91]

VM_Operation (0x000000b2423fe460): G1CollectForAllocation, mode: safepoint, requested by thread 0x000001fb8308c7b0


---------------  P R O C E S S  ---------------

Threads class SMR info:
_java_thread_list=0x00000234afc0fc60, length=18, elements={
0x000001fb8308c7b0, 0x00000234ab3e3e10, 0x00000234ab3e66d0, 0x00000234ab3fbd20,
0x00000234ab3fc5d0, 0x00000234ab3fee90, 0x00000234ab401ea0, 0x00000234ab402fd0,
0x00000234ab407dd0, 0x00000234ab423380, 0x00000234ab52c990, 0x00000234ab5332c0,
0x00000234ab544850, 0x00000234ab5467e0, 0x00000234ab5a0e90, 0x00000234af8de020,
0x00000234af8864f0, 0x00000234afc88020
}

Java Threads: ( => current thread )
  0x000001fb8308c7b0 JavaThread "main" [_thread_blocked, id=10824, stack(0x000000b242300000,0x000000b242400000)]
  0x00000234ab3e3e10 JavaThread "Reference Handler" daemon [_thread_blocked, id=6324, stack(0x000000b242a00000,0x000000b242b00000)]
  0x00000234ab3e66d0 JavaThread "Finalizer" daemon [_thread_blocked, id=16044, stack(0x000000b242b00000,0x000000b242c00000)]
  0x00000234ab3fbd20 JavaThread "Signal Dispatcher" daemon [_thread_blocked, id=12352, stack(0x000000b242c00000,0x000000b242d00000)]
  0x00000234ab3fc5d0 JavaThread "Attach Listener" daemon [_thread_blocked, id=5480, stack(0x000000b242d00000,0x000000b242e00000)]
  0x00000234ab3fee90 JavaThread "Service Thread" daemon [_thread_blocked, id=11396, stack(0x000000b242e00000,0x000000b242f00000)]
  0x00000234ab401ea0 JavaThread "Monitor Deflation Thread" daemon [_thread_blocked, id=12820, stack(0x000000b242f00000,0x000000b243000000)]
  0x00000234ab402fd0 JavaThread "C2 CompilerThread0" daemon [_thread_blocked, id=10492, stack(0x000000b243000000,0x000000b243100000)]
  0x00000234ab407dd0 JavaThread "C1 CompilerThread0" daemon [_thread_blocked, id=15480, stack(0x000000b243100000,0x000000b243200000)]
  0x00000234ab423380 JavaThread "Sweeper thread" daemon [_thread_blocked, id=15660, stack(0x000000b243200000,0x000000b243300000)]
  0x00000234ab52c990 JavaThread "C1 CompilerThread1" daemon [_thread_blocked, id=12504, stack(0x000000b243300000,0x000000b243400000)]
  0x00000234ab5332c0 JavaThread "C1 CompilerThread2" daemon [_thread_blocked, id=2824, stack(0x000000b243400000,0x000000b243500000)]
  0x00000234ab544850 JavaThread "Notification Thread" daemon [_thread_blocked, id=1908, stack(0x000000b243500000,0x000000b243600000)]
  0x00000234ab5467e0 JavaThread "Common-Cleaner" daemon [_thread_blocked, id=11004, stack(0x000000b243700000,0x000000b243800000)]
  0x00000234ab5a0e90 JavaThread "C2 CompilerThread1" daemon [_thread_blocked, id=5484, stack(0x000000b243800000,0x000000b243900000)]
  0x00000234af8de020 JavaThread "Java2D Disposer" daemon [_thread_blocked, id=3264, stack(0x000000b243a00000,0x000000b243b00000)]
  0x00000234af8864f0 JavaThread "AWT-Windows" daemon [_thread_in_native, id=5780, stack(0x000000b243c00000,0x000000b243d00000)]
  0x00000234afc88020 JavaThread "C1 CompilerThread3" daemon [_thread_blocked, id=14388, stack(0x000000b244600000,0x000000b244700000)]

Other Threads:
=>0x000001fb9d688630 VMThread "VM Thread" [stack: 0x000000b242900000,0x000000b242a00000] [id=1468]
  0x00000234ab545120 WatcherThread "VM Periodic Task Thread" [stack: 0x000000b243600000,0x000000b243700000] [id=3180]
  0x000001fb85320f90 WorkerThread "GC Thread#0" [stack: 0x000000b242400000,0x000000b242500000] [id=10792]
  0x00000234ab680680 WorkerThread "GC Thread#1" [stack: 0x000000b243900000,0x000000b243a00000] [id=6536]
  0x00000234afa7ac10 WorkerThread "GC Thread#2" [stack: 0x000000b244000000,0x000000b244100000] [id=5788]
  0x00000234af9a28d0 WorkerThread "GC Thread#3" [stack: 0x000000b244100000,0x000000b244200000] [id=15868]
  0x00000234afb05030 WorkerThread "GC Thread#4" [stack: 0x000000b244200000,0x000000b244300000] [id=8384]
  0x00000234afb052d0 WorkerThread "GC Thread#5" [stack: 0x000000b244300000,0x000000b244400000] [id=4772]
  0x00000234afb05570 WorkerThread "GC Thread#6" [stack: 0x000000b244400000,0x000000b244500000] [id=8920]
  0x00000234afae4f40 WorkerThread "GC Thread#7" [stack: 0x000000b244500000,0x000000b244600000] [id=996]
  0x00000234afc85e60 WorkerThread "GC Thread#8" [stack: 0x000000b244700000,0x000000b244800000] [id=14244]
  0x00000234b221d660 WorkerThread "GC Thread#9" [stack: 0x000000b244f00000,0x000000b245000000] [id=15876]
  0x00000234afe7d080 WorkerThread "GC Thread#10" [stack: 0x000000b245000000,0x000000b245100000] [id=4360]
  0x00000234afcabfb0 WorkerThread "GC Thread#11" [stack: 0x000000b245100000,0x000000b245200000] [id=17028]
  0x00000234afcab7d0 WorkerThread "GC Thread#12" [stack: 0x000000b245200000,0x000000b245300000] [id=2964]
  0x00000234afcac250 WorkerThread "GC Thread#13" [stack: 0x000000b245300000,0x000000b245400000] [id=1328]
  0x00000234afcaa570 WorkerThread "GC Thread#14" [stack: 0x000000b245400000,0x000000b245500000] [id=15596]
  0x00000234afcaad50 WorkerThread "GC Thread#15" [stack: 0x000000b245500000,0x000000b245600000] [id=10208]
  0x00000234afcaba70 WorkerThread "GC Thread#16" [stack: 0x000000b245600000,0x000000b245700000] [id=9072]
  0x00000234afcabd10 WorkerThread "GC Thread#17" [stack: 0x000000b245700000,0x000000b245800000] [id=5524]
  0x000001fb9d5fdc90 ConcurrentGCThread "G1 Main Marker" [stack: 0x000000b242500000,0x000000b242600000] [id=2708]
  0x000001fb9d5fe490 WorkerThread "G1 Conc#0" [stack: 0x000000b242600000,0x000000b242700000] [id=11712]
  0x000001fb852af3d0 ConcurrentGCThread "G1 Refine#0" [stack: 0x000000b242700000,0x000000b242800000] [id=14284]
  0x000001fb852ae020 ConcurrentGCThread "G1 Refine#1" [stack: 0x000000b244900000,0x000000b244a00000] [id=7268]
  0x000001fb852ada80 ConcurrentGCThread "G1 Refine#2" [stack: 0x000000b244a00000,0x000000b244b00000] [id=15544]
  0x000001fb852aee30 ConcurrentGCThread "G1 Refine#3" [stack: 0x000000b244b00000,0x000000b244c00000] [id=8372]
  0x000001fb852add50 ConcurrentGCThread "G1 Refine#4" [stack: 0x000000b244c00000,0x000000b244d00000] [id=4104]
  0x000001fb852ae5c0 ConcurrentGCThread "G1 Refine#5" [stack: 0x000000b244d00000,0x000000b244e00000] [id=15396]
  0x000001fb852ae890 ConcurrentGCThread "G1 Refine#6" [stack: 0x000000b244e00000,0x000000b244f00000] [id=13432]
  0x000001fb852af100 ConcurrentGCThread "G1 Refine#7" [stack: 0x000000b245800000,0x000000b245900000] [id=8000]
  0x00000234b1daab10 ConcurrentGCThread "G1 Refine#8" [stack: 0x000000b245900000,0x000000b245a00000] [id=11656]
  0x00000234b1da83b0 ConcurrentGCThread "G1 Refine#9" [stack: 0x000000b245a00000,0x000000b245b00000] [id=15312]
  0x00000234b1da80e0 ConcurrentGCThread "G1 Refine#10" [stack: 0x000000b245b00000,0x000000b245c00000] [id=7912]
  0x00000234b1da7e10 ConcurrentGCThread "G1 Refine#11" [stack: 0x000000b245c00000,0x000000b245d00000] [id=16504]
  0x00000234b1da9fd0 ConcurrentGCThread "G1 Refine#12" [stack: 0x000000b245d00000,0x000000b245e00000] [id=5060]
  0x00000234b1da8680 ConcurrentGCThread "G1 Refine#13" [stack: 0x000000b245e00000,0x000000b245f00000] [id=13572]
  0x00000234b1da8950 ConcurrentGCThread "G1 Refine#14" [stack: 0x000000b243b00000,0x000000b243c00000] [id=4376]
  0x00000234b1da8ef0 ConcurrentGCThread "G1 Refine#15" [stack: 0x000000b243d00000,0x000000b243e00000] [id=5312]
  0x00000234b1da8c20 ConcurrentGCThread "G1 Refine#16" [stack: 0x000000b243e00000,0x000000b243f00000] [id=15432]
  0x00000234b1da9490 ConcurrentGCThread "G1 Refine#17" [stack: 0x000000b243f00000,0x000000b244000000] [id=2352]
  0x000001fb9d69e000 ConcurrentGCThread "G1 Service" [stack: 0x000000b242800000,0x000000b242900000] [id=9104]

Threads with active compile tasks:

VM state: at safepoint (normal execution)

VM Mutex/Monitor currently owned by a thread:  ([mutex/lock_event])
[0x000001fb8528be90] Threads_lock - owner thread: 0x000001fb9d688630
[0x000001fb8528bfb0] Heap_lock - owner thread: 0x000001fb8308c7b0

CDS archive(s) mapped at: [0x0000000800000000-0x0000000800ba0000-0x0000000800ba0000), size 12189696, SharedBaseAddress: 0x0000000800000000, ArchiveRelocationMode: 0.
Compressed class space mapped at: 0x0000000800c00000-0x0000000840c00000, reserved size: 1073741824
Narrow klass base: 0x0000000800000000, Narrow klass shift: 0, Narrow klass range: 0x100000000

GC Precious Log:
 CardTable entry size: 512
 Card Set container configuration: InlinePtr #cards 3 size 8 Array Of Cards #cards 256 size 528 Howl #buckets 8 coarsen threshold 58982 Howl Bitmap #cards 8192 size 1040 coarsen threshold 7372 Card regions per heap region 1 cards per card region 65536
 CPUs: 24 total, 24 available
 Memory: 255G
 Large Page Support: Disabled
 NUMA Support: Disabled
 Compressed Oops: Disabled
 Heap Region Size: 32M
 Heap Min Capacity: 32M
 Heap Initial Capacity: 2G
 Heap Max Capacity: 220G
 Pre-touch: Disabled
 Parallel Workers: 18
 Concurrent Workers: 5
 Concurrent Refinement Workers: 18
 Periodic GC: Disabled

Heap:
 garbage-first heap   total 10321920K, used 1716001K [0x000001fb9e000000, 0x000002329e000000)
  region size 32768K, 2 young (65536K), 2 survivors (65536K)
 Metaspace       used 7906K, committed 8192K, reserved 1114112K
  class space    used 715K, committed 832K, reserved 1048576K

Heap Regions: E=young(eden), S=young(survivor), O=old, HS=humongous(starts), HC=humongous(continues), CS=collection set, F=free, OA=open archive, CA=closed archive, TAMS=top-at-mark-start (previous, next)
|   0|0x000001fb9e000000, 0x000001fb9f04c008, 0x000001fba0000000| 50%| O|  |TAMS 0x000001fb9e000000, 0x000001fb9e000000| Untracked 
|   1|0x000001fba0000000, 0x000001fba2000000, 0x000001fba2000000|100%| O|  |TAMS 0x000001fba0000000, 0x000001fba0000000| Untracked 
|   2|0x000001fba2000000, 0x000001fba4000000, 0x000001fba4000000|100%| O|  |TAMS 0x000001fba2000000, 0x000001fba2000000| Untracked 
|   3|0x000001fba4000000, 0x000001fba6000000, 0x000001fba6000000|100%| O|  |TAMS 0x000001fba4000000, 0x000001fba4000000| Untracked 
|   4|0x000001fba6000000, 0x000001fba8000000, 0x000001fba8000000|100%| O|  |TAMS 0x000001fba6000000, 0x000001fba6000000| Untracked 
|   5|0x000001fba8000000, 0x000001fbaa000000, 0x000001fbaa000000|100%| O|  |TAMS 0x000001fba8000000, 0x000001fba8000000| Untracked 
|   6|0x000001fbaa000000, 0x000001fbac000000, 0x000001fbac000000|100%|HS|  |TAMS 0x000001fbaa000000, 0x000001fbaa000000| Complete 
|   7|0x000001fbac000000, 0x000001fbae000000, 0x000001fbae000000|100%| O|  |TAMS 0x000001fbac000000, 0x000001fbac000000| Untracked 
|   8|0x000001fbae000000, 0x000001fbb0000000, 0x000001fbb0000000|100%| O|  |TAMS 0x000001fbae000000, 0x000001fbae000000| Untracked 
|   9|0x000001fbb0000000, 0x000001fbb2000000, 0x000001fbb2000000|100%| O|  |TAMS 0x000001fbb0000000, 0x000001fbb0000000| Untracked 
|  10|0x000001fbb2000000, 0x000001fbb4000000, 0x000001fbb4000000|100%| O|  |TAMS 0x000001fbb2000000, 0x000001fbb2000000| Untracked 
|  11|0x000001fbb4000000, 0x000001fbb6000000, 0x000001fbb6000000|100%| O|  |TAMS 0x000001fbb4000000, 0x000001fbb4000000| Untracked 
|  12|0x000001fbb6000000, 0x000001fbb8000000, 0x000001fbb8000000|100%| O|  |TAMS 0x000001fbb6000000, 0x000001fbb6000000| Untracked 
|  13|0x000001fbb8000000, 0x000001fbba000000, 0x000001fbba000000|100%| O|  |TAMS 0x000001fbb8000000, 0x000001fbb8000000| Untracked 
|  14|0x000001fbba000000, 0x000001fbbc000000, 0x000001fbbc000000|100%|HS|  |TAMS 0x000001fbba000000, 0x000001fbba000000| Complete 
|  15|0x000001fbbc000000, 0x000001fbbe000000, 0x000001fbbe000000|100%|HC|  |TAMS 0x000001fbbc000000, 0x000001fbbc000000| Complete 
|  16|0x000001fbbe000000, 0x000001fbc0000000, 0x000001fbc0000000|100%| O|  |TAMS 0x000001fbbe000000, 0x000001fbbe000000| Untracked 
|  17|0x000001fbc0000000, 0x000001fbc2000000, 0x000001fbc2000000|100%| O|  |TAMS 0x000001fbc0000000, 0x000001fbc0000000| Untracked 
|  18|0x000001fbc2000000, 0x000001fbc4000000, 0x000001fbc4000000|100%| O|  |TAMS 0x000001fbc2000000, 0x000001fbc2000000| Untracked 
|  19|0x000001fbc4000000, 0x000001fbc6000000, 0x000001fbc6000000|100%| O|  |TAMS 0x000001fbc4000000, 0x000001fbc4000000| Untracked 
|  20|0x000001fbc6000000, 0x000001fbc8000000, 0x000001fbc8000000|100%| O|  |TAMS 0x000001fbc6000000, 0x000001fbc6000000| Untracked 
|  21|0x000001fbc8000000, 0x000001fbca000000, 0x000001fbca000000|100%| O|  |TAMS 0x000001fbc8000000, 0x000001fbc8000000| Untracked 
|  22|0x000001fbca000000, 0x000001fbcc000000, 0x000001fbcc000000|100%| O|  |TAMS 0x000001fbca000000, 0x000001fbca000000| Untracked 
|  23|0x000001fbcc000000, 0x000001fbce000000, 0x000001fbce000000|100%| O|  |TAMS 0x000001fbcc000000, 0x000001fbcc000000| Untracked 
|  24|0x000001fbce000000, 0x000001fbd0000000, 0x000001fbd0000000|100%| O|  |TAMS 0x000001fbce000000, 0x000001fbce000000| Untracked 
|  25|0x000001fbd0000000, 0x000001fbd2000000, 0x000001fbd2000000|100%| O|  |TAMS 0x000001fbd0000000, 0x000001fbd0000000| Untracked 
|  26|0x000001fbd2000000, 0x000001fbd4000000, 0x000001fbd4000000|100%| O|  |TAMS 0x000001fbd2000000, 0x000001fbd2000000| Untracked 
|  27|0x000001fbd4000000, 0x000001fbd6000000, 0x000001fbd6000000|100%| O|  |TAMS 0x000001fbd4000000, 0x000001fbd4000000| Untracked 
|  28|0x000001fbd6000000, 0x000001fbd8000000, 0x000001fbd8000000|100%| O|  |TAMS 0x000001fbd6000000, 0x000001fbd6000000| Untracked 
|  29|0x000001fbd8000000, 0x000001fbda000000, 0x000001fbda000000|100%| O|  |TAMS 0x000001fbd8000000, 0x000001fbd8000000| Untracked 
|  30|0x000001fbda000000, 0x000001fbdc000000, 0x000001fbdc000000|100%| O|  |TAMS 0x000001fbda000000, 0x000001fbda000000| Untracked 
|  31|0x000001fbdc000000, 0x000001fbde000000, 0x000001fbde000000|100%|HS|  |TAMS 0x000001fbdc000000, 0x000001fbdc000000| Complete 
|  32|0x000001fbde000000, 0x000001fbe0000000, 0x000001fbe0000000|100%|HC|  |TAMS 0x000001fbde000000, 0x000001fbde000000| Complete 
|  33|0x000001fbe0000000, 0x000001fbe2000000, 0x000001fbe2000000|100%|HC|  |TAMS 0x000001fbe0000000, 0x000001fbe0000000| Complete 
|  34|0x000001fbe2000000, 0x000001fbe4000000, 0x000001fbe4000000|100%| O|  |TAMS 0x000001fbe2000000, 0x000001fbe2000000| Untracked 
|  35|0x000001fbe4000000, 0x000001fbe6000000, 0x000001fbe6000000|100%| O|  |TAMS 0x000001fbe4000000, 0x000001fbe4000000| Untracked 
|  36|0x000001fbe6000000, 0x000001fbe8000000, 0x000001fbe8000000|100%| O|  |TAMS 0x000001fbe6000000, 0x000001fbe6000000| Untracked 
|  37|0x000001fbe8000000, 0x000001fbea000000, 0x000001fbea000000|100%| O|  |TAMS 0x000001fbe8000000, 0x000001fbe8000000| Untracked 
|  38|0x000001fbea000000, 0x000001fbec000000, 0x000001fbec000000|100%| O|  |TAMS 0x000001fbea000000, 0x000001fbea000000| Untracked 
|  39|0x000001fbec000000, 0x000001fbee000000, 0x000001fbee000000|100%| O|  |TAMS 0x000001fbec000000, 0x000001fbec000000| Untracked 
|  40|0x000001fbee000000, 0x000001fbf0000000, 0x000001fbf0000000|100%| O|  |TAMS 0x000001fbee000000, 0x000001fbee000000| Untracked 
|  41|0x000001fbf0000000, 0x000001fbf2000000, 0x000001fbf2000000|100%| O|  |TAMS 0x000001fbf0000000, 0x000001fbf0000000| Untracked 
|  42|0x000001fbf2000000, 0x000001fbf4000000, 0x000001fbf4000000|100%| O|  |TAMS 0x000001fbf2000000, 0x000001fbf2000000| Untracked 
|  43|0x000001fbf4000000, 0x000001fbf6000000, 0x000001fbf6000000|100%| O|  |TAMS 0x000001fbf4000000, 0x000001fbf4000000| Untracked 
|  44|0x000001fbf6000000, 0x000001fbf8000000, 0x000001fbf8000000|100%| O|  |TAMS 0x000001fbf6000000, 0x000001fbf6000000| Untracked 
|  45|0x000001fbf8000000, 0x000001fbfa000000, 0x000001fbfa000000|100%| O|  |TAMS 0x000001fbf8000000, 0x000001fbf8000000| Untracked 
|  46|0x000001fbfa000000, 0x000001fbfc000000, 0x000001fbfc000000|100%| O|  |TAMS 0x000001fbfa000000, 0x000001fbfa000000| Untracked 
|  47|0x000001fbfc000000, 0x000001fbfe000000, 0x000001fbfe000000|100%| O|  |TAMS 0x000001fbfc000000, 0x000001fbfc000000| Untracked 
|  48|0x000001fbfe000000, 0x000001fbffb7c400, 0x000001fc00000000| 85%| O|  |TAMS 0x000001fbfe000000, 0x000001fbfe000000| Untracked 
|  49|0x000001fc00000000, 0x000001fc00000000, 0x000001fc02000000|  0%| F|  |TAMS 0x000001fc00000000, 0x000001fc00000000| Untracked 
|  50|0x000001fc02000000, 0x000001fc02000000, 0x000001fc04000000|  0%| F|  |TAMS 0x000001fc02000000, 0x000001fc02000000| Untracked 
|  51|0x000001fc04000000, 0x000001fc04000000, 0x000001fc06000000|  0%| F|  |TAMS 0x000001fc04000000, 0x000001fc04000000| Untracked 
|  52|0x000001fc06000000, 0x000001fc06000000, 0x000001fc08000000|  0%| F|  |TAMS 0x000001fc06000000, 0x000001fc06000000| Untracked 
|  53|0x000001fc08000000, 0x000001fc08000000, 0x000001fc0a000000|  0%| F|  |TAMS 0x000001fc08000000, 0x000001fc08000000| Untracked 
|  54|0x000001fc0a000000, 0x000001fc0a000000, 0x000001fc0c000000|  0%| F|  |TAMS 0x000001fc0a000000, 0x000001fc0a000000| Untracked 
|  55|0x000001fc0c000000, 0x000001fc0c000000, 0x000001fc0e000000|  0%| F|  |TAMS 0x000001fc0c000000, 0x000001fc0c000000| Untracked 
|  56|0x000001fc0e000000, 0x000001fc0e000000, 0x000001fc10000000|  0%| F|  |TAMS 0x000001fc0e000000, 0x000001fc0e000000| Untracked 
|  57|0x000001fc10000000, 0x000001fc10000000, 0x000001fc12000000|  0%| F|  |TAMS 0x000001fc10000000, 0x000001fc10000000| Untracked 
|  58|0x000001fc12000000, 0x000001fc12000000, 0x000001fc14000000|  0%| F|  |TAMS 0x000001fc12000000, 0x000001fc12000000| Untracked 
|  59|0x000001fc14000000, 0x000001fc14000000, 0x000001fc16000000|  0%| F|  |TAMS 0x000001fc14000000, 0x000001fc14000000| Untracked 
|  60|0x000001fc16000000, 0x000001fc16000000, 0x000001fc18000000|  0%| F|  |TAMS 0x000001fc16000000, 0x000001fc16000000| Untracked 
|  61|0x000001fc18000000, 0x000001fc18000000, 0x000001fc1a000000|  0%| F|  |TAMS 0x000001fc18000000, 0x000001fc18000000| Untracked 
|  62|0x000001fc1a000000, 0x000001fc1a000000, 0x000001fc1c000000|  0%| F|  |TAMS 0x000001fc1a000000, 0x000001fc1a000000| Untracked 
|  63|0x000001fc1c000000, 0x000001fc1c000000, 0x000001fc1e000000|  0%| F|  |TAMS 0x000001fc1c000000, 0x000001fc1c000000| Untracked 
|  64|0x000001fc1e000000, 0x000001fc1e000000, 0x000001fc20000000|  0%| F|  |TAMS 0x000001fc1e000000, 0x000001fc1e000000| Untracked 
|  65|0x000001fc20000000, 0x000001fc20000000, 0x000001fc22000000|  0%| F|  |TAMS 0x000001fc20000000, 0x000001fc20000000| Untracked 
|  66|0x000001fc22000000, 0x000001fc22000000, 0x000001fc24000000|  0%| F|  |TAMS 0x000001fc22000000, 0x000001fc22000000| Untracked 
|  67|0x000001fc24000000, 0x000001fc24000000, 0x000001fc26000000|  0%| F|  |TAMS 0x000001fc24000000, 0x000001fc24000000| Untracked 
|  68|0x000001fc26000000, 0x000001fc26000000, 0x000001fc28000000|  0%| F|  |TAMS 0x000001fc26000000, 0x000001fc26000000| Untracked 
|  69|0x000001fc28000000, 0x000001fc28000000, 0x000001fc2a000000|  0%| F|  |TAMS 0x000001fc28000000, 0x000001fc28000000| Untracked 
|  70|0x000001fc2a000000, 0x000001fc2a000000, 0x000001fc2c000000|  0%| F|  |TAMS 0x000001fc2a000000, 0x000001fc2a000000| Untracked 
|  71|0x000001fc2c000000, 0x000001fc2c000000, 0x000001fc2e000000|  0%| F|  |TAMS 0x000001fc2c000000, 0x000001fc2c000000| Untracked 
|  72|0x000001fc2e000000, 0x000001fc2e000000, 0x000001fc30000000|  0%| F|  |TAMS 0x000001fc2e000000, 0x000001fc2e000000| Untracked 
|  73|0x000001fc30000000, 0x000001fc30000000, 0x000001fc32000000|  0%| F|  |TAMS 0x000001fc30000000, 0x000001fc30000000| Untracked 
|  74|0x000001fc32000000, 0x000001fc32000000, 0x000001fc34000000|  0%| F|  |TAMS 0x000001fc32000000, 0x000001fc32000000| Untracked 
|  75|0x000001fc34000000, 0x000001fc34000000, 0x000001fc36000000|  0%| F|  |TAMS 0x000001fc34000000, 0x000001fc34000000| Untracked 
|  76|0x000001fc36000000, 0x000001fc36000000, 0x000001fc38000000|  0%| F|  |TAMS 0x000001fc36000000, 0x000001fc36000000| Untracked 
|  77|0x000001fc38000000, 0x000001fc38000000, 0x000001fc3a000000|  0%| F|  |TAMS 0x000001fc38000000, 0x000001fc38000000| Untracked 
|  78|0x000001fc3a000000, 0x000001fc3a000000, 0x000001fc3c000000|  0%| F|  |TAMS 0x000001fc3a000000, 0x000001fc3a000000| Untracked 
|  79|0x000001fc3c000000, 0x000001fc3c000000, 0x000001fc3e000000|  0%| F|  |TAMS 0x000001fc3c000000, 0x000001fc3c000000| Untracked 
|  80|0x000001fc3e000000, 0x000001fc3e000000, 0x000001fc40000000|  0%| F|  |TAMS 0x000001fc3e000000, 0x000001fc3e000000| Untracked 
|  81|0x000001fc40000000, 0x000001fc40000000, 0x000001fc42000000|  0%| F|  |TAMS 0x000001fc40000000, 0x000001fc40000000| Untracked 
|  82|0x000001fc42000000, 0x000001fc42000000, 0x000001fc44000000|  0%| F|  |TAMS 0x000001fc42000000, 0x000001fc42000000| Untracked 
|  83|0x000001fc44000000, 0x000001fc44000000, 0x000001fc46000000|  0%| F|  |TAMS 0x000001fc44000000, 0x000001fc44000000| Untracked 
|  84|0x000001fc46000000, 0x000001fc46000000, 0x000001fc48000000|  0%| F|  |TAMS 0x000001fc46000000, 0x000001fc46000000| Untracked 
|  85|0x000001fc48000000, 0x000001fc48000000, 0x000001fc4a000000|  0%| F|  |TAMS 0x000001fc48000000, 0x000001fc48000000| Untracked 
|  86|0x000001fc4a000000, 0x000001fc4a000000, 0x000001fc4c000000|  0%| F|  |TAMS 0x000001fc4a000000, 0x000001fc4a000000| Untracked 
|  87|0x000001fc4c000000, 0x000001fc4c000000, 0x000001fc4e000000|  0%| F|  |TAMS 0x000001fc4c000000, 0x000001fc4c000000| Untracked 
|  88|0x000001fc4e000000, 0x000001fc4e000000, 0x000001fc50000000|  0%| F|  |TAMS 0x000001fc4e000000, 0x000001fc4e000000| Untracked 
|  89|0x000001fc50000000, 0x000001fc50000000, 0x000001fc52000000|  0%| F|  |TAMS 0x000001fc50000000, 0x000001fc50000000| Untracked 
|  90|0x000001fc52000000, 0x000001fc52000000, 0x000001fc54000000|  0%| F|  |TAMS 0x000001fc52000000, 0x000001fc52000000| Untracked 
|  91|0x000001fc54000000, 0x000001fc54000000, 0x000001fc56000000|  0%| F|  |TAMS 0x000001fc54000000, 0x000001fc54000000| Untracked 
|  92|0x000001fc56000000, 0x000001fc56000000, 0x000001fc58000000|  0%| F|  |TAMS 0x000001fc56000000, 0x000001fc56000000| Untracked 
|  93|0x000001fc58000000, 0x000001fc58000000, 0x000001fc5a000000|  0%| F|  |TAMS 0x000001fc58000000, 0x000001fc58000000| Untracked 
|  94|0x000001fc5a000000, 0x000001fc5a000000, 0x000001fc5c000000|  0%| F|  |TAMS 0x000001fc5a000000, 0x000001fc5a000000| Untracked 
|  95|0x000001fc5c000000, 0x000001fc5c000000, 0x000001fc5e000000|  0%| F|  |TAMS 0x000001fc5c000000, 0x000001fc5c000000| Untracked 
|  96|0x000001fc5e000000, 0x000001fc5e000000, 0x000001fc60000000|  0%| F|  |TAMS 0x000001fc5e000000, 0x000001fc5e000000| Untracked 
|  97|0x000001fc60000000, 0x000001fc60000000, 0x000001fc62000000|  0%| F|  |TAMS 0x000001fc60000000, 0x000001fc60000000| Untracked 
|  98|0x000001fc62000000, 0x000001fc62000000, 0x000001fc64000000|  0%| F|  |TAMS 0x000001fc62000000, 0x000001fc62000000| Untracked 
|  99|0x000001fc64000000, 0x000001fc64000000, 0x000001fc66000000|  0%| F|  |TAMS 0x000001fc64000000, 0x000001fc64000000| Untracked 
| 100|0x000001fc66000000, 0x000001fc66000000, 0x000001fc68000000|  0%| F|  |TAMS 0x000001fc66000000, 0x000001fc66000000| Untracked 
| 101|0x000001fc68000000, 0x000001fc68000000, 0x000001fc6a000000|  0%| F|  |TAMS 0x000001fc68000000, 0x000001fc68000000| Untracked 
| 102|0x000001fc6a000000, 0x000001fc6a000000, 0x000001fc6c000000|  0%| F|  |TAMS 0x000001fc6a000000, 0x000001fc6a000000| Untracked 
| 103|0x000001fc6c000000, 0x000001fc6c000000, 0x000001fc6e000000|  0%| F|  |TAMS 0x000001fc6c000000, 0x000001fc6c000000| Untracked 
| 104|0x000001fc6e000000, 0x000001fc6e000000, 0x000001fc70000000|  0%| F|  |TAMS 0x000001fc6e000000, 0x000001fc6e000000| Untracked 
| 105|0x000001fc70000000, 0x000001fc70000000, 0x000001fc72000000|  0%| F|  |TAMS 0x000001fc70000000, 0x000001fc70000000| Untracked 
| 106|0x000001fc72000000, 0x000001fc72000000, 0x000001fc74000000|  0%| F|  |TAMS 0x000001fc72000000, 0x000001fc72000000| Untracked 
| 107|0x000001fc74000000, 0x000001fc74000000, 0x000001fc76000000|  0%| F|  |TAMS 0x000001fc74000000, 0x000001fc74000000| Untracked 
| 108|0x000001fc76000000, 0x000001fc76000000, 0x000001fc78000000|  0%| F|  |TAMS 0x000001fc76000000, 0x000001fc76000000| Untracked 
| 109|0x000001fc78000000, 0x000001fc78000000, 0x000001fc7a000000|  0%| F|  |TAMS 0x000001fc78000000, 0x000001fc78000000| Untracked 
| 110|0x000001fc7a000000, 0x000001fc7a000000, 0x000001fc7c000000|  0%| F|  |TAMS 0x000001fc7a000000, 0x000001fc7a000000| Untracked 
| 111|0x000001fc7c000000, 0x000001fc7c000000, 0x000001fc7e000000|  0%| F|  |TAMS 0x000001fc7c000000, 0x000001fc7c000000| Untracked 
| 112|0x000001fc7e000000, 0x000001fc7e000000, 0x000001fc80000000|  0%| F|  |TAMS 0x000001fc7e000000, 0x000001fc7e000000| Untracked 
| 113|0x000001fc80000000, 0x000001fc80000000, 0x000001fc82000000|  0%| F|  |TAMS 0x000001fc80000000, 0x000001fc80000000| Untracked 
| 114|0x000001fc82000000, 0x000001fc82000000, 0x000001fc84000000|  0%| F|  |TAMS 0x000001fc82000000, 0x000001fc82000000| Untracked 
| 115|0x000001fc84000000, 0x000001fc84000000, 0x000001fc86000000|  0%| F|  |TAMS 0x000001fc84000000, 0x000001fc84000000| Untracked 
| 116|0x000001fc86000000, 0x000001fc86000000, 0x000001fc88000000|  0%| F|  |TAMS 0x000001fc86000000, 0x000001fc86000000| Untracked 
| 117|0x000001fc88000000, 0x000001fc88000000, 0x000001fc8a000000|  0%| F|  |TAMS 0x000001fc88000000, 0x000001fc88000000| Untracked 
| 118|0x000001fc8a000000, 0x000001fc8a000000, 0x000001fc8c000000|  0%| F|  |TAMS 0x000001fc8a000000, 0x000001fc8a000000| Untracked 
| 119|0x000001fc8c000000, 0x000001fc8c000000, 0x000001fc8e000000|  0%| F|  |TAMS 0x000001fc8c000000, 0x000001fc8c000000| Untracked 
| 120|0x000001fc8e000000, 0x000001fc8e000000, 0x000001fc90000000|  0%| F|  |TAMS 0x000001fc8e000000, 0x000001fc8e000000| Untracked 
| 121|0x000001fc90000000, 0x000001fc90000000, 0x000001fc92000000|  0%| F|  |TAMS 0x000001fc90000000, 0x000001fc90000000| Untracked 
| 122|0x000001fc92000000, 0x000001fc92000000, 0x000001fc94000000|  0%| F|  |TAMS 0x000001fc92000000, 0x000001fc92000000| Untracked 
| 123|0x000001fc94000000, 0x000001fc94000000, 0x000001fc96000000|  0%| F|  |TAMS 0x000001fc94000000, 0x000001fc94000000| Untracked 
| 124|0x000001fc96000000, 0x000001fc96000000, 0x000001fc98000000|  0%| F|  |TAMS 0x000001fc96000000, 0x000001fc96000000| Untracked 
| 125|0x000001fc98000000, 0x000001fc98000000, 0x000001fc9a000000|  0%| F|  |TAMS 0x000001fc98000000, 0x000001fc98000000| Untracked 
| 126|0x000001fc9a000000, 0x000001fc9a000000, 0x000001fc9c000000|  0%| F|  |TAMS 0x000001fc9a000000, 0x000001fc9a000000| Untracked 
| 127|0x000001fc9c000000, 0x000001fc9c000000, 0x000001fc9e000000|  0%| F|  |TAMS 0x000001fc9c000000, 0x000001fc9c000000| Untracked 
| 128|0x000001fc9e000000, 0x000001fc9e000000, 0x000001fca0000000|  0%| F|  |TAMS 0x000001fc9e000000, 0x000001fc9e000000| Untracked 
| 129|0x000001fca0000000, 0x000001fca0000000, 0x000001fca2000000|  0%| F|  |TAMS 0x000001fca0000000, 0x000001fca0000000| Untracked 
| 130|0x000001fca2000000, 0x000001fca2000000, 0x000001fca4000000|  0%| F|  |TAMS 0x000001fca2000000, 0x000001fca2000000| Untracked 
| 131|0x000001fca4000000, 0x000001fca4000000, 0x000001fca6000000|  0%| F|  |TAMS 0x000001fca4000000, 0x000001fca4000000| Untracked 
| 132|0x000001fca6000000, 0x000001fca6000000, 0x000001fca8000000|  0%| F|  |TAMS 0x000001fca6000000, 0x000001fca6000000| Untracked 
| 133|0x000001fca8000000, 0x000001fca8000000, 0x000001fcaa000000|  0%| F|  |TAMS 0x000001fca8000000, 0x000001fca8000000| Untracked 
| 134|0x000001fcaa000000, 0x000001fcaa000000, 0x000001fcac000000|  0%| F|  |TAMS 0x000001fcaa000000, 0x000001fcaa000000| Untracked 
| 135|0x000001fcac000000, 0x000001fcac000000, 0x000001fcae000000|  0%| F|  |TAMS 0x000001fcac000000, 0x000001fcac000000| Untracked 
| 136|0x000001fcae000000, 0x000001fcae000000, 0x000001fcb0000000|  0%| F|  |TAMS 0x000001fcae000000, 0x000001fcae000000| Untracked 
| 137|0x000001fcb0000000, 0x000001fcb0000000, 0x000001fcb2000000|  0%| F|  |TAMS 0x000001fcb0000000, 0x000001fcb0000000| Untracked 
| 138|0x000001fcb2000000, 0x000001fcb2000000, 0x000001fcb4000000|  0%| F|  |TAMS 0x000001fcb2000000, 0x000001fcb2000000| Untracked 
| 139|0x000001fcb4000000, 0x000001fcb4000000, 0x000001fcb6000000|  0%| F|  |TAMS 0x000001fcb4000000, 0x000001fcb4000000| Untracked 
| 140|0x000001fcb6000000, 0x000001fcb6000000, 0x000001fcb8000000|  0%| F|  |TAMS 0x000001fcb6000000, 0x000001fcb6000000| Untracked 
| 141|0x000001fcb8000000, 0x000001fcb8000000, 0x000001fcba000000|  0%| F|  |TAMS 0x000001fcb8000000, 0x000001fcb8000000| Untracked 
| 142|0x000001fcba000000, 0x000001fcba000000, 0x000001fcbc000000|  0%| F|  |TAMS 0x000001fcba000000, 0x000001fcba000000| Untracked 
| 143|0x000001fcbc000000, 0x000001fcbc000000, 0x000001fcbe000000|  0%| F|  |TAMS 0x000001fcbc000000, 0x000001fcbc000000| Untracked 
| 144|0x000001fcbe000000, 0x000001fcbe000000, 0x000001fcc0000000|  0%| F|  |TAMS 0x000001fcbe000000, 0x000001fcbe000000| Untracked 
| 145|0x000001fcc0000000, 0x000001fcc0000000, 0x000001fcc2000000|  0%| F|  |TAMS 0x000001fcc0000000, 0x000001fcc0000000| Untracked 
| 146|0x000001fcc2000000, 0x000001fcc2000000, 0x000001fcc4000000|  0%| F|  |TAMS 0x000001fcc2000000, 0x000001fcc2000000| Untracked 
| 147|0x000001fcc4000000, 0x000001fcc4000000, 0x000001fcc6000000|  0%| F|  |TAMS 0x000001fcc4000000, 0x000001fcc4000000| Untracked 
| 148|0x000001fcc6000000, 0x000001fcc6000000, 0x000001fcc8000000|  0%| F|  |TAMS 0x000001fcc6000000, 0x000001fcc6000000| Untracked 
| 149|0x000001fcc8000000, 0x000001fcc8000000, 0x000001fcca000000|  0%| F|  |TAMS 0x000001fcc8000000, 0x000001fcc8000000| Untracked 
| 150|0x000001fcca000000, 0x000001fcca000000, 0x000001fccc000000|  0%| F|  |TAMS 0x000001fcca000000, 0x000001fcca000000| Untracked 
| 151|0x000001fccc000000, 0x000001fccc000000, 0x000001fcce000000|  0%| F|  |TAMS 0x000001fccc000000, 0x000001fccc000000| Untracked 
| 152|0x000001fcce000000, 0x000001fcce000000, 0x000001fcd0000000|  0%| F|  |TAMS 0x000001fcce000000, 0x000001fcce000000| Untracked 
| 153|0x000001fcd0000000, 0x000001fcd0000000, 0x000001fcd2000000|  0%| F|  |TAMS 0x000001fcd0000000, 0x000001fcd0000000| Untracked 
| 154|0x000001fcd2000000, 0x000001fcd2000000, 0x000001fcd4000000|  0%| F|  |TAMS 0x000001fcd2000000, 0x000001fcd2000000| Untracked 
| 155|0x000001fcd4000000, 0x000001fcd4000000, 0x000001fcd6000000|  0%| F|  |TAMS 0x000001fcd4000000, 0x000001fcd4000000| Untracked 
| 156|0x000001fcd6000000, 0x000001fcd6000000, 0x000001fcd8000000|  0%| F|  |TAMS 0x000001fcd6000000, 0x000001fcd6000000| Untracked 
| 157|0x000001fcd8000000, 0x000001fcd8000000, 0x000001fcda000000|  0%| F|  |TAMS 0x000001fcd8000000, 0x000001fcd8000000| Untracked 
| 158|0x000001fcda000000, 0x000001fcda000000, 0x000001fcdc000000|  0%| F|  |TAMS 0x000001fcda000000, 0x000001fcda000000| Untracked 
| 159|0x000001fcdc000000, 0x000001fcdc000000, 0x000001fcde000000|  0%| F|  |TAMS 0x000001fcdc000000, 0x000001fcdc000000| Untracked 
| 160|0x000001fcde000000, 0x000001fcde000000, 0x000001fce0000000|  0%| F|  |TAMS 0x000001fcde000000, 0x000001fcde000000| Untracked 
| 161|0x000001fce0000000, 0x000001fce0000000, 0x000001fce2000000|  0%| F|  |TAMS 0x000001fce0000000, 0x000001fce0000000| Untracked 
| 162|0x000001fce2000000, 0x000001fce2000000, 0x000001fce4000000|  0%| F|  |TAMS 0x000001fce2000000, 0x000001fce2000000| Untracked 
| 163|0x000001fce4000000, 0x000001fce4000000, 0x000001fce6000000|  0%| F|  |TAMS 0x000001fce4000000, 0x000001fce4000000| Untracked 
| 164|0x000001fce6000000, 0x000001fce6000000, 0x000001fce8000000|  0%| F|  |TAMS 0x000001fce6000000, 0x000001fce6000000| Untracked 
| 165|0x000001fce8000000, 0x000001fce8000000, 0x000001fcea000000|  0%| F|  |TAMS 0x000001fce8000000, 0x000001fce8000000| Untracked 
| 166|0x000001fcea000000, 0x000001fcea000000, 0x000001fcec000000|  0%| F|  |TAMS 0x000001fcea000000, 0x000001fcea000000| Untracked 
| 167|0x000001fcec000000, 0x000001fcec000000, 0x000001fcee000000|  0%| F|  |TAMS 0x000001fcec000000, 0x000001fcec000000| Untracked 
| 168|0x000001fcee000000, 0x000001fcee000000, 0x000001fcf0000000|  0%| F|  |TAMS 0x000001fcee000000, 0x000001fcee000000| Untracked 
| 169|0x000001fcf0000000, 0x000001fcf0000000, 0x000001fcf2000000|  0%| F|  |TAMS 0x000001fcf0000000, 0x000001fcf0000000| Untracked 
| 170|0x000001fcf2000000, 0x000001fcf2000000, 0x000001fcf4000000|  0%| F|  |TAMS 0x000001fcf2000000, 0x000001fcf2000000| Untracked 
| 171|0x000001fcf4000000, 0x000001fcf4000000, 0x000001fcf6000000|  0%| F|  |TAMS 0x000001fcf4000000, 0x000001fcf4000000| Untracked 
| 172|0x000001fcf6000000, 0x000001fcf6000000, 0x000001fcf8000000|  0%| F|  |TAMS 0x000001fcf6000000, 0x000001fcf6000000| Untracked 
| 173|0x000001fcf8000000, 0x000001fcf8000000, 0x000001fcfa000000|  0%| F|  |TAMS 0x000001fcf8000000, 0x000001fcf8000000| Untracked 
| 174|0x000001fcfa000000, 0x000001fcfa000000, 0x000001fcfc000000|  0%| F|  |TAMS 0x000001fcfa000000, 0x000001fcfa000000| Untracked 
| 175|0x000001fcfc000000, 0x000001fcfc000000, 0x000001fcfe000000|  0%| F|  |TAMS 0x000001fcfc000000, 0x000001fcfc000000| Untracked 
| 176|0x000001fcfe000000, 0x000001fcfe000000, 0x000001fd00000000|  0%| F|  |TAMS 0x000001fcfe000000, 0x000001fcfe000000| Untracked 
| 177|0x000001fd00000000, 0x000001fd00000000, 0x000001fd02000000|  0%| F|  |TAMS 0x000001fd00000000, 0x000001fd00000000| Untracked 
| 178|0x000001fd02000000, 0x000001fd02000000, 0x000001fd04000000|  0%| F|  |TAMS 0x000001fd02000000, 0x000001fd02000000| Untracked 
| 179|0x000001fd04000000, 0x000001fd04000000, 0x000001fd06000000|  0%| F|  |TAMS 0x000001fd04000000, 0x000001fd04000000| Untracked 
| 180|0x000001fd06000000, 0x000001fd06000000, 0x000001fd08000000|  0%| F|  |TAMS 0x000001fd06000000, 0x000001fd06000000| Untracked 
| 181|0x000001fd08000000, 0x000001fd08000000, 0x000001fd0a000000|  0%| F|  |TAMS 0x000001fd08000000, 0x000001fd08000000| Untracked 
| 182|0x000001fd0a000000, 0x000001fd0a000000, 0x000001fd0c000000|  0%| F|  |TAMS 0x000001fd0a000000, 0x000001fd0a000000| Untracked 
| 183|0x000001fd0c000000, 0x000001fd0c000000, 0x000001fd0e000000|  0%| F|  |TAMS 0x000001fd0c000000, 0x000001fd0c000000| Untracked 
| 184|0x000001fd0e000000, 0x000001fd0e000000, 0x000001fd10000000|  0%| F|  |TAMS 0x000001fd0e000000, 0x000001fd0e000000| Untracked 
| 185|0x000001fd10000000, 0x000001fd10000000, 0x000001fd12000000|  0%| F|  |TAMS 0x000001fd10000000, 0x000001fd10000000| Untracked 
| 186|0x000001fd12000000, 0x000001fd12000000, 0x000001fd14000000|  0%| F|  |TAMS 0x000001fd12000000, 0x000001fd12000000| Untracked 
| 187|0x000001fd14000000, 0x000001fd14000000, 0x000001fd16000000|  0%| F|  |TAMS 0x000001fd14000000, 0x000001fd14000000| Untracked 
| 188|0x000001fd16000000, 0x000001fd16000000, 0x000001fd18000000|  0%| F|  |TAMS 0x000001fd16000000, 0x000001fd16000000| Untracked 
| 189|0x000001fd18000000, 0x000001fd18000000, 0x000001fd1a000000|  0%| F|  |TAMS 0x000001fd18000000, 0x000001fd18000000| Untracked 
| 190|0x000001fd1a000000, 0x000001fd1a000000, 0x000001fd1c000000|  0%| F|  |TAMS 0x000001fd1a000000, 0x000001fd1a000000| Untracked 
| 191|0x000001fd1c000000, 0x000001fd1c000000, 0x000001fd1e000000|  0%| F|  |TAMS 0x000001fd1c000000, 0x000001fd1c000000| Untracked 
| 192|0x000001fd1e000000, 0x000001fd1e000000, 0x000001fd20000000|  0%| F|  |TAMS 0x000001fd1e000000, 0x000001fd1e000000| Untracked 
| 193|0x000001fd20000000, 0x000001fd20000000, 0x000001fd22000000|  0%| F|  |TAMS 0x000001fd20000000, 0x000001fd20000000| Untracked 
| 194|0x000001fd22000000, 0x000001fd22000000, 0x000001fd24000000|  0%| F|  |TAMS 0x000001fd22000000, 0x000001fd22000000| Untracked 
| 195|0x000001fd24000000, 0x000001fd24000000, 0x000001fd26000000|  0%| F|  |TAMS 0x000001fd24000000, 0x000001fd24000000| Untracked 
| 196|0x000001fd26000000, 0x000001fd26000000, 0x000001fd28000000|  0%| F|  |TAMS 0x000001fd26000000, 0x000001fd26000000| Untracked 
| 197|0x000001fd28000000, 0x000001fd28000000, 0x000001fd2a000000|  0%| F|  |TAMS 0x000001fd28000000, 0x000001fd28000000| Untracked 
| 198|0x000001fd2a000000, 0x000001fd2a000000, 0x000001fd2c000000|  0%| F|  |TAMS 0x000001fd2a000000, 0x000001fd2a000000| Untracked 
| 199|0x000001fd2c000000, 0x000001fd2c000000, 0x000001fd2e000000|  0%| F|  |TAMS 0x000001fd2c000000, 0x000001fd2c000000| Untracked 
| 200|0x000001fd2e000000, 0x000001fd2e000000, 0x000001fd30000000|  0%| F|  |TAMS 0x000001fd2e000000, 0x000001fd2e000000| Untracked 
| 201|0x000001fd30000000, 0x000001fd30000000, 0x000001fd32000000|  0%| F|  |TAMS 0x000001fd30000000, 0x000001fd30000000| Untracked 
| 202|0x000001fd32000000, 0x000001fd32000000, 0x000001fd34000000|  0%| F|  |TAMS 0x000001fd32000000, 0x000001fd32000000| Untracked 
| 203|0x000001fd34000000, 0x000001fd34000000, 0x000001fd36000000|  0%| F|  |TAMS 0x000001fd34000000, 0x000001fd34000000| Untracked 
| 204|0x000001fd36000000, 0x000001fd36000000, 0x000001fd38000000|  0%| F|  |TAMS 0x000001fd36000000, 0x000001fd36000000| Untracked 
| 205|0x000001fd38000000, 0x000001fd38000000, 0x000001fd3a000000|  0%| F|  |TAMS 0x000001fd38000000, 0x000001fd38000000| Untracked 
| 206|0x000001fd3a000000, 0x000001fd3a000000, 0x000001fd3c000000|  0%| F|  |TAMS 0x000001fd3a000000, 0x000001fd3a000000| Untracked 
| 207|0x000001fd3c000000, 0x000001fd3c000000, 0x000001fd3e000000|  0%| F|  |TAMS 0x000001fd3c000000, 0x000001fd3c000000| Untracked 
| 208|0x000001fd3e000000, 0x000001fd3e000000, 0x000001fd40000000|  0%| F|  |TAMS 0x000001fd3e000000, 0x000001fd3e000000| Untracked 
| 209|0x000001fd40000000, 0x000001fd40000000, 0x000001fd42000000|  0%| F|  |TAMS 0x000001fd40000000, 0x000001fd40000000| Untracked 
| 210|0x000001fd42000000, 0x000001fd42000000, 0x000001fd44000000|  0%| F|  |TAMS 0x000001fd42000000, 0x000001fd42000000| Untracked 
| 211|0x000001fd44000000, 0x000001fd44000000, 0x000001fd46000000|  0%| F|  |TAMS 0x000001fd44000000, 0x000001fd44000000| Untracked 
| 212|0x000001fd46000000, 0x000001fd46000000, 0x000001fd48000000|  0%| F|  |TAMS 0x000001fd46000000, 0x000001fd46000000| Untracked 
| 213|0x000001fd48000000, 0x000001fd48000000, 0x000001fd4a000000|  0%| F|  |TAMS 0x000001fd48000000, 0x000001fd48000000| Untracked 
| 214|0x000001fd4a000000, 0x000001fd4a000000, 0x000001fd4c000000|  0%| F|  |TAMS 0x000001fd4a000000, 0x000001fd4a000000| Untracked 
| 215|0x000001fd4c000000, 0x000001fd4c000000, 0x000001fd4e000000|  0%| F|  |TAMS 0x000001fd4c000000, 0x000001fd4c000000| Untracked 
| 216|0x000001fd4e000000, 0x000001fd4e000000, 0x000001fd50000000|  0%| F|  |TAMS 0x000001fd4e000000, 0x000001fd4e000000| Untracked 
| 217|0x000001fd50000000, 0x000001fd50000000, 0x000001fd52000000|  0%| F|  |TAMS 0x000001fd50000000, 0x000001fd50000000| Untracked 
| 218|0x000001fd52000000, 0x000001fd52000000, 0x000001fd54000000|  0%| F|  |TAMS 0x000001fd52000000, 0x000001fd52000000| Untracked 
| 219|0x000001fd54000000, 0x000001fd54000000, 0x000001fd56000000|  0%| F|  |TAMS 0x000001fd54000000, 0x000001fd54000000| Untracked 
| 220|0x000001fd56000000, 0x000001fd56000000, 0x000001fd58000000|  0%| F|  |TAMS 0x000001fd56000000, 0x000001fd56000000| Untracked 
| 221|0x000001fd58000000, 0x000001fd58000000, 0x000001fd5a000000|  0%| F|  |TAMS 0x000001fd58000000, 0x000001fd58000000| Untracked 
| 222|0x000001fd5a000000, 0x000001fd5a000000, 0x000001fd5c000000|  0%| F|  |TAMS 0x000001fd5a000000, 0x000001fd5a000000| Untracked 
| 223|0x000001fd5c000000, 0x000001fd5c000000, 0x000001fd5e000000|  0%| F|  |TAMS 0x000001fd5c000000, 0x000001fd5c000000| Untracked 
| 224|0x000001fd5e000000, 0x000001fd5e000000, 0x000001fd60000000|  0%| F|  |TAMS 0x000001fd5e000000, 0x000001fd5e000000| Untracked 
| 225|0x000001fd60000000, 0x000001fd60000000, 0x000001fd62000000|  0%| F|  |TAMS 0x000001fd60000000, 0x000001fd60000000| Untracked 
| 226|0x000001fd62000000, 0x000001fd62000000, 0x000001fd64000000|  0%| F|  |TAMS 0x000001fd62000000, 0x000001fd62000000| Untracked 
| 227|0x000001fd64000000, 0x000001fd64000000, 0x000001fd66000000|  0%| F|  |TAMS 0x000001fd64000000, 0x000001fd64000000| Untracked 
| 228|0x000001fd66000000, 0x000001fd66000000, 0x000001fd68000000|  0%| F|  |TAMS 0x000001fd66000000, 0x000001fd66000000| Untracked 
| 229|0x000001fd68000000, 0x000001fd68000000, 0x000001fd6a000000|  0%| F|  |TAMS 0x000001fd68000000, 0x000001fd68000000| Untracked 
| 230|0x000001fd6a000000, 0x000001fd6a000000, 0x000001fd6c000000|  0%| F|  |TAMS 0x000001fd6a000000, 0x000001fd6a000000| Untracked 
| 231|0x000001fd6c000000, 0x000001fd6c000000, 0x000001fd6e000000|  0%| F|  |TAMS 0x000001fd6c000000, 0x000001fd6c000000| Untracked 
| 232|0x000001fd6e000000, 0x000001fd6e000000, 0x000001fd70000000|  0%| F|  |TAMS 0x000001fd6e000000, 0x000001fd6e000000| Untracked 
| 233|0x000001fd70000000, 0x000001fd70000000, 0x000001fd72000000|  0%| F|  |TAMS 0x000001fd70000000, 0x000001fd70000000| Untracked 
| 234|0x000001fd72000000, 0x000001fd72000000, 0x000001fd74000000|  0%| F|  |TAMS 0x000001fd72000000, 0x000001fd72000000| Untracked 
| 235|0x000001fd74000000, 0x000001fd74000000, 0x000001fd76000000|  0%| F|  |TAMS 0x000001fd74000000, 0x000001fd74000000| Untracked 
| 236|0x000001fd76000000, 0x000001fd76000000, 0x000001fd78000000|  0%| F|  |TAMS 0x000001fd76000000, 0x000001fd76000000| Untracked 
| 237|0x000001fd78000000, 0x000001fd78000000, 0x000001fd7a000000|  0%| F|  |TAMS 0x000001fd78000000, 0x000001fd78000000| Untracked 
| 238|0x000001fd7a000000, 0x000001fd7a000000, 0x000001fd7c000000|  0%| F|  |TAMS 0x000001fd7a000000, 0x000001fd7a000000| Untracked 
| 239|0x000001fd7c000000, 0x000001fd7c000000, 0x000001fd7e000000|  0%| F|  |TAMS 0x000001fd7c000000, 0x000001fd7c000000| Untracked 
| 240|0x000001fd7e000000, 0x000001fd7e000000, 0x000001fd80000000|  0%| F|  |TAMS 0x000001fd7e000000, 0x000001fd7e000000| Untracked 
| 241|0x000001fd80000000, 0x000001fd80000000, 0x000001fd82000000|  0%| F|  |TAMS 0x000001fd80000000, 0x000001fd80000000| Untracked 
| 242|0x000001fd82000000, 0x000001fd82000000, 0x000001fd84000000|  0%| F|  |TAMS 0x000001fd82000000, 0x000001fd82000000| Untracked 
| 243|0x000001fd84000000, 0x000001fd84000000, 0x000001fd86000000|  0%| F|  |TAMS 0x000001fd84000000, 0x000001fd84000000| Untracked 
| 244|0x000001fd86000000, 0x000001fd86000000, 0x000001fd88000000|  0%| F|  |TAMS 0x000001fd86000000, 0x000001fd86000000| Untracked 
| 245|0x000001fd88000000, 0x000001fd88000000, 0x000001fd8a000000|  0%| F|  |TAMS 0x000001fd88000000, 0x000001fd88000000| Untracked 
| 246|0x000001fd8a000000, 0x000001fd8a000000, 0x000001fd8c000000|  0%| F|  |TAMS 0x000001fd8a000000, 0x000001fd8a000000| Untracked 
| 247|0x000001fd8c000000, 0x000001fd8c000000, 0x000001fd8e000000|  0%| F|  |TAMS 0x000001fd8c000000, 0x000001fd8c000000| Untracked 
| 248|0x000001fd8e000000, 0x000001fd8e000000, 0x000001fd90000000|  0%| F|  |TAMS 0x000001fd8e000000, 0x000001fd8e000000| Untracked 
| 249|0x000001fd90000000, 0x000001fd90000000, 0x000001fd92000000|  0%| F|  |TAMS 0x000001fd90000000, 0x000001fd90000000| Untracked 
| 250|0x000001fd92000000, 0x000001fd92000000, 0x000001fd94000000|  0%| F|  |TAMS 0x000001fd92000000, 0x000001fd92000000| Untracked 
| 251|0x000001fd94000000, 0x000001fd94000000, 0x000001fd96000000|  0%| F|  |TAMS 0x000001fd94000000, 0x000001fd94000000| Untracked 
| 252|0x000001fd96000000, 0x000001fd96000000, 0x000001fd98000000|  0%| F|  |TAMS 0x000001fd96000000, 0x000001fd96000000| Untracked 
| 253|0x000001fd98000000, 0x000001fd98000000, 0x000001fd9a000000|  0%| F|  |TAMS 0x000001fd98000000, 0x000001fd98000000| Untracked 
| 254|0x000001fd9a000000, 0x000001fd9a000000, 0x000001fd9c000000|  0%| F|  |TAMS 0x000001fd9a000000, 0x000001fd9a000000| Untracked 
| 255|0x000001fd9c000000, 0x000001fd9c000000, 0x000001fd9e000000|  0%| F|  |TAMS 0x000001fd9c000000, 0x000001fd9c000000| Untracked 
| 256|0x000001fd9e000000, 0x000001fd9e000000, 0x000001fda0000000|  0%| F|  |TAMS 0x000001fd9e000000, 0x000001fd9e000000| Untracked 
| 257|0x000001fda0000000, 0x000001fda0000000, 0x000001fda2000000|  0%| F|  |TAMS 0x000001fda0000000, 0x000001fda0000000| Untracked 
| 258|0x000001fda2000000, 0x000001fda2000000, 0x000001fda4000000|  0%| F|  |TAMS 0x000001fda2000000, 0x000001fda2000000| Untracked 
| 259|0x000001fda4000000, 0x000001fda4000000, 0x000001fda6000000|  0%| F|  |TAMS 0x000001fda4000000, 0x000001fda4000000| Untracked 
| 260|0x000001fda6000000, 0x000001fda6000000, 0x000001fda8000000|  0%| F|  |TAMS 0x000001fda6000000, 0x000001fda6000000| Untracked 
| 261|0x000001fda8000000, 0x000001fda8000000, 0x000001fdaa000000|  0%| F|  |TAMS 0x000001fda8000000, 0x000001fda8000000| Untracked 
| 262|0x000001fdaa000000, 0x000001fdaa000000, 0x000001fdac000000|  0%| F|  |TAMS 0x000001fdaa000000, 0x000001fdaa000000| Untracked 
| 263|0x000001fdac000000, 0x000001fdac000000, 0x000001fdae000000|  0%| F|  |TAMS 0x000001fdac000000, 0x000001fdac000000| Untracked 
| 264|0x000001fdae000000, 0x000001fdae000000, 0x000001fdb0000000|  0%| F|  |TAMS 0x000001fdae000000, 0x000001fdae000000| Untracked 
| 265|0x000001fdb0000000, 0x000001fdb0000000, 0x000001fdb2000000|  0%| F|  |TAMS 0x000001fdb0000000, 0x000001fdb0000000| Untracked 
| 266|0x000001fdb2000000, 0x000001fdb2000000, 0x000001fdb4000000|  0%| F|  |TAMS 0x000001fdb2000000, 0x000001fdb2000000| Untracked 
| 267|0x000001fdb4000000, 0x000001fdb4000000, 0x000001fdb6000000|  0%| F|  |TAMS 0x000001fdb4000000, 0x000001fdb4000000| Untracked 
| 268|0x000001fdb6000000, 0x000001fdb6000000, 0x000001fdb8000000|  0%| F|  |TAMS 0x000001fdb6000000, 0x000001fdb6000000| Untracked 
| 269|0x000001fdb8000000, 0x000001fdb8000000, 0x000001fdba000000|  0%| F|  |TAMS 0x000001fdb8000000, 0x000001fdb8000000| Untracked 
| 270|0x000001fdba000000, 0x000001fdba000000, 0x000001fdbc000000|  0%| F|  |TAMS 0x000001fdba000000, 0x000001fdba000000| Untracked 
| 271|0x000001fdbc000000, 0x000001fdbc000000, 0x000001fdbe000000|  0%| F|  |TAMS 0x000001fdbc000000, 0x000001fdbc000000| Untracked 
| 272|0x000001fdbe000000, 0x000001fdbe000000, 0x000001fdc0000000|  0%| F|  |TAMS 0x000001fdbe000000, 0x000001fdbe000000| Untracked 
| 273|0x000001fdc0000000, 0x000001fdc0000000, 0x000001fdc2000000|  0%| F|  |TAMS 0x000001fdc0000000, 0x000001fdc0000000| Untracked 
| 274|0x000001fdc2000000, 0x000001fdc2000000, 0x000001fdc4000000|  0%| F|  |TAMS 0x000001fdc2000000, 0x000001fdc2000000| Untracked 
| 275|0x000001fdc4000000, 0x000001fdc4000000, 0x000001fdc6000000|  0%| F|  |TAMS 0x000001fdc4000000, 0x000001fdc4000000| Untracked 
| 276|0x000001fdc6000000, 0x000001fdc6000000, 0x000001fdc8000000|  0%| F|  |TAMS 0x000001fdc6000000, 0x000001fdc6000000| Untracked 
| 277|0x000001fdc8000000, 0x000001fdc8000000, 0x000001fdca000000|  0%| F|  |TAMS 0x000001fdc8000000, 0x000001fdc8000000| Untracked 
| 278|0x000001fdca000000, 0x000001fdca000000, 0x000001fdcc000000|  0%| F|  |TAMS 0x000001fdca000000, 0x000001fdca000000| Untracked 
| 279|0x000001fdcc000000, 0x000001fdcc000000, 0x000001fdce000000|  0%| F|  |TAMS 0x000001fdcc000000, 0x000001fdcc000000| Untracked 
| 280|0x000001fdce000000, 0x000001fdce000000, 0x000001fdd0000000|  0%| F|  |TAMS 0x000001fdce000000, 0x000001fdce000000| Untracked 
| 281|0x000001fdd0000000, 0x000001fdd0000000, 0x000001fdd2000000|  0%| F|  |TAMS 0x000001fdd0000000, 0x000001fdd0000000| Untracked 
| 282|0x000001fdd2000000, 0x000001fdd2000000, 0x000001fdd4000000|  0%| F|  |TAMS 0x000001fdd2000000, 0x000001fdd2000000| Untracked 
| 283|0x000001fdd4000000, 0x000001fdd4000000, 0x000001fdd6000000|  0%| F|  |TAMS 0x000001fdd4000000, 0x000001fdd4000000| Untracked 
| 284|0x000001fdd6000000, 0x000001fdd6000000, 0x000001fdd8000000|  0%| F|  |TAMS 0x000001fdd6000000, 0x000001fdd6000000| Untracked 
| 285|0x000001fdd8000000, 0x000001fdd8000000, 0x000001fdda000000|  0%| F|  |TAMS 0x000001fdd8000000, 0x000001fdd8000000| Untracked 
| 286|0x000001fdda000000, 0x000001fdda000000, 0x000001fddc000000|  0%| F|  |TAMS 0x000001fdda000000, 0x000001fdda000000| Untracked 
| 287|0x000001fddc000000, 0x000001fddc000000, 0x000001fdde000000|  0%| F|  |TAMS 0x000001fddc000000, 0x000001fddc000000| Untracked 
| 288|0x000001fdde000000, 0x000001fdde000000, 0x000001fde0000000|  0%| F|  |TAMS 0x000001fdde000000, 0x000001fdde000000| Untracked 
| 289|0x000001fde0000000, 0x000001fde0000000, 0x000001fde2000000|  0%| F|  |TAMS 0x000001fde0000000, 0x000001fde0000000| Untracked 
| 290|0x000001fde2000000, 0x000001fde2000000, 0x000001fde4000000|  0%| F|  |TAMS 0x000001fde2000000, 0x000001fde2000000| Untracked 
| 291|0x000001fde4000000, 0x000001fde4000000, 0x000001fde6000000|  0%| F|  |TAMS 0x000001fde4000000, 0x000001fde4000000| Untracked 
| 292|0x000001fde6000000, 0x000001fde6000000, 0x000001fde8000000|  0%| F|  |TAMS 0x000001fde6000000, 0x000001fde6000000| Untracked 
| 293|0x000001fde8000000, 0x000001fde8000000, 0x000001fdea000000|  0%| F|  |TAMS 0x000001fde8000000, 0x000001fde8000000| Untracked 
| 294|0x000001fdea000000, 0x000001fdea000000, 0x000001fdec000000|  0%| F|  |TAMS 0x000001fdea000000, 0x000001fdea000000| Untracked 
| 295|0x000001fdec000000, 0x000001fdec000000, 0x000001fdee000000|  0%| F|  |TAMS 0x000001fdec000000, 0x000001fdec000000| Untracked 
| 296|0x000001fdee000000, 0x000001fdf0000000, 0x000001fdf0000000|100%| S|CS|TAMS 0x000001fdee000000, 0x000001fdee000000| Complete 
| 297|0x000001fdf0000000, 0x000001fdf0000000, 0x000001fdf2000000|  0%| F|  |TAMS 0x000001fdf0000000, 0x000001fdf0000000| Untracked 
| 298|0x000001fdf2000000, 0x000001fdf2000000, 0x000001fdf4000000|  0%| F|  |TAMS 0x000001fdf2000000, 0x000001fdf2000000| Untracked 
| 299|0x000001fdf4000000, 0x000001fdf6000000, 0x000001fdf6000000|100%| S|CS|TAMS 0x000001fdf4000000, 0x000001fdf4000000| Complete 
| 300|0x000001fdf6000000, 0x000001fdf6000000, 0x000001fdf8000000|  0%| F|  |TAMS 0x000001fdf6000000, 0x000001fdf6000000| Untracked 
| 301|0x000001fdf8000000, 0x000001fdf8000000, 0x000001fdfa000000|  0%| F|  |TAMS 0x000001fdf8000000, 0x000001fdf8000000| Untracked 
| 302|0x000001fdfa000000, 0x000001fdfa000000, 0x000001fdfc000000|  0%| F|  |TAMS 0x000001fdfa000000, 0x000001fdfa000000| Untracked 
| 303|0x000001fdfc000000, 0x000001fdfc000000, 0x000001fdfe000000|  0%| F|  |TAMS 0x000001fdfc000000, 0x000001fdfc000000| Untracked 
| 304|0x000001fdfe000000, 0x000001fdfe000000, 0x000001fe00000000|  0%| F|  |TAMS 0x000001fdfe000000, 0x000001fdfe000000| Untracked 
| 305|0x000001fe00000000, 0x000001fe00000000, 0x000001fe02000000|  0%| F|  |TAMS 0x000001fe00000000, 0x000001fe00000000| Untracked 
| 306|0x000001fe02000000, 0x000001fe02000000, 0x000001fe04000000|  0%| F|  |TAMS 0x000001fe02000000, 0x000001fe02000000| Untracked 
| 307|0x000001fe04000000, 0x000001fe04000000, 0x000001fe06000000|  0%| F|  |TAMS 0x000001fe04000000, 0x000001fe04000000| Untracked 
| 308|0x000001fe06000000, 0x000001fe06000000, 0x000001fe08000000|  0%| F|  |TAMS 0x000001fe06000000, 0x000001fe06000000| Untracked 
| 309|0x000001fe08000000, 0x000001fe08000000, 0x000001fe0a000000|  0%| F|  |TAMS 0x000001fe08000000, 0x000001fe08000000| Untracked 
| 310|0x000001fe0a000000, 0x000001fe0a000000, 0x000001fe0c000000|  0%| F|  |TAMS 0x000001fe0a000000, 0x000001fe0a000000| Untracked 
| 311|0x000001fe0c000000, 0x000001fe0c000000, 0x000001fe0e000000|  0%| F|  |TAMS 0x000001fe0c000000, 0x000001fe0c000000| Untracked 
| 312|0x000001fe0e000000, 0x000001fe0e000000, 0x000001fe10000000|  0%| F|  |TAMS 0x000001fe0e000000, 0x000001fe0e000000| Untracked 
|7038|0x000002329a000000, 0x000002329c000000, 0x000002329c000000|100%| O|  |TAMS 0x000002329a000000, 0x000002329a000000| Untracked 
|7039|0x000002329c000000, 0x000002329e000000, 0x000002329e000000|100%| O|  |TAMS 0x000002329c000000, 0x000002329c000000| Untracked 

Card table byte_map: [0x00000232b9800000,0x00000232d5000000] _byte_map_base: 0x00000231bbb10000

Marking Bits (Prev, Next): (CMBitMap*) 0x000001fb853223f0, (CMBitMap*) 0x000001fb853223b0
 Prev Bits: [0x00000233cc800000, 0x00000234a8800000)
 Next Bits: [0x00000232f0800000, 0x00000233cc800000)

Polling page: 0x000001fb82f80000

Metaspace:

Usage:
  Non-class:      7.02 MB used.
      Class:    715.14 KB used.
       Both:      7.72 MB used.

Virtual space:
  Non-class space:       64.00 MB reserved,       7.19 MB ( 11%) committed,  1 nodes.
      Class space:        1.00 GB reserved,     832.00 KB ( <1%) committed,  1 nodes.
             Both:        1.06 GB reserved,       8.00 MB ( <1%) committed. 

Chunk freelists:
   Non-Class:  239.00 KB
       Class:  3.01 MB
        Both:  3.25 MB

MaxMetaspaceSize: unlimited
CompressedClassSpaceSize: 1.00 GB
Initial GC threshold: 21.00 MB
Current GC threshold: 21.00 MB
CDS: on
MetaspaceReclaimPolicy: balanced
 - commit_granule_bytes: 65536.
 - commit_granule_words: 8192.
 - virtual_space_node_default_size: 8388608.
 - enlarge_chunks_in_place: 1.
 - new_chunks_are_fully_committed: 0.
 - uncommit_free_chunks: 1.
 - use_allocation_guard: 0.


Internal statistics:

num_allocs_failed_limit: 0.
num_arena_births: 312.
num_arena_deaths: 0.
num_vsnodes_births: 2.
num_vsnodes_deaths: 0.
num_space_committed: 128.
num_space_uncommitted: 0.
num_chunks_returned_to_freelist: 0.
num_chunks_taken_from_freelist: 488.
num_chunk_merges: 0.
num_chunk_splits: 323.
num_chunks_enlarged: 199.
num_inconsistent_stats: 0.

CodeHeap 'non-profiled nmethods': size=119168Kb used=802Kb max_used=802Kb free=118365Kb
 bounds [0x000001fb94760000, 0x000001fb949d0000, 0x000001fb9bbc0000]
CodeHeap 'profiled nmethods': size=119104Kb used=3570Kb max_used=3570Kb free=115533Kb
 bounds [0x000001fb8d310000, 0x000001fb8d690000, 0x000001fb94760000]
CodeHeap 'non-nmethods': size=7488Kb used=2968Kb max_used=3060Kb free=4519Kb
 bounds [0x000001fb8cbc0000, 0x000001fb8cec0000, 0x000001fb8d310000]
 total_blobs=2547 nmethods=1966 adapters=490
 compilation: enabled
              stopped_count=0, restarted_count=0
 full_count=0

Compilation events (20 events):
Event: 0.772 Thread 0x00000234afbb55d0 1958       4       java.util.ArrayList::<init> (61 bytes)
Event: 0.773 Thread 0x00000234afa7b7f0 1959       4       ltsa.lts.MyHashStack::mark (38 bytes)
Event: 0.774 Thread 0x00000234afa7b7f0 nmethod 1959 0x000001fb94817a90 code [0x000001fb94817c20, 0x000001fb94817de8]
Event: 0.775 Thread 0x00000234afbb55d0 nmethod 1958 0x000001fb94817f90 code [0x000001fb94818120, 0x000001fb94818498]
Event: 0.778 Thread 0x00000234afb94b40 1960       4       ltsa.lts.DFSCompositionEngine::processNextState (162 bytes)
Event: 0.778 Thread 0x00000234afa7b7f0 1961       4       ltsa.lts.ModelExplorerContext::addStateToComponentStates (32 bytes)
Event: 0.780 Thread 0x00000234afa7b7f0 nmethod 1961 0x000001fb94818590 code [0x000001fb94818720, 0x000001fb94818b48]
Event: 0.798 Thread 0x00000234afbb55d0 1962       4       ltsa.lts.DFSCompositionEngine::removeNextState (10 bytes)
Event: 0.799 Thread 0x00000234ab5a0e90 nmethod 1956 0x000001fb94818d90 code [0x000001fb94818fc0, 0x000001fb9481adc8]
Event: 0.800 Thread 0x00000234aff69dd0 nmethod 1947 0x000001fb9481bc10 code [0x000001fb9481bea0, 0x000001fb9481eff0]
Event: 0.800 Thread 0x00000234afbb55d0 nmethod 1962 0x000001fb94821110 code [0x000001fb948212a0, 0x000001fb94821458]
Event: 0.882 Thread 0x00000234afb94b40 nmethod 1960 0x000001fb94821590 code [0x000001fb94821800, 0x000001fb94823ed0]
Event: 1.177 Thread 0x00000234afc88020 1963 %     3       ltsa.lts.Analyser::newState_compose @ 176 (355 bytes)
Event: 1.178 Thread 0x00000234afc88020 nmethod 1963% 0x000001fb8d686a10 code [0x000001fb8d686e20, 0x000001fb8d688e08]
Event: 1.182 Thread 0x00000234ab52c990 1964       3       ltsa.lts.Analyser::newState_compose (355 bytes)
Event: 1.183 Thread 0x00000234ab52c990 nmethod 1964 0x000001fb8d689a90 code [0x000001fb8d689ea0, 0x000001fb8d68bd88]
Event: 1.191 Thread 0x00000234ab402fd0 1965       4       ltsa.lts.MyHashStack::pop (38 bytes)
Event: 1.192 Thread 0x00000234ab402fd0 nmethod 1965 0x000001fb94825690 code [0x000001fb94825800, 0x000001fb94825978]
Event: 1.476 Thread 0x00000234ab5a0e90 1966 %     4       ltsa.lts.Analyser::newState_compose @ 176 (355 bytes)
Event: 1.495 Thread 0x00000234ab5a0e90 nmethod 1966% 0x000001fb94825a10 code [0x000001fb94825c80, 0x000001fb948276f0]

GC Heap History (20 events):
Event: 0.968 GC heap after
{Heap after GC invocations=21 (full 15):
 garbage-first heap   total 1146880K, used 130166K [0x000001fb9e000000, 0x000002329e000000)
  region size 32768K, 1 young (32768K), 1 survivors (32768K)
 Metaspace       used 7895K, committed 8192K, reserved 1114112K
  class space    used 714K, committed 832K, reserved 1048576K
}
Event: 0.990 GC heap before
{Heap before GC invocations=21 (full 15):
 garbage-first heap   total 1146880K, used 162934K [0x000001fb9e000000, 0x000002329e000000)
  region size 32768K, 2 young (65536K), 1 survivors (32768K)
 Metaspace       used 7895K, committed 8192K, reserved 1114112K
  class space    used 714K, committed 832K, reserved 1048576K
}
Event: 1.012 GC heap after
{Heap after GC invocations=22 (full 15):
 garbage-first heap   total 1146880K, used 149956K [0x000001fb9e000000, 0x000002329e000000)
  region size 32768K, 1 young (32768K), 1 survivors (32768K)
 Metaspace       used 7895K, committed 8192K, reserved 1114112K
  class space    used 714K, committed 832K, reserved 1048576K
}
Event: 1.096 GC heap before
{Heap before GC invocations=22 (full 15):
 garbage-first heap   total 1146880K, used 215492K [0x000001fb9e000000, 0x000002329e000000)
  region size 32768K, 3 young (98304K), 1 survivors (32768K)
 Metaspace       used 7895K, committed 8192K, reserved 1114112K
  class space    used 714K, committed 832K, reserved 1048576K
}
Event: 1.132 GC heap after
{Heap after GC invocations=23 (full 15):
 garbage-first heap   total 3440640K, used 190045K [0x000001fb9e000000, 0x000002329e000000)
  region size 32768K, 1 young (32768K), 1 survivors (32768K)
 Metaspace       used 7895K, committed 8192K, reserved 1114112K
  class space    used 714K, committed 832K, reserved 1048576K
}
Event: 1.247 GC heap before
{Heap before GC invocations=23 (full 15):
 garbage-first heap   total 3440640K, used 321117K [0x000001fb9e000000, 0x000002329e000000)
  region size 32768K, 5 young (163840K), 1 survivors (32768K)
 Metaspace       used 7906K, committed 8192K, reserved 1114112K
  class space    used 715K, committed 832K, reserved 1048576K
}
Event: 1.294 GC heap after
{Heap after GC invocations=24 (full 15):
 garbage-first heap   total 3440640K, used 264209K [0x000001fb9e000000, 0x000002329e000000)
  region size 32768K, 1 young (32768K), 1 survivors (32768K)
 Metaspace       used 7906K, committed 8192K, reserved 1114112K
  class space    used 715K, committed 832K, reserved 1048576K
}
Event: 1.420 GC heap before
{Heap before GC invocations=24 (full 15):
 garbage-first heap   total 3440640K, used 428049K [0x000001fb9e000000, 0x000002329e000000)
  region size 32768K, 5 young (163840K), 1 survivors (32768K)
 Metaspace       used 7906K, committed 8192K, reserved 1114112K
  class space    used 715K, committed 832K, reserved 1048576K
}
Event: 1.471 GC heap after
{Heap after GC invocations=25 (full 15):
 garbage-first heap   total 3440640K, used 375213K [0x000001fb9e000000, 0x000002329e000000)
  region size 32768K, 1 young (32768K), 1 survivors (32768K)
 Metaspace       used 7906K, committed 8192K, reserved 1114112K
  class space    used 715K, committed 832K, reserved 1048576K
}
Event: 1.554 GC heap before
{Heap before GC invocations=25 (full 15):
 garbage-first heap   total 3440640K, used 506285K [0x000001fb9e000000, 0x000002329e000000)
  region size 32768K, 5 young (163840K), 1 survivors (32768K)
 Metaspace       used 7906K, committed 8192K, reserved 1114112K
  class space    used 715K, committed 832K, reserved 1048576K
}
Event: 1.603 GC heap after
{Heap after GC invocations=26 (full 15):
 garbage-first heap   total 3440640K, used 452950K [0x000001fb9e000000, 0x000002329e000000)
  region size 32768K, 1 young (32768K), 1 survivors (32768K)
 Metaspace       used 7906K, committed 8192K, reserved 1114112K
  class space    used 715K, committed 832K, reserved 1048576K
}
Event: 1.685 GC heap before
{Heap before GC invocations=26 (full 15):
 garbage-first heap   total 3440640K, used 584022K [0x000001fb9e000000, 0x000002329e000000)
  region size 32768K, 5 young (163840K), 1 survivors (32768K)
 Metaspace       used 7906K, committed 8192K, reserved 1114112K
  class space    used 715K, committed 832K, reserved 1048576K
}
Event: 1.746 GC heap after
{Heap after GC invocations=27 (full 15):
 garbage-first heap   total 10321920K, used 530876K [0x000001fb9e000000, 0x000002329e000000)
  region size 32768K, 1 young (32768K), 1 survivors (32768K)
 Metaspace       used 7906K, committed 8192K, reserved 1114112K
  class space    used 715K, committed 832K, reserved 1048576K
}
Event: 2.298 GC heap before
{Heap before GC invocations=27 (full 15):
 garbage-first heap   total 10321920K, used 1022396K [0x000001fb9e000000, 0x000002329e000000)
  region size 32768K, 15 young (491520K), 1 survivors (32768K)
 Metaspace       used 7906K, committed 8192K, reserved 1114112K
  class space    used 715K, committed 832K, reserved 1048576K
}
Event: 2.482 GC heap after
{Heap after GC invocations=28 (full 15):
 garbage-first heap   total 10321920K, used 856520K [0x000001fb9e000000, 0x000002329e000000)
  region size 32768K, 2 young (65536K), 2 survivors (65536K)
 Metaspace       used 7906K, committed 8192K, reserved 1114112K
  class space    used 715K, committed 832K, reserved 1048576K
}
Event: 2.773 GC heap before
{Heap before GC invocations=28 (full 15):
 garbage-first heap   total 10321920K, used 1282504K [0x000001fb9e000000, 0x000002329e000000)
  region size 32768K, 15 young (491520K), 2 survivors (65536K)
 Metaspace       used 7906K, committed 8192K, reserved 1114112K
  class space    used 715K, committed 832K, reserved 1048576K
}
Event: 2.930 GC heap after
{Heap after GC invocations=29 (full 15):
 garbage-first heap   total 10321920K, used 1100032K [0x000001fb9e000000, 0x000002329e000000)
  region size 32768K, 2 young (65536K), 2 survivors (65536K)
 Metaspace       used 7906K, committed 8192K, reserved 1114112K
  class space    used 715K, committed 832K, reserved 1048576K
}
Event: 3.402 GC heap before
{Heap before GC invocations=29 (full 15):
 garbage-first heap   total 10321920K, used 1624320K [0x000001fb9e000000, 0x000002329e000000)
  region size 32768K, 15 young (491520K), 2 survivors (65536K)
 Metaspace       used 7906K, committed 8192K, reserved 1114112K
  class space    used 715K, committed 832K, reserved 1048576K
}
Event: 3.565 GC heap after
{Heap after GC invocations=30 (full 15):
 garbage-first heap   total 10321920K, used 1455092K [0x000001fb9e000000, 0x000002329e000000)
  region size 32768K, 2 young (65536K), 2 survivors (65536K)
 Metaspace       used 7906K, committed 8192K, reserved 1114112K
  class space    used 715K, committed 832K, reserved 1048576K
}
Event: 3.856 GC heap before
{Heap before GC invocations=30 (full 15):
 garbage-first heap   total 10321920K, used 1881076K [0x000001fb9e000000, 0x000002329e000000)
  region size 32768K, 15 young (491520K), 2 survivors (65536K)
 Metaspace       used 7906K, committed 8192K, reserved 1114112K
  class space    used 715K, committed 832K, reserved 1048576K
}

Deoptimization events (20 events):
Event: 0.779 Thread 0x000001fb8308c7b0 DEOPT PACKING pc=0x000001fb8d4ec3b6 sp=0x000000b2423fe6b0
Event: 0.779 Thread 0x000001fb8308c7b0 DEOPT UNPACKING pc=0x000001fb8cc16763 sp=0x000000b2423fdc10 mode 0
Event: 0.780 Thread 0x000001fb8308c7b0 DEOPT PACKING pc=0x000001fb8d4ec4a4 sp=0x000000b2423fe6b0
Event: 0.780 Thread 0x000001fb8308c7b0 DEOPT UNPACKING pc=0x000001fb8cc16763 sp=0x000000b2423fdc10 mode 0
Event: 0.780 Thread 0x000001fb8308c7b0 DEOPT PACKING pc=0x000001fb8d4ec3b6 sp=0x000000b2423fe6b0
Event: 0.780 Thread 0x000001fb8308c7b0 DEOPT UNPACKING pc=0x000001fb8cc16763 sp=0x000000b2423fdc10 mode 0
Event: 0.780 Thread 0x000001fb8308c7b0 DEOPT PACKING pc=0x000001fb8d4ec4a4 sp=0x000000b2423fe6b0
Event: 0.780 Thread 0x000001fb8308c7b0 DEOPT UNPACKING pc=0x000001fb8cc16763 sp=0x000000b2423fdc10 mode 0
Event: 0.781 Thread 0x000001fb8308c7b0 DEOPT PACKING pc=0x000001fb8d4ec4a4 sp=0x000000b2423fe6b0
Event: 0.781 Thread 0x000001fb8308c7b0 DEOPT UNPACKING pc=0x000001fb8cc16763 sp=0x000000b2423fdc10 mode 0
Event: 0.781 Thread 0x000001fb8308c7b0 DEOPT PACKING pc=0x000001fb8d4ec3b6 sp=0x000000b2423fe6b0
Event: 0.781 Thread 0x000001fb8308c7b0 DEOPT UNPACKING pc=0x000001fb8cc16763 sp=0x000000b2423fdc10 mode 0
Event: 0.798 Thread 0x000001fb8308c7b0 DEOPT PACKING pc=0x000001fb8d4ec3b6 sp=0x000000b2423fe6b0
Event: 0.798 Thread 0x000001fb8308c7b0 DEOPT UNPACKING pc=0x000001fb8cc16763 sp=0x000000b2423fdc10 mode 0
Event: 0.798 Thread 0x000001fb8308c7b0 DEOPT PACKING pc=0x000001fb8d4ec3b6 sp=0x000000b2423fe6b0
Event: 0.798 Thread 0x000001fb8308c7b0 DEOPT UNPACKING pc=0x000001fb8cc16763 sp=0x000000b2423fdc10 mode 0
Event: 0.798 Thread 0x000001fb8308c7b0 DEOPT PACKING pc=0x000001fb8d4ec4a4 sp=0x000000b2423fe6b0
Event: 0.798 Thread 0x000001fb8308c7b0 DEOPT UNPACKING pc=0x000001fb8cc16763 sp=0x000000b2423fdc10 mode 0
Event: 1.503 Thread 0x000001fb8308c7b0 DEOPT PACKING pc=0x000001fb8d688c01 sp=0x000000b2423fe810
Event: 1.503 Thread 0x000001fb8308c7b0 DEOPT UNPACKING pc=0x000001fb8cc16763 sp=0x000000b2423fdd50 mode 0

Classes loaded (20 events):
Event: 0.503 Loading class java/util/concurrent/ForkJoinPool$ManagedBlocker done
Event: 0.503 Loading class java/util/concurrent/Phaser$QNode done
Event: 0.508 Loading class jdk/internal/logger/LoggerFinderLoader
Event: 0.508 Loading class jdk/internal/logger/LoggerFinderLoader done
Event: 0.508 Loading class sun/util/logging/internal/LoggingProviderImpl$JULWrapper
Event: 0.508 Loading class sun/util/logging/internal/LoggingProviderImpl$JULWrapper done
Event: 0.557 Loading class java/util/LinkedHashMap$LinkedKeySet
Event: 0.557 Loading class java/util/LinkedHashMap$LinkedKeySet done
Event: 0.557 Loading class java/util/LinkedHashMap$LinkedKeyIterator
Event: 0.557 Loading class java/util/LinkedHashMap$LinkedKeyIterator done
Event: 0.558 Loading class java/lang/invoke/DirectMethodHandle$Special
Event: 0.559 Loading class java/lang/invoke/DirectMethodHandle$Special done
Event: 0.599 Loading class java/util/Vector$ListItr
Event: 0.599 Loading class java/util/Vector$ListItr done
Event: 0.641 Loading class java/util/regex/Pattern$BnM
Event: 0.641 Loading class java/util/regex/Pattern$BnM done
Event: 1.237 Loading class sun/awt/AppContext$PostShutdownEventRunnable
Event: 1.238 Loading class sun/awt/AppContext$PostShutdownEventRunnable done
Event: 1.238 Loading class sun/awt/AWTAutoShutdown$1
Event: 1.238 Loading class sun/awt/AWTAutoShutdown$1 done

Classes unloaded (0 events):
No events

Classes redefined (0 events):
No events

Internal exceptions (20 events):
Event: 0.504 Thread 0x00000234afc0bda0 Exception <a 'java/lang/InterruptedException'{0x000001fba4992a60}> (0x000001fba4992a60) 
thrown [s\open\src\hotspot\share\runtime\objectMonitor.cpp, line 1661]
Event: 0.504 Thread 0x00000234afc0c740 Exception <a 'java/lang/InterruptedException'{0x000001fba4a36808}> (0x000001fba4a36808) 
thrown [s\open\src\hotspot\share\runtime\objectMonitor.cpp, line 1661]
Event: 0.504 Thread 0x00000234afc0d0e0 Exception <a 'java/lang/InterruptedException'{0x000001fba4ada5b0}> (0x000001fba4ada5b0) 
thrown [s\open\src\hotspot\share\runtime\objectMonitor.cpp, line 1661]
Event: 0.504 Thread 0x00000234afc122b0 Exception <a 'java/lang/InterruptedException'{0x000001fba4b7e358}> (0x000001fba4b7e358) 
thrown [s\open\src\hotspot\share\runtime\objectMonitor.cpp, line 1661]
Event: 0.504 Thread 0x00000234afc0b400 Exception <a 'java/lang/InterruptedException'{0x000001fba4c22100}> (0x000001fba4c22100) 
thrown [s\open\src\hotspot\share\runtime\objectMonitor.cpp, line 1661]
Event: 0.504 Thread 0x00000234afd0e170 Exception <a 'java/lang/InterruptedException'{0x000001fba4cc5ea8}> (0x000001fba4cc5ea8) 
thrown [s\open\src\hotspot\share\runtime\objectMonitor.cpp, line 1661]
Event: 0.504 Thread 0x00000234afd0d300 Exception <a 'java/lang/InterruptedException'{0x000001fba4d69c50}> (0x000001fba4d69c50) 
thrown [s\open\src\hotspot\share\runtime\objectMonitor.cpp, line 1661]
Event: 0.504 Thread 0x00000234afd0c960 Exception <a 'java/lang/InterruptedException'{0x000001fba4e0d9f8}> (0x000001fba4e0d9f8) 
thrown [s\open\src\hotspot\share\runtime\objectMonitor.cpp, line 1661]
Event: 0.504 Thread 0x00000234afd0f980 Exception <a 'java/lang/InterruptedException'{0x000001fba4eb17a0}> (0x000001fba4eb17a0) 
thrown [s\open\src\hotspot\share\runtime\objectMonitor.cpp, line 1661]
Event: 0.505 Thread 0x00000234afd0e640 Exception <a 'java/lang/InterruptedException'{0x000001fba4f55548}> (0x000001fba4f55548) 
thrown [s\open\src\hotspot\share\runtime\objectMonitor.cpp, line 1661]
Event: 0.505 Thread 0x00000234afd0f4b0 Exception <a 'java/lang/InterruptedException'{0x000001fba4ff92f0}> (0x000001fba4ff92f0) 
thrown [s\open\src\hotspot\share\runtime\objectMonitor.cpp, line 1661]
Event: 0.505 Thread 0x00000234afd0efe0 Exception <a 'java/lang/InterruptedException'{0x000001fba509d098}> (0x000001fba509d098) 
thrown [s\open\src\hotspot\share\runtime\objectMonitor.cpp, line 1661]
Event: 0.505 Thread 0x00000234afd0dca0 Exception <a 'java/lang/InterruptedException'{0x000001fba5140e40}> (0x000001fba5140e40) 
thrown [s\open\src\hotspot\share\runtime\objectMonitor.cpp, line 1661]
Event: 0.505 Thread 0x00000234afd10320 Exception <a 'java/lang/InterruptedException'{0x000001fba51e4be8}> (0x000001fba51e4be8) 
thrown [s\open\src\hotspot\share\runtime\objectMonitor.cpp, line 1661]
Event: 0.505 Thread 0x00000234afd0c450 Exception <a 'java/lang/InterruptedException'{0x000001fba5288990}> (0x000001fba5288990) 
thrown [s\open\src\hotspot\share\runtime\objectMonitor.cpp, line 1661]
Event: 0.505 Thread 0x00000234afd0d7d0 Exception <a 'java/lang/InterruptedException'{0x000001fba532c738}> (0x000001fba532c738) 
thrown [s\open\src\hotspot\share\runtime\objectMonitor.cpp, line 1661]
Event: 0.505 Thread 0x00000234afd0bd80 Exception <a 'java/lang/InterruptedException'{0x000001fba53d04e0}> (0x000001fba53d04e0) 
thrown [s\open\src\hotspot\share\runtime\objectMonitor.cpp, line 1661]
Event: 0.591 Thread 0x000001fb8308c7b0 Exception <a 'java/lang/NoSuchMethodError'{0x000001fba41aa178}: 'java.lang.Object java.lang.invoke.DirectMethodHandle$Holder.invokeSpecial(java.lang.Object, java.lang.Object, java.lang.Object, long, java.lang.Object)'> (0x000001fba41aa178) 
thrown [s\open\src\hotspot\share\interpreter\linkResolver.cpp, line 766]
Event: 0.591 Thread 0x000001fb8308c7b0 Exception <a 'java/lang/NoSuchMethodError'{0x000001fba41ae850}: 'java.lang.Object java.lang.invoke.Invokers$Holder.linkToTargetMethod(java.lang.Object, long, java.lang.Object, java.lang.Object)'> (0x000001fba41ae850) 
thrown [s\open\src\hotspot\share\interpreter\linkResolver.cpp, line 766]
Event: 0.593 Thread 0x000001fb8308c7b0 Exception <a 'java/lang/NoSuchMethodError'{0x000001fba41e90a0}: 'java.lang.Object java.lang.invoke.DirectMethodHandle$Holder.invokeSpecial(java.lang.Object, java.lang.Object, java.lang.Object, int, java.lang.Object)'> (0x000001fba41e90a0) 
thrown [s\open\src\hotspot\share\interpreter\linkResolver.cpp, line 766]

VM Operations (20 events):
Event: 0.968 Executing VM operation: G1CollectForAllocation done
Event: 0.990 Executing VM operation: G1CollectForAllocation
Event: 1.012 Executing VM operation: G1CollectForAllocation done
Event: 1.095 Executing VM operation: G1CollectForAllocation
Event: 1.132 Executing VM operation: G1CollectForAllocation done
Event: 1.247 Executing VM operation: G1CollectForAllocation
Event: 1.294 Executing VM operation: G1CollectForAllocation done
Event: 1.419 Executing VM operation: G1CollectForAllocation
Event: 1.471 Executing VM operation: G1CollectForAllocation done
Event: 1.554 Executing VM operation: G1CollectForAllocation
Event: 1.603 Executing VM operation: G1CollectForAllocation done
Event: 1.685 Executing VM operation: G1CollectForAllocation
Event: 1.746 Executing VM operation: G1CollectForAllocation done
Event: 2.298 Executing VM operation: G1CollectForAllocation
Event: 2.482 Executing VM operation: G1CollectForAllocation done
Event: 2.773 Executing VM operation: G1CollectForAllocation
Event: 2.930 Executing VM operation: G1CollectForAllocation done
Event: 3.402 Executing VM operation: G1CollectForAllocation
Event: 3.565 Executing VM operation: G1CollectForAllocation done
Event: 3.856 Executing VM operation: G1CollectForAllocation

Events (20 events):
Event: 0.504 Thread 0x00000234afc0b400 Thread exited: 0x00000234afc0b400
Event: 0.504 Thread 0x00000234afc122b0 Thread exited: 0x00000234afc122b0
Event: 0.504 Thread 0x00000234afd0e170 Thread exited: 0x00000234afd0e170
Event: 0.504 Thread 0x00000234afd0d300 Thread exited: 0x00000234afd0d300
Event: 0.505 Thread 0x00000234afd0c960 Thread exited: 0x00000234afd0c960
Event: 0.505 Thread 0x00000234afd0f980 Thread exited: 0x00000234afd0f980
Event: 0.505 Thread 0x00000234afd0e640 Thread exited: 0x00000234afd0e640
Event: 0.505 Thread 0x00000234afd0f4b0 Thread exited: 0x00000234afd0f4b0
Event: 0.505 Thread 0x00000234afd0efe0 Thread exited: 0x00000234afd0efe0
Event: 0.505 Thread 0x00000234afd0dca0 Thread exited: 0x00000234afd0dca0
Event: 0.505 Thread 0x00000234afd10320 Thread exited: 0x00000234afd10320
Event: 0.505 Thread 0x00000234afd0c450 Thread exited: 0x00000234afd0c450
Event: 0.505 Thread 0x00000234afd0d7d0 Thread exited: 0x00000234afd0d7d0
Event: 0.505 Thread 0x00000234afd0bd80 Thread exited: 0x00000234afd0bd80
Event: 0.647 Thread 0x00000234aff69dd0 Thread added: 0x00000234aff69dd0
Event: 1.177 Thread 0x00000234aff69dd0 Thread exited: 0x00000234aff69dd0
Event: 1.177 Thread 0x00000234afbb55d0 Thread exited: 0x00000234afbb55d0
Event: 1.182 Thread 0x00000234afb94b40 Thread exited: 0x00000234afb94b40
Event: 1.191 Thread 0x00000234afa7b7f0 Thread exited: 0x00000234afa7b7f0
Event: 1.238 Thread 0x00000234af886030 Thread exited: 0x00000234af886030


Dynamic libraries:
0x00007ff679730000 - 0x00007ff679740000 	C:\Program Files\Java\jdk-18.0.1.1\bin\java.exe
0x00007ffff3530000 - 0x00007ffff3728000 	C:\Windows\SYSTEM32\ntdll.dll
0x00007ffff28e0000 - 0x00007ffff29a2000 	C:\Windows\System32\KERNEL32.DLL
0x00007ffff1220000 - 0x00007ffff1516000 	C:\Windows\System32\KERNELBASE.dll
0x00007ffff0c40000 - 0x00007ffff0d40000 	C:\Windows\System32\ucrtbase.dll
0x00007fff649b0000 - 0x00007fff649c8000 	C:\Program Files\Java\jdk-18.0.1.1\bin\jli.dll
0x00007fff649d0000 - 0x00007fff649ea000 	C:\Program Files\Java\jdk-18.0.1.1\bin\VCRUNTIME140.dll
0x00007ffff1c70000 - 0x00007ffff1d21000 	C:\Windows\System32\ADVAPI32.dll
0x00007ffff1e10000 - 0x00007ffff1eae000 	C:\Windows\System32\msvcrt.dll
0x00007ffff1a70000 - 0x00007ffff1b0f000 	C:\Windows\System32\sechost.dll
0x00007ffff1f10000 - 0x00007ffff2030000 	C:\Windows\System32\RPCRT4.dll
0x00007ffff1520000 - 0x00007ffff1547000 	C:\Windows\System32\bcrypt.dll
0x00007ffff3340000 - 0x00007ffff34e1000 	C:\Windows\System32\USER32.dll
0x00007fffe0ed0000 - 0x00007fffe116b000 	C:\Windows\WinSxS\amd64_microsoft.windows.common-controls_6595b64144ccf1df_6.0.19041.6456_none_60b8a6cb71f64256\COMCTL32.dll
0x00007ffff0d40000 - 0x00007ffff0d62000 	C:\Windows\System32\win32u.dll
0x00007ffff29c0000 - 0x00007ffff29eb000 	C:\Windows\System32\GDI32.dll
0x00007ffff0fd0000 - 0x00007ffff10e9000 	C:\Windows\System32\gdi32full.dll
0x00007ffff10f0000 - 0x00007ffff118d000 	C:\Windows\System32\msvcp_win.dll
0x00007fffe9760000 - 0x00007fffe976a000 	C:\Windows\SYSTEM32\VERSION.dll
0x00007ffff28b0000 - 0x00007ffff28df000 	C:\Windows\System32\IMM32.DLL
0x00007fff912d0000 - 0x00007fff912dc000 	C:\Program Files\Java\jdk-18.0.1.1\bin\vcruntime140_1.dll
0x00007fff5cd80000 - 0x00007fff5ce0d000 	C:\Program Files\Java\jdk-18.0.1.1\bin\msvcp140.dll
0x00007fff5ae70000 - 0x00007fff5ba80000 	C:\Program Files\Java\jdk-18.0.1.1\bin\server\jvm.dll
0x00007ffff1d30000 - 0x00007ffff1d38000 	C:\Windows\System32\PSAPI.DLL
0x00007fffe59c0000 - 0x00007fffe59e7000 	C:\Windows\SYSTEM32\WINMM.dll
0x00007fff912a0000 - 0x00007fff912a9000 	C:\Windows\SYSTEM32\WSOCK32.dll
0x00007ffff1d40000 - 0x00007ffff1dab000 	C:\Windows\System32\WS2_32.dll
0x00007fffef600000 - 0x00007fffef612000 	C:\Windows\SYSTEM32\kernel.appcore.dll
0x00007fff910d0000 - 0x00007fff910da000 	C:\Program Files\Java\jdk-18.0.1.1\bin\jimage.dll
0x00007fffee730000 - 0x00007fffee931000 	C:\Windows\SYSTEM32\DBGHELP.DLL
0x00007fffd50c0000 - 0x00007fffd50f4000 	C:\Windows\SYSTEM32\dbgcore.DLL
0x00007ffff1190000 - 0x00007ffff1212000 	C:\Windows\System32\bcryptPrimitives.dll
0x00007fff64980000 - 0x00007fff649a5000 	C:\Program Files\Java\jdk-18.0.1.1\bin\java.dll
0x00007fff5cca0000 - 0x00007fff5cd76000 	C:\Program Files\Java\jdk-18.0.1.1\bin\jsvml.dll
0x00007ffff2030000 - 0x00007ffff27a0000 	C:\Windows\System32\SHELL32.dll
0x00007fffee940000 - 0x00007fffef0e5000 	C:\Windows\SYSTEM32\windows.storage.dll
0x00007ffff2c20000 - 0x00007ffff2f74000 	C:\Windows\System32\combase.dll
0x00007ffff0430000 - 0x00007ffff045b000 	C:\Windows\SYSTEM32\Wldp.dll
0x00007ffff1ba0000 - 0x00007ffff1c6d000 	C:\Windows\System32\OLEAUT32.dll
0x00007ffff2800000 - 0x00007ffff28ad000 	C:\Windows\System32\SHCORE.dll
0x00007ffff1db0000 - 0x00007ffff1e0b000 	C:\Windows\System32\shlwapi.dll
0x00007ffff0af0000 - 0x00007ffff0b14000 	C:\Windows\SYSTEM32\profapi.dll
0x00007fff94c80000 - 0x00007fff94c93000 	C:\Program Files\Java\jdk-18.0.1.1\bin\net.dll
0x00007fffead90000 - 0x00007fffeae9a000 	C:\Windows\SYSTEM32\WINHTTP.dll
0x00007ffff0210000 - 0x00007ffff027a000 	C:\Windows\system32\mswsock.dll
0x00007fff94c60000 - 0x00007fff94c76000 	C:\Program Files\Java\jdk-18.0.1.1\bin\nio.dll
0x00007fff94c40000 - 0x00007fff94c58000 	C:\Program Files\Java\jdk-18.0.1.1\bin\zip.dll
0x00007fffebee0000 - 0x00007fffebee9000 	C:\Program Files\Java\jdk-18.0.1.1\bin\management.dll
0x00007fffebed0000 - 0x00007fffebedb000 	C:\Program Files\Java\jdk-18.0.1.1\bin\management_ext.dll
0x00007fffe0d40000 - 0x00007fffe0ecf000 	C:\Program Files\Java\jdk-18.0.1.1\bin\awt.dll
0x00007fffec4b0000 - 0x00007fffec544000 	C:\Windows\SYSTEM32\apphelp.dll
0x00007fffed670000 - 0x00007fffed70e000 	C:\Windows\system32\uxtheme.dll
0x00007ffff3140000 - 0x00007ffff3255000 	C:\Windows\System32\MSCTF.dll
0x00007ffff2a10000 - 0x00007ffff2b3b000 	C:\Windows\System32\ole32.dll
0x00007fffedaf0000 - 0x00007fffedb1e000 	C:\Windows\system32\DWMAPI.DLL
0x00007fffebea0000 - 0x00007fffebeb0000 	C:\Program Files\Java\jdk-18.0.1.1\bin\verify.dll

dbghelp: loaded successfully - version: 4.0.5 - missing functions: none
symbol engine: initialized successfully - sym options: 0x614 - pdb path: .;C:\Program Files\Java\jdk-18.0.1.1\bin;C:\Windows\SYSTEM32;C:\Windows\WinSxS\amd64_microsoft.windows.common-controls_6595b64144ccf1df_6.0.19041.6456_none_60b8a6cb71f64256;C:\Program Files\Java\jdk-18.0.1.1\bin\server

VM Arguments:
jvm_args: -Dmtsa.evaluation.enabled=true -Dotfduc.nondet.belief.repair=true -Xmx220G 
java_command: ltsa.updatingControllers.cli.SingleCompositionRunner --lts Experiment\20260617\models\Surveillance_FG.lts --target UpdCont_FG --output Experiment\20260617\result\Surveillance\Traditional\traditional_traditional_output.txt --transitions Experiment\20260617\result\Surveillance\Traditional\traditional_traditional_transitions_UpdCont_FG.txt
java_class_path (initial): mtsa-OTF-minimum.jar
Launcher Type: SUN_STANDARD

[Global flags]
     intx CICompilerCount                          = 12                                        {product} {ergonomic}
     uint ConcGCThreads                            = 5                                         {product} {ergonomic}
     uint G1ConcRefinementThreads                  = 18                                        {product} {ergonomic}
   size_t G1HeapRegionSize                         = 33554432                                  {product} {ergonomic}
    uintx GCDrainStackTargetSize                   = 64                                        {product} {ergonomic}
   size_t InitialHeapSize                          = 2147483648                                {product} {ergonomic}
   size_t MarkStackSize                            = 4194304                                   {product} {ergonomic}
   size_t MaxHeapSize                              = 236223201280                              {product} {command line}
   size_t MaxNewSize                               = 141733920768                              {product} {ergonomic}
   size_t MinHeapDeltaBytes                        = 33554432                                  {product} {ergonomic}
   size_t MinHeapSize                              = 33554432                                  {product} {ergonomic}
    uintx NonNMethodCodeHeapSize                   = 7602480                                {pd product} {ergonomic}
    uintx NonProfiledCodeHeapSize                  = 122027880                              {pd product} {ergonomic}
    uintx ProfiledCodeHeapSize                     = 122027880                              {pd product} {ergonomic}
    uintx ReservedCodeCacheSize                    = 251658240                              {pd product} {ergonomic}
     bool SegmentedCodeCache                       = true                                      {product} {ergonomic}
   size_t SoftMaxHeapSize                          = 236223201280                           {manageable} {ergonomic}
     bool UseCompressedClassPointers               = true                           {product lp64_product} {ergonomic}
     bool UseG1GC                                  = true                                      {product} {ergonomic}
     bool UseLargePagesIndividualAllocation        = false                                  {pd product} {ergonomic}

Logging:
Log output configuration:
 #0: stdout all=warning uptime,level,tags foldmultilines=false
 #1: stderr all=off uptime,level,tags foldmultilines=false

Environment Variables:
PATH=C:\Program Files\Oculus\Support\oculus-runtime;C:\Program Files\NVIDIA GPU Computing Toolkit\CUDA\v10.2\bin;C:\Program Files\NVIDIA GPU Computing Toolkit\CUDA\v10.2\libnvvp;C:\Program Files\Common Files\Oracle\Java\javapath;C:\Program Files (x86)\Intel\iCLS Client\;C:\Program Files\Intel\iCLS Client\;C:\Windows\system32;C:\Windows;C:\Windows\System32\Wbem;C:\Windows\System32\WindowsPowerShell\v1.0\;C:\Windows\System32\OpenSSH\;C:\Program Files (x86)\Intel\Intel(R) Management Engine Components\DAL;C:\Program Files\Intel\Intel(R) Management Engine Components\DAL;C:\Program Files (x86)\Intel\Intel(R) Management Engine Components\IPT;C:\Program Files\Intel\Intel(R) Management Engine Components\IPT;C:\Program Files (x86)\NVIDIA Corporation\PhysX\Common;C:\Program Files\Git\cmd;C:\Program Files (x86)\Eclipse\Sumo\bin\;C:\Program Files (x86)\Eclipse\Sumo\tools\;C:\Program Files\NVIDIA Corporation\Nsight Compute 2019.5.0\;C:\Program Files\Vagrant\bin;C:\Program Files\Docker\Docker\resources\bin;C:\Program Files\nodejs\;C:\Users\admin\.pyenv\pyenv-win\bin;C:\Users\admin\.pyenv\pyenv-win\shims;C:\Users\admin\AppData\Local\Microsoft\WindowsApps;C:\Users\admin\AppData\Local\Microsoft\WindowsApps;C:\Users\admin\AppData\Local\Programs\Microsoft VS Code\bin;C:\Program Files\Java\jdk-18.0.1.1\bin;C:\Tools\;C:\Users\admin\AppData\Roaming\npm
USERNAME=admin
OS=Windows_NT
PROCESSOR_IDENTIFIER=Intel64 Family 6 Model 85 Stepping 7, GenuineIntel



---------------  S Y S T E M  ---------------

OS:
 Windows 10 , 64 bit Build 19041 (10.0.19041.5915)
OS uptime: 0 days 2:04 hours
Hyper-V role detected

CPU: total 24 (initial active 24) (12 cores per cpu, 2 threads per core) family 6 model 85 stepping 7 microcode 0x5003003, cx8, cmov, fxsr, ht, mmx, 3dnowpref, sse, sse2, sse3, ssse3, sse4.1, sse4.2, popcnt, lzcnt, tsc, tscinvbit, avx, avx2, aes, erms, clmul, bmi1, bmi2, adx, avx512f, avx512dq, avx512cd, avx512bw, avx512vl, fma, vzeroupper, avx512_vnni, clflush, clflushopt, clwb, hv

Memory: 4k page, system-wide physical 261820M (81711M free)
TotalPageFile size 261820M (AvailPageFile size 4636M)
current process WorkingSet (physical memory assigned to process): 2307M, peak: 2307M
current process commit charge ("private bytes"): 10615M, peak: 30775M

vm_info: Java HotSpot(TM) 64-Bit Server VM (18.0.1.1+2-6) for windows-amd64 JRE (18.0.1.1+2-6), built on Apr 25 2022 21:53:15 by "mach5one" with MS VC++ 16.8 / 16.9 (VS2019)

END.
